[0.207s] Invoking command in '/home/marco/projects/ros/rso2_ws/build/my_robot_description': CMAKE_PREFIX_PATH=${CMAKE_PREFIX_PATH}:/home/marco/projects/ros/rso2_ws/install/my_robot_controller:/opt/ros/humble /usr/bin/cmake /home/marco/projects/ros/rso2_ws/src/my_robot_description -DAMENT_CMAKE_SYMLINK_INSTALL=1 -DCMAKE_INSTALL_PREFIX=/home/marco/projects/ros/rso2_ws/install/my_robot_description
[0.238s] -- Found ament_cmake: 1.3.11 (/opt/ros/humble/share/ament_cmake/cmake)
[0.343s] -- Override CMake install command with custom implementation using symlinks instead of copying resources
[0.408s] -- Configuring done
[0.417s] -- Generating done
[0.417s] -- Build files have been written to: /home/marco/projects/ros/rso2_ws/build/my_robot_description
[0.430s] Invoked command in '/home/marco/projects/ros/rso2_ws/build/my_robot_description' returned '0': CMAKE_PREFIX_PATH=${CMAKE_PREFIX_PATH}:/home/marco/projects/ros/rso2_ws/install/my_robot_controller:/opt/ros/humble /usr/bin/cmake /home/marco/projects/ros/rso2_ws/src/my_robot_description -DAMENT_CMAKE_SYMLINK_INSTALL=1 -DCMAKE_INSTALL_PREFIX=/home/marco/projects/ros/rso2_ws/install/my_robot_description
[0.431s] Invoking command in '/home/marco/projects/ros/rso2_ws/build/my_robot_description': CMAKE_PREFIX_PATH=${CMAKE_PREFIX_PATH}:/home/marco/projects/ros/rso2_ws/install/my_robot_controller:/opt/ros/humble /usr/bin/cmake --build /home/marco/projects/ros/rso2_ws/build/my_robot_description -- -j4 -l4
[0.461s] Invoked command in '/home/marco/projects/ros/rso2_ws/build/my_robot_description' returned '0': CMAKE_PREFIX_PATH=${CMAKE_PREFIX_PATH}:/home/marco/projects/ros/rso2_ws/install/my_robot_controller:/opt/ros/humble /usr/bin/cmake --build /home/marco/projects/ros/rso2_ws/build/my_robot_description -- -j4 -l4
[0.462s] Invoking command in '/home/marco/projects/ros/rso2_ws/build/my_robot_description': CMAKE_PREFIX_PATH=${CMAKE_PREFIX_PATH}:/home/marco/projects/ros/rso2_ws/install/my_robot_controller:/opt/ros/humble /usr/bin/cmake --install /home/marco/projects/ros/rso2_ws/build/my_robot_description
[0.467s] -- Install configuration: ""
[0.469s] -- Execute custom install script
[0.469s] -- Up-to-date symlink: /home/marco/projects/ros/rso2_ws/install/my_robot_description/share/my_robot_description//urdf/common_properties.xacro
[0.469s] -- Up-to-date symlink: /home/marco/projects/ros/rso2_ws/install/my_robot_description/share/my_robot_description//urdf/drone.urdf.xacro
[0.469s] -- Up-to-date symlink: /home/marco/projects/ros/rso2_ws/install/my_robot_description/share/my_robot_description//urdf/mobile_base.xacro
[0.470s] -- Up-to-date symlink: /home/marco/projects/ros/rso2_ws/install/my_robot_description/share/my_robot_description//urdf/my_robot.urdf.xacro
[0.470s] -- Up-to-date symlink: /home/marco/projects/ros/rso2_ws/install/my_robot_description/share/my_robot_description//launch/.vscode/c_cpp_properties.json
[0.471s] -- Up-to-date symlink: /home/marco/projects/ros/rso2_ws/install/my_robot_description/share/my_robot_description//launch/.vscode/settings.json
[0.471s] -- Up-to-date symlink: /home/marco/projects/ros/rso2_ws/install/my_robot_description/share/my_robot_description//launch/display.launch.py
[0.471s] -- Up-to-date symlink: /home/marco/projects/ros/rso2_ws/install/my_robot_description/share/my_robot_description//launch/display.launch.xml
[0.471s] -- Up-to-date symlink: /home/marco/projects/ros/rso2_ws/install/my_robot_description/share/my_robot_description//rviz/urdf_config.rviz
[0.471s] -- Up-to-date symlink: /home/marco/projects/ros/rso2_ws/install/my_robot_description/share/ament_index/resource_index/package_run_dependencies/my_robot_description
[0.471s] -- Up-to-date symlink: /home/marco/projects/ros/rso2_ws/install/my_robot_description/share/ament_index/resource_index/parent_prefix_path/my_robot_description
[0.471s] -- Up-to-date symlink: /home/marco/projects/ros/rso2_ws/install/my_robot_description/share/my_robot_description/environment/ament_prefix_path.sh
[0.471s] -- Up-to-date symlink: /home/marco/projects/ros/rso2_ws/install/my_robot_description/share/my_robot_description/environment/ament_prefix_path.dsv
[0.471s] -- Up-to-date symlink: /home/marco/projects/ros/rso2_ws/install/my_robot_description/share/my_robot_description/environment/path.sh
[0.471s] -- Up-to-date symlink: /home/marco/projects/ros/rso2_ws/install/my_robot_description/share/my_robot_description/environment/path.dsv
[0.471s] -- Up-to-date symlink: /home/marco/projects/ros/rso2_ws/install/my_robot_description/share/my_robot_description/local_setup.bash
[0.471s] -- Up-to-date symlink: /home/marco/projects/ros/rso2_ws/install/my_robot_description/share/my_robot_description/local_setup.sh
[0.471s] -- Up-to-date symlink: /home/marco/projects/ros/rso2_ws/install/my_robot_description/share/my_robot_description/local_setup.zsh
[0.471s] -- Up-to-date symlink: /home/marco/projects/ros/rso2_ws/install/my_robot_description/share/my_robot_description/local_setup.dsv
[0.471s] -- Symlinking: /home/marco/projects/ros/rso2_ws/install/my_robot_description/share/my_robot_description/package.dsv
[0.481s] -- Up-to-date symlink: /home/marco/projects/ros/rso2_ws/install/my_robot_description/share/ament_index/resource_index/packages/my_robot_description
[0.481s] -- Up-to-date symlink: /home/marco/projects/ros/rso2_ws/install/my_robot_description/share/my_robot_description/cmake/my_robot_descriptionConfig.cmake
[0.481s] -- Up-to-date symlink: /home/marco/projects/ros/rso2_ws/install/my_robot_description/share/my_robot_description/cmake/my_robot_descriptionConfig-version.cmake
[0.481s] -- Up-to-date symlink: /home/marco/projects/ros/rso2_ws/install/my_robot_description/share/my_robot_description/package.xml
[0.483s] Invoked command in '/home/marco/projects/ros/rso2_ws/build/my_robot_description' returned '0': CMAKE_PREFIX_PATH=${CMAKE_PREFIX_PATH}:/home/marco/projects/ros/rso2_ws/install/my_robot_controller:/opt/ros/humble /usr/bin/cmake --install /home/marco/projects/ros/rso2_ws/build/my_robot_description
