[0.012s] Invoking command in '/home/marco/projects/ros/catkin_ws/src/build/examples_rclcpp_async_client': CMAKE_PREFIX_PATH=/opt/ros/humble /usr/bin/cmake /home/marco/projects/ros/catkin_ws/src/src/examples/rclcpp/services/async_client -DAMENT_CMAKE_SYMLINK_INSTALL=1 -DCMAKE_INSTALL_PREFIX=/home/marco/projects/ros/catkin_ws/src/install/examples_rclcpp_async_client
[0.115s] -- The C compiler identification is GNU 11.4.0
[0.199s] -- The CXX compiler identification is GNU 11.4.0
[0.208s] -- Detecting C compiler ABI info
[0.284s] -- Detecting C compiler ABI info - done
[0.294s] -- Check for working C compiler: /usr/bin/cc - skipped
[0.294s] -- Detecting C compile features
[0.295s] -- Detecting C compile features - done
[0.301s] -- Detecting CXX compiler ABI info
[0.388s] -- Detecting CXX compiler ABI info - done
[0.397s] -- Check for working CXX compiler: /usr/bin/c++ - skipped
[0.397s] -- Detecting CXX compile features
[0.397s] -- Detecting CXX compile features - done
[0.417s] -- Found ament_cmake: 1.3.11 (/opt/ros/humble/share/ament_cmake/cmake)
[0.605s] -- Found Python3: /usr/bin/python3 (found version "3.10.12") found components: Interpreter 
[0.677s] -- Override CMake install command with custom implementation using symlinks instead of copying resources
[0.704s] -- Found example_interfaces: 0.9.3 (/opt/ros/humble/share/example_interfaces/cmake)
[0.749s] -- Found rosidl_generator_c: 3.1.6 (/opt/ros/humble/share/rosidl_generator_c/cmake)
[0.755s] -- Found rosidl_adapter: 3.1.6 (/opt/ros/humble/share/rosidl_adapter/cmake)
[0.766s] -- Found rosidl_generator_cpp: 3.1.6 (/opt/ros/humble/share/rosidl_generator_cpp/cmake)
[0.784s] -- Using all available rosidl_typesupport_c: rosidl_typesupport_fastrtps_c;rosidl_typesupport_introspection_c
[0.805s] -- Using all available rosidl_typesupport_cpp: rosidl_typesupport_fastrtps_cpp;rosidl_typesupport_introspection_cpp
[0.873s] -- Found rclcpp: 16.0.11 (/opt/ros/humble/share/rclcpp/cmake)
[0.911s] -- Found rmw_implementation_cmake: 6.1.2 (/opt/ros/humble/share/rmw_implementation_cmake/cmake)
[0.913s] -- Found rmw_fastrtps_cpp: 6.2.7 (/opt/ros/humble/share/rmw_fastrtps_cpp/cmake)
[0.997s] -- Found OpenSSL: /usr/lib/x86_64-linux-gnu/libcrypto.so (found version "3.0.2")  
[1.026s] -- Found FastRTPS: /opt/ros/humble/include  
[1.068s] -- Using RMW implementation 'rmw_fastrtps_cpp' as default
[1.076s] -- Looking for pthread.h
[1.160s] -- Looking for pthread.h - found
[1.160s] -- Performing Test CMAKE_HAVE_LIBC_PTHREAD
[1.236s] -- Performing Test CMAKE_HAVE_LIBC_PTHREAD - Success
[1.236s] -- Found Threads: TRUE  
[1.296s] -- Found ament_lint_auto: 0.12.11 (/opt/ros/humble/share/ament_lint_auto/cmake)
[1.395s] -- Added test 'copyright' to check source files copyright and LICENSE
[1.396s] -- Added test 'cppcheck' to perform static code analysis on C / C++ code
[1.396s] -- Configured cppcheck include dirs: 
[1.396s] -- Configured cppcheck exclude dirs and/or files: 
[1.401s] -- Added test 'cpplint' to check C / C++ code against the Google style
[1.401s] -- Configured cpplint exclude dirs and/or files: 
[1.402s] -- Added test 'lint_cmake' to check CMake code style
[1.403s] -- Added test 'uncrustify' to check C / C++ code style
[1.403s] -- Configured uncrustify additional arguments: 
[1.404s] -- Added test 'xmllint' to check XML markup files
[1.405s] -- Configuring done
[1.432s] -- Generating done
[1.444s] -- Build files have been written to: /home/marco/projects/ros/catkin_ws/src/build/examples_rclcpp_async_client
[1.463s] Invoked command in '/home/marco/projects/ros/catkin_ws/src/build/examples_rclcpp_async_client' returned '0': CMAKE_PREFIX_PATH=/opt/ros/humble /usr/bin/cmake /home/marco/projects/ros/catkin_ws/src/src/examples/rclcpp/services/async_client -DAMENT_CMAKE_SYMLINK_INSTALL=1 -DCMAKE_INSTALL_PREFIX=/home/marco/projects/ros/catkin_ws/src/install/examples_rclcpp_async_client
[1.463s] Invoking command in '/home/marco/projects/ros/catkin_ws/src/build/examples_rclcpp_async_client': CMAKE_PREFIX_PATH=/opt/ros/humble /usr/bin/cmake --build /home/marco/projects/ros/catkin_ws/src/build/examples_rclcpp_async_client -- -j4 -l4
[1.554s] [ 50%] [32mBuilding CXX object CMakeFiles/client_main.dir/main.cpp.o[0m
[16.644s] [100%] [32m[1mLinking CXX executable client_main[0m
[17.074s] [100%] Built target client_main
[17.095s] Invoked command in '/home/marco/projects/ros/catkin_ws/src/build/examples_rclcpp_async_client' returned '0': CMAKE_PREFIX_PATH=/opt/ros/humble /usr/bin/cmake --build /home/marco/projects/ros/catkin_ws/src/build/examples_rclcpp_async_client -- -j4 -l4
[17.096s] Invoking command in '/home/marco/projects/ros/catkin_ws/src/build/examples_rclcpp_async_client': CMAKE_PREFIX_PATH=/opt/ros/humble /usr/bin/cmake --install /home/marco/projects/ros/catkin_ws/src/build/examples_rclcpp_async_client
[17.105s] -- Install configuration: ""
[17.106s] -- Execute custom install script
[17.106s] -- Symlinking: /home/marco/projects/ros/catkin_ws/src/install/examples_rclcpp_async_client/lib/examples_rclcpp_async_client/client_main
[17.122s] -- Symlinking: /home/marco/projects/ros/catkin_ws/src/install/examples_rclcpp_async_client/share/ament_index/resource_index/package_run_dependencies/examples_rclcpp_async_client
[17.141s] -- Symlinking: /home/marco/projects/ros/catkin_ws/src/install/examples_rclcpp_async_client/share/ament_index/resource_index/parent_prefix_path/examples_rclcpp_async_client
[17.152s] -- Symlinking: /home/marco/projects/ros/catkin_ws/src/install/examples_rclcpp_async_client/share/examples_rclcpp_async_client/environment/ament_prefix_path.sh
[17.177s] -- Symlinking: /home/marco/projects/ros/catkin_ws/src/install/examples_rclcpp_async_client/share/examples_rclcpp_async_client/environment/ament_prefix_path.dsv
[17.194s] -- Symlinking: /home/marco/projects/ros/catkin_ws/src/install/examples_rclcpp_async_client/share/examples_rclcpp_async_client/environment/path.sh
[17.211s] -- Symlinking: /home/marco/projects/ros/catkin_ws/src/install/examples_rclcpp_async_client/share/examples_rclcpp_async_client/environment/path.dsv
[17.230s] -- Symlinking: /home/marco/projects/ros/catkin_ws/src/install/examples_rclcpp_async_client/share/examples_rclcpp_async_client/local_setup.bash
[17.247s] -- Symlinking: /home/marco/projects/ros/catkin_ws/src/install/examples_rclcpp_async_client/share/examples_rclcpp_async_client/local_setup.sh
[17.256s] -- Symlinking: /home/marco/projects/ros/catkin_ws/src/install/examples_rclcpp_async_client/share/examples_rclcpp_async_client/local_setup.zsh
[17.276s] -- Symlinking: /home/marco/projects/ros/catkin_ws/src/install/examples_rclcpp_async_client/share/examples_rclcpp_async_client/local_setup.dsv
[17.297s] -- Symlinking: /home/marco/projects/ros/catkin_ws/src/install/examples_rclcpp_async_client/share/examples_rclcpp_async_client/package.dsv
[17.315s] -- Symlinking: /home/marco/projects/ros/catkin_ws/src/install/examples_rclcpp_async_client/share/ament_index/resource_index/packages/examples_rclcpp_async_client
[17.337s] -- Symlinking: /home/marco/projects/ros/catkin_ws/src/install/examples_rclcpp_async_client/share/examples_rclcpp_async_client/cmake/examples_rclcpp_async_clientConfig.cmake
[17.362s] -- Symlinking: /home/marco/projects/ros/catkin_ws/src/install/examples_rclcpp_async_client/share/examples_rclcpp_async_client/cmake/examples_rclcpp_async_clientConfig-version.cmake
[17.375s] -- Symlinking: /home/marco/projects/ros/catkin_ws/src/install/examples_rclcpp_async_client/share/examples_rclcpp_async_client/package.xml
[17.417s] Invoked command in '/home/marco/projects/ros/catkin_ws/src/build/examples_rclcpp_async_client' returned '0': CMAKE_PREFIX_PATH=/opt/ros/humble /usr/bin/cmake --install /home/marco/projects/ros/catkin_ws/src/build/examples_rclcpp_async_client
