[0.013s] Invoking command in '/home/marco/projects/ros/rso2_ws/build/my_robot_bringup': CMAKE_PREFIX_PATH=${CMAKE_PREFIX_PATH}:/opt/ros/humble /usr/bin/cmake /home/marco/projects/ros/rso2_ws/src/my_robot_bringup -DCMAKE_INSTALL_PREFIX=/home/marco/projects/ros/rso2_ws/install/my_robot_bringup
[0.214s] -- The C compiler identification is GNU 11.4.0
[0.215s] -- The CXX compiler identification is GNU 11.4.0
[0.215s] -- Detecting C compiler ABI info
[0.215s] -- Detecting C compiler ABI info - done
[0.215s] -- Check for working C compiler: /usr/bin/cc - skipped
[0.215s] -- Detecting C compile features
[0.215s] -- Detecting C compile features - done
[0.215s] -- Detecting CXX compiler ABI info
[0.215s] -- Detecting CXX compiler ABI info - done
[0.215s] -- Check for working CXX compiler: /usr/bin/c++ - skipped
[0.215s] -- Detecting CXX compile features
[0.215s] -- Detecting CXX compile features - done
[0.215s] -- Found ament_cmake: 1.3.11 (/opt/ros/humble/share/ament_cmake/cmake)
[0.336s] -- Found Python3: /usr/bin/python3 (found version "3.10.12") found components: Interpreter 
[0.456s] -- Configuring done
[0.459s] -- Generating done
[0.464s] -- Build files have been written to: /home/marco/projects/ros/rso2_ws/build/my_robot_bringup
[0.466s] Invoked command in '/home/marco/projects/ros/rso2_ws/build/my_robot_bringup' returned '0': CMAKE_PREFIX_PATH=${CMAKE_PREFIX_PATH}:/opt/ros/humble /usr/bin/cmake /home/marco/projects/ros/rso2_ws/src/my_robot_bringup -DCMAKE_INSTALL_PREFIX=/home/marco/projects/ros/rso2_ws/install/my_robot_bringup
[0.468s] Invoking command in '/home/marco/projects/ros/rso2_ws/build/my_robot_bringup': CMAKE_PREFIX_PATH=${CMAKE_PREFIX_PATH}:/opt/ros/humble /usr/bin/cmake --build /home/marco/projects/ros/rso2_ws/build/my_robot_bringup -- -j4 -l4
[0.498s] Invoked command in '/home/marco/projects/ros/rso2_ws/build/my_robot_bringup' returned '0': CMAKE_PREFIX_PATH=${CMAKE_PREFIX_PATH}:/opt/ros/humble /usr/bin/cmake --build /home/marco/projects/ros/rso2_ws/build/my_robot_bringup -- -j4 -l4
[0.500s] Invoking command in '/home/marco/projects/ros/rso2_ws/build/my_robot_bringup': CMAKE_PREFIX_PATH=${CMAKE_PREFIX_PATH}:/opt/ros/humble /usr/bin/cmake --install /home/marco/projects/ros/rso2_ws/build/my_robot_bringup
[0.504s] -- Install configuration: ""
[0.505s] -- Installing: /home/marco/projects/ros/rso2_ws/install/my_robot_bringup/share/my_robot_bringup//launch
[0.505s] -- Installing: /home/marco/projects/ros/rso2_ws/install/my_robot_bringup/share/my_robot_bringup//launch/my_robot_gazebo.launch.xml
[0.505s] -- Installing: /home/marco/projects/ros/rso2_ws/install/my_robot_bringup/share/ament_index/resource_index/package_run_dependencies/my_robot_bringup
[0.505s] -- Installing: /home/marco/projects/ros/rso2_ws/install/my_robot_bringup/share/ament_index/resource_index/parent_prefix_path/my_robot_bringup
[0.505s] -- Installing: /home/marco/projects/ros/rso2_ws/install/my_robot_bringup/share/my_robot_bringup/environment/ament_prefix_path.sh
[0.505s] -- Installing: /home/marco/projects/ros/rso2_ws/install/my_robot_bringup/share/my_robot_bringup/environment/ament_prefix_path.dsv
[0.505s] -- Installing: /home/marco/projects/ros/rso2_ws/install/my_robot_bringup/share/my_robot_bringup/environment/path.sh
[0.505s] -- Installing: /home/marco/projects/ros/rso2_ws/install/my_robot_bringup/share/my_robot_bringup/environment/path.dsv
[0.506s] -- Installing: /home/marco/projects/ros/rso2_ws/install/my_robot_bringup/share/my_robot_bringup/local_setup.bash
[0.506s] -- Installing: /home/marco/projects/ros/rso2_ws/install/my_robot_bringup/share/my_robot_bringup/local_setup.sh
[0.506s] -- Installing: /home/marco/projects/ros/rso2_ws/install/my_robot_bringup/share/my_robot_bringup/local_setup.zsh
[0.506s] -- Installing: /home/marco/projects/ros/rso2_ws/install/my_robot_bringup/share/my_robot_bringup/local_setup.dsv
[0.506s] -- Installing: /home/marco/projects/ros/rso2_ws/install/my_robot_bringup/share/my_robot_bringup/package.dsv
[0.506s] -- Installing: /home/marco/projects/ros/rso2_ws/install/my_robot_bringup/share/ament_index/resource_index/packages/my_robot_bringup
[0.506s] -- Installing: /home/marco/projects/ros/rso2_ws/install/my_robot_bringup/share/my_robot_bringup/cmake/my_robot_bringupConfig.cmake
[0.506s] -- Installing: /home/marco/projects/ros/rso2_ws/install/my_robot_bringup/share/my_robot_bringup/cmake/my_robot_bringupConfig-version.cmake
[0.506s] -- Installing: /home/marco/projects/ros/rso2_ws/install/my_robot_bringup/share/my_robot_bringup/package.xml
[0.508s] Invoked command in '/home/marco/projects/ros/rso2_ws/build/my_robot_bringup' returned '0': CMAKE_PREFIX_PATH=${CMAKE_PREFIX_PATH}:/opt/ros/humble /usr/bin/cmake --install /home/marco/projects/ros/rso2_ws/build/my_robot_bringup
