[0.015s] Invoking command in '/home/marco/projects/ros/catkin_ws/src/build/examples_rclcpp_minimal_service': CMAKE_PREFIX_PATH=/opt/ros/humble /usr/bin/cmake /home/marco/projects/ros/catkin_ws/src/src/examples/rclcpp/services/minimal_service -DAMENT_CMAKE_SYMLINK_INSTALL=1 -DCMAKE_INSTALL_PREFIX=/home/marco/projects/ros/catkin_ws/src/install/examples_rclcpp_minimal_service
[0.139s] -- The C compiler identification is GNU 11.4.0
[0.418s] -- The CXX compiler identification is GNU 11.4.0
[0.459s] -- Detecting C compiler ABI info
[0.654s] -- Detecting C compiler ABI info - done
[0.687s] -- Check for working C compiler: /usr/bin/cc - skipped
[0.687s] -- Detecting C compile features
[0.689s] -- Detecting C compile features - done
[0.695s] -- Detecting CXX compiler ABI info
[0.935s] -- Detecting CXX compiler ABI info - done
[0.955s] -- Check for working CXX compiler: /usr/bin/c++ - skipped
[0.956s] -- Detecting CXX compile features
[0.958s] -- Detecting CXX compile features - done
[0.970s] -- Found ament_cmake: 1.3.11 (/opt/ros/humble/share/ament_cmake/cmake)
[1.258s] -- Found Python3: /usr/bin/python3 (found version "3.10.12") found components: Interpreter 
[1.476s] -- Override CMake install command with custom implementation using symlinks instead of copying resources
[1.517s] -- Found example_interfaces: 0.9.3 (/opt/ros/humble/share/example_interfaces/cmake)
[1.554s] -- Found rosidl_generator_c: 3.1.6 (/opt/ros/humble/share/rosidl_generator_c/cmake)
[1.561s] -- Found rosidl_adapter: 3.1.6 (/opt/ros/humble/share/rosidl_adapter/cmake)
[1.569s] -- Found rosidl_generator_cpp: 3.1.6 (/opt/ros/humble/share/rosidl_generator_cpp/cmake)
[1.581s] -- Using all available rosidl_typesupport_c: rosidl_typesupport_fastrtps_c;rosidl_typesupport_introspection_c
[1.599s] -- Using all available rosidl_typesupport_cpp: rosidl_typesupport_fastrtps_cpp;rosidl_typesupport_introspection_cpp
[1.662s] -- Found rclcpp: 16.0.11 (/opt/ros/humble/share/rclcpp/cmake)
[1.701s] -- Found rmw_implementation_cmake: 6.1.2 (/opt/ros/humble/share/rmw_implementation_cmake/cmake)
[1.702s] -- Found rmw_fastrtps_cpp: 6.2.7 (/opt/ros/humble/share/rmw_fastrtps_cpp/cmake)
[1.796s] -- Found OpenSSL: /usr/lib/x86_64-linux-gnu/libcrypto.so (found version "3.0.2")  
[1.837s] -- Found FastRTPS: /opt/ros/humble/include  
[1.938s] -- Using RMW implementation 'rmw_fastrtps_cpp' as default
[1.959s] -- Looking for pthread.h
[2.172s] -- Looking for pthread.h - found
[2.173s] -- Performing Test CMAKE_HAVE_LIBC_PTHREAD
[2.269s] -- Performing Test CMAKE_HAVE_LIBC_PTHREAD - Success
[2.270s] -- Found Threads: TRUE  
[2.330s] -- Found ament_lint_auto: 0.12.11 (/opt/ros/humble/share/ament_lint_auto/cmake)
[2.423s] -- Added test 'copyright' to check source files copyright and LICENSE
[2.424s] -- Added test 'cppcheck' to perform static code analysis on C / C++ code
[2.424s] -- Configured cppcheck include dirs: 
[2.424s] -- Configured cppcheck exclude dirs and/or files: 
[2.425s] -- Added test 'cpplint' to check C / C++ code against the Google style
[2.425s] -- Configured cpplint exclude dirs and/or files: 
[2.427s] -- Added test 'lint_cmake' to check CMake code style
[2.433s] -- Added test 'uncrustify' to check C / C++ code style
[2.433s] -- Configured uncrustify additional arguments: 
[2.434s] -- Added test 'xmllint' to check XML markup files
[2.434s] -- Configuring done
[2.453s] -- Generating done
[2.457s] -- Build files have been written to: /home/marco/projects/ros/catkin_ws/src/build/examples_rclcpp_minimal_service
[2.473s] Invoked command in '/home/marco/projects/ros/catkin_ws/src/build/examples_rclcpp_minimal_service' returned '0': CMAKE_PREFIX_PATH=/opt/ros/humble /usr/bin/cmake /home/marco/projects/ros/catkin_ws/src/src/examples/rclcpp/services/minimal_service -DAMENT_CMAKE_SYMLINK_INSTALL=1 -DCMAKE_INSTALL_PREFIX=/home/marco/projects/ros/catkin_ws/src/install/examples_rclcpp_minimal_service
[2.474s] Invoking command in '/home/marco/projects/ros/catkin_ws/src/build/examples_rclcpp_minimal_service': CMAKE_PREFIX_PATH=/opt/ros/humble /usr/bin/cmake --build /home/marco/projects/ros/catkin_ws/src/build/examples_rclcpp_minimal_service -- -j4 -l4
[2.524s] [ 50%] [32mBuilding CXX object CMakeFiles/service_main.dir/main.cpp.o[0m
[6.455s] [100%] [32m[1mLinking CXX executable service_main[0m
[6.639s] [100%] Built target service_main
[6.654s] Invoked command in '/home/marco/projects/ros/catkin_ws/src/build/examples_rclcpp_minimal_service' returned '0': CMAKE_PREFIX_PATH=/opt/ros/humble /usr/bin/cmake --build /home/marco/projects/ros/catkin_ws/src/build/examples_rclcpp_minimal_service -- -j4 -l4
[6.655s] Invoking command in '/home/marco/projects/ros/catkin_ws/src/build/examples_rclcpp_minimal_service': CMAKE_PREFIX_PATH=/opt/ros/humble /usr/bin/cmake --install /home/marco/projects/ros/catkin_ws/src/build/examples_rclcpp_minimal_service
[6.660s] -- Install configuration: ""
[6.661s] -- Execute custom install script
[6.662s] -- Symlinking: /home/marco/projects/ros/catkin_ws/src/install/examples_rclcpp_minimal_service/lib/examples_rclcpp_minimal_service/service_main
[6.671s] -- Symlinking: /home/marco/projects/ros/catkin_ws/src/install/examples_rclcpp_minimal_service/share/ament_index/resource_index/package_run_dependencies/examples_rclcpp_minimal_service
[6.681s] -- Symlinking: /home/marco/projects/ros/catkin_ws/src/install/examples_rclcpp_minimal_service/share/ament_index/resource_index/parent_prefix_path/examples_rclcpp_minimal_service
[6.691s] -- Symlinking: /home/marco/projects/ros/catkin_ws/src/install/examples_rclcpp_minimal_service/share/examples_rclcpp_minimal_service/environment/ament_prefix_path.sh
[6.701s] -- Symlinking: /home/marco/projects/ros/catkin_ws/src/install/examples_rclcpp_minimal_service/share/examples_rclcpp_minimal_service/environment/ament_prefix_path.dsv
[6.711s] -- Symlinking: /home/marco/projects/ros/catkin_ws/src/install/examples_rclcpp_minimal_service/share/examples_rclcpp_minimal_service/environment/path.sh
[6.721s] -- Symlinking: /home/marco/projects/ros/catkin_ws/src/install/examples_rclcpp_minimal_service/share/examples_rclcpp_minimal_service/environment/path.dsv
[6.731s] -- Symlinking: /home/marco/projects/ros/catkin_ws/src/install/examples_rclcpp_minimal_service/share/examples_rclcpp_minimal_service/local_setup.bash
[6.740s] -- Symlinking: /home/marco/projects/ros/catkin_ws/src/install/examples_rclcpp_minimal_service/share/examples_rclcpp_minimal_service/local_setup.sh
[6.750s] -- Symlinking: /home/marco/projects/ros/catkin_ws/src/install/examples_rclcpp_minimal_service/share/examples_rclcpp_minimal_service/local_setup.zsh
[6.760s] -- Symlinking: /home/marco/projects/ros/catkin_ws/src/install/examples_rclcpp_minimal_service/share/examples_rclcpp_minimal_service/local_setup.dsv
[6.769s] -- Symlinking: /home/marco/projects/ros/catkin_ws/src/install/examples_rclcpp_minimal_service/share/examples_rclcpp_minimal_service/package.dsv
[6.780s] -- Symlinking: /home/marco/projects/ros/catkin_ws/src/install/examples_rclcpp_minimal_service/share/ament_index/resource_index/packages/examples_rclcpp_minimal_service
[6.791s] -- Symlinking: /home/marco/projects/ros/catkin_ws/src/install/examples_rclcpp_minimal_service/share/examples_rclcpp_minimal_service/cmake/examples_rclcpp_minimal_serviceConfig.cmake
[6.801s] -- Symlinking: /home/marco/projects/ros/catkin_ws/src/install/examples_rclcpp_minimal_service/share/examples_rclcpp_minimal_service/cmake/examples_rclcpp_minimal_serviceConfig-version.cmake
[6.811s] -- Symlinking: /home/marco/projects/ros/catkin_ws/src/install/examples_rclcpp_minimal_service/share/examples_rclcpp_minimal_service/package.xml
[6.824s] Invoked command in '/home/marco/projects/ros/catkin_ws/src/build/examples_rclcpp_minimal_service' returned '0': CMAKE_PREFIX_PATH=/opt/ros/humble /usr/bin/cmake --install /home/marco/projects/ros/catkin_ws/src/build/examples_rclcpp_minimal_service
