[0.080s] DEBUG:colcon:Command line arguments: ['/usr/bin/colcon', 'build']
[0.080s] DEBUG:colcon:Parsed command line arguments: Namespace(log_base=None, log_level=None, verb_name='build', build_base='build', install_base='install', merge_install=False, symlink_install=False, test_result_base=None, continue_on_error=False, executor='parallel', parallel_workers=4, event_handlers=None, ignore_user_meta=False, metas=['./colcon.meta'], base_paths=['.'], packages_ignore=None, packages_ignore_regex=None, paths=None, packages_up_to=None, packages_up_to_regex=None, packages_above=None, packages_above_and_dependencies=None, packages_above_depth=None, packages_select_by_dep=None, packages_skip_by_dep=None, packages_skip_up_to=None, packages_select_build_failed=False, packages_skip_build_finished=False, packages_select_test_failures=False, packages_skip_test_passed=False, packages_select=None, packages_skip=None, packages_select_regex=None, packages_skip_regex=None, packages_start=None, packages_end=None, allow_overriding=[], cmake_args=None, cmake_target=None, cmake_target_skip_unavailable=False, cmake_clean_cache=False, cmake_clean_first=False, cmake_force_configure=False, ament_cmake_args=None, catkin_cmake_args=None, catkin_skip_building_tests=False, mixin_files=None, mixin=None, verb_parser=<colcon_mixin.mixin.mixin_argument.MixinArgumentDecorator object at 0x7c7d69d59990>, verb_extension=<colcon_core.verb.build.BuildVerb object at 0x7c7d69d594b0>, main=<bound method BuildVerb.main of <colcon_core.verb.build.BuildVerb object at 0x7c7d69d594b0>>, mixin_verb=('build',))
[0.198s] Level 1:colcon.colcon_core.package_discovery:discover_packages(colcon_meta) check parameters
[0.198s] Level 1:colcon.colcon_core.package_discovery:discover_packages(recursive) check parameters
[0.198s] Level 1:colcon.colcon_core.package_discovery:discover_packages(ignore) check parameters
[0.198s] Level 1:colcon.colcon_core.package_discovery:discover_packages(path) check parameters
[0.198s] Level 1:colcon.colcon_core.package_discovery:discover_packages(colcon_meta) discover
[0.198s] Level 1:colcon.colcon_core.package_discovery:discover_packages(recursive) discover
[0.198s] INFO:colcon.colcon_core.package_discovery:Crawling recursively for packages in '/home/marco/projects/ros/rso2_ws'
[0.198s] Level 1:colcon.colcon_core.package_identification:_identify(.) by extensions ['ignore', 'ignore_ament_install']
[0.198s] Level 1:colcon.colcon_core.package_identification:_identify(.) by extension 'ignore'
[0.198s] Level 1:colcon.colcon_core.package_identification:_identify(.) by extension 'ignore_ament_install'
[0.198s] Level 1:colcon.colcon_core.package_identification:_identify(.) by extensions ['colcon_pkg']
[0.198s] Level 1:colcon.colcon_core.package_identification:_identify(.) by extension 'colcon_pkg'
[0.198s] Level 1:colcon.colcon_core.package_identification:_identify(.) by extensions ['colcon_meta']
[0.198s] Level 1:colcon.colcon_core.package_identification:_identify(.) by extension 'colcon_meta'
[0.198s] Level 1:colcon.colcon_core.package_identification:_identify(.) by extensions ['ros']
[0.198s] Level 1:colcon.colcon_core.package_identification:_identify(.) by extension 'ros'
[0.206s] Level 1:colcon.colcon_core.package_identification:_identify(.) by extensions ['cmake', 'python']
[0.206s] Level 1:colcon.colcon_core.package_identification:_identify(.) by extension 'cmake'
[0.206s] Level 1:colcon.colcon_core.package_identification:_identify(.) by extension 'python'
[0.206s] Level 1:colcon.colcon_core.package_identification:_identify(.) by extensions ['python_setup_py']
[0.206s] Level 1:colcon.colcon_core.package_identification:_identify(.) by extension 'python_setup_py'
[0.206s] Level 1:colcon.colcon_core.package_identification:_identify(build) by extensions ['ignore', 'ignore_ament_install']
[0.206s] Level 1:colcon.colcon_core.package_identification:_identify(build) by extension 'ignore'
[0.206s] Level 1:colcon.colcon_core.package_identification:_identify(build) ignored
[0.206s] Level 1:colcon.colcon_core.package_identification:_identify(install) by extensions ['ignore', 'ignore_ament_install']
[0.206s] Level 1:colcon.colcon_core.package_identification:_identify(install) by extension 'ignore'
[0.206s] Level 1:colcon.colcon_core.package_identification:_identify(install) ignored
[0.206s] Level 1:colcon.colcon_core.package_identification:_identify(log) by extensions ['ignore', 'ignore_ament_install']
[0.206s] Level 1:colcon.colcon_core.package_identification:_identify(log) by extension 'ignore'
[0.206s] Level 1:colcon.colcon_core.package_identification:_identify(log) ignored
[0.206s] Level 1:colcon.colcon_core.package_identification:_identify(src) by extensions ['ignore', 'ignore_ament_install']
[0.206s] Level 1:colcon.colcon_core.package_identification:_identify(src) by extension 'ignore'
[0.207s] Level 1:colcon.colcon_core.package_identification:_identify(src) by extension 'ignore_ament_install'
[0.207s] Level 1:colcon.colcon_core.package_identification:_identify(src) by extensions ['colcon_pkg']
[0.207s] Level 1:colcon.colcon_core.package_identification:_identify(src) by extension 'colcon_pkg'
[0.207s] Level 1:colcon.colcon_core.package_identification:_identify(src) by extensions ['colcon_meta']
[0.207s] Level 1:colcon.colcon_core.package_identification:_identify(src) by extension 'colcon_meta'
[0.207s] Level 1:colcon.colcon_core.package_identification:_identify(src) by extensions ['ros']
[0.207s] Level 1:colcon.colcon_core.package_identification:_identify(src) by extension 'ros'
[0.207s] Level 1:colcon.colcon_core.package_identification:_identify(src) by extensions ['cmake', 'python']
[0.207s] Level 1:colcon.colcon_core.package_identification:_identify(src) by extension 'cmake'
[0.207s] Level 1:colcon.colcon_core.package_identification:_identify(src) by extension 'python'
[0.207s] Level 1:colcon.colcon_core.package_identification:_identify(src) by extensions ['python_setup_py']
[0.207s] Level 1:colcon.colcon_core.package_identification:_identify(src) by extension 'python_setup_py'
[0.207s] Level 1:colcon.colcon_core.package_identification:_identify(src/build) by extensions ['ignore', 'ignore_ament_install']
[0.207s] Level 1:colcon.colcon_core.package_identification:_identify(src/build) by extension 'ignore'
[0.207s] Level 1:colcon.colcon_core.package_identification:_identify(src/build) ignored
[0.207s] Level 1:colcon.colcon_core.package_identification:_identify(src/install) by extensions ['ignore', 'ignore_ament_install']
[0.207s] Level 1:colcon.colcon_core.package_identification:_identify(src/install) by extension 'ignore'
[0.207s] Level 1:colcon.colcon_core.package_identification:_identify(src/install) ignored
[0.207s] Level 1:colcon.colcon_core.package_identification:_identify(src/log) by extensions ['ignore', 'ignore_ament_install']
[0.207s] Level 1:colcon.colcon_core.package_identification:_identify(src/log) by extension 'ignore'
[0.207s] Level 1:colcon.colcon_core.package_identification:_identify(src/log) ignored
[0.207s] Level 1:colcon.colcon_core.package_identification:_identify(src/my_robot_bringup) by extensions ['ignore', 'ignore_ament_install']
[0.207s] Level 1:colcon.colcon_core.package_identification:_identify(src/my_robot_bringup) by extension 'ignore'
[0.207s] Level 1:colcon.colcon_core.package_identification:_identify(src/my_robot_bringup) by extension 'ignore_ament_install'
[0.207s] Level 1:colcon.colcon_core.package_identification:_identify(src/my_robot_bringup) by extensions ['colcon_pkg']
[0.207s] Level 1:colcon.colcon_core.package_identification:_identify(src/my_robot_bringup) by extension 'colcon_pkg'
[0.207s] Level 1:colcon.colcon_core.package_identification:_identify(src/my_robot_bringup) by extensions ['colcon_meta']
[0.207s] Level 1:colcon.colcon_core.package_identification:_identify(src/my_robot_bringup) by extension 'colcon_meta'
[0.207s] Level 1:colcon.colcon_core.package_identification:_identify(src/my_robot_bringup) by extensions ['ros']
[0.207s] Level 1:colcon.colcon_core.package_identification:_identify(src/my_robot_bringup) by extension 'ros'
[0.217s] DEBUG:colcon.colcon_core.package_identification:Package 'src/my_robot_bringup' with type 'ros.ament_cmake' and name 'my_robot_bringup'
[0.217s] Level 1:colcon.colcon_core.package_identification:_identify(src/my_robot_controller) by extensions ['ignore', 'ignore_ament_install']
[0.217s] Level 1:colcon.colcon_core.package_identification:_identify(src/my_robot_controller) by extension 'ignore'
[0.218s] Level 1:colcon.colcon_core.package_identification:_identify(src/my_robot_controller) by extension 'ignore_ament_install'
[0.218s] Level 1:colcon.colcon_core.package_identification:_identify(src/my_robot_controller) by extensions ['colcon_pkg']
[0.218s] Level 1:colcon.colcon_core.package_identification:_identify(src/my_robot_controller) by extension 'colcon_pkg'
[0.218s] Level 1:colcon.colcon_core.package_identification:_identify(src/my_robot_controller) by extensions ['colcon_meta']
[0.218s] Level 1:colcon.colcon_core.package_identification:_identify(src/my_robot_controller) by extension 'colcon_meta'
[0.218s] Level 1:colcon.colcon_core.package_identification:_identify(src/my_robot_controller) by extensions ['ros']
[0.218s] Level 1:colcon.colcon_core.package_identification:_identify(src/my_robot_controller) by extension 'ros'
[0.218s] DEBUG:colcon.colcon_core.package_identification:Package 'src/my_robot_controller' with type 'ros.ament_python' and name 'my_robot_controller'
[0.218s] Level 1:colcon.colcon_core.package_identification:_identify(src/my_robot_description) by extensions ['ignore', 'ignore_ament_install']
[0.218s] Level 1:colcon.colcon_core.package_identification:_identify(src/my_robot_description) by extension 'ignore'
[0.218s] Level 1:colcon.colcon_core.package_identification:_identify(src/my_robot_description) by extension 'ignore_ament_install'
[0.218s] Level 1:colcon.colcon_core.package_identification:_identify(src/my_robot_description) by extensions ['colcon_pkg']
[0.218s] Level 1:colcon.colcon_core.package_identification:_identify(src/my_robot_description) by extension 'colcon_pkg'
[0.218s] Level 1:colcon.colcon_core.package_identification:_identify(src/my_robot_description) by extensions ['colcon_meta']
[0.218s] Level 1:colcon.colcon_core.package_identification:_identify(src/my_robot_description) by extension 'colcon_meta'
[0.219s] Level 1:colcon.colcon_core.package_identification:_identify(src/my_robot_description) by extensions ['ros']
[0.219s] Level 1:colcon.colcon_core.package_identification:_identify(src/my_robot_description) by extension 'ros'
[0.219s] DEBUG:colcon.colcon_core.package_identification:Package 'src/my_robot_description' with type 'ros.ament_cmake' and name 'my_robot_description'
[0.219s] Level 1:colcon.colcon_core.package_discovery:discover_packages(recursive) using defaults
[0.219s] Level 1:colcon.colcon_core.package_discovery:discover_packages(ignore) discover
[0.219s] Level 1:colcon.colcon_core.package_discovery:discover_packages(ignore) using defaults
[0.219s] Level 1:colcon.colcon_core.package_discovery:discover_packages(path) discover
[0.219s] Level 1:colcon.colcon_core.package_discovery:discover_packages(path) using defaults
[0.242s] Level 1:colcon.colcon_core.package_discovery:discover_packages(prefix_path) check parameters
[0.242s] Level 1:colcon.colcon_core.package_discovery:discover_packages(prefix_path) discover
[0.243s] DEBUG:colcon.colcon_installed_package_information.package_discovery:Found 3 installed packages in /home/marco/projects/ros/rso2_ws/install
[0.244s] DEBUG:colcon.colcon_installed_package_information.package_discovery:Found 325 installed packages in /opt/ros/humble
[0.245s] Level 1:colcon.colcon_core.package_discovery:discover_packages(prefix_path) using defaults
[0.272s] Level 5:colcon.colcon_core.verb:set package 'my_robot_bringup' build argument 'cmake_args' from command line to 'None'
[0.272s] Level 5:colcon.colcon_core.verb:set package 'my_robot_bringup' build argument 'cmake_target' from command line to 'None'
[0.272s] Level 5:colcon.colcon_core.verb:set package 'my_robot_bringup' build argument 'cmake_target_skip_unavailable' from command line to 'False'
[0.272s] Level 5:colcon.colcon_core.verb:set package 'my_robot_bringup' build argument 'cmake_clean_cache' from command line to 'False'
[0.272s] Level 5:colcon.colcon_core.verb:set package 'my_robot_bringup' build argument 'cmake_clean_first' from command line to 'False'
[0.272s] Level 5:colcon.colcon_core.verb:set package 'my_robot_bringup' build argument 'cmake_force_configure' from command line to 'False'
[0.272s] Level 5:colcon.colcon_core.verb:set package 'my_robot_bringup' build argument 'ament_cmake_args' from command line to 'None'
[0.272s] Level 5:colcon.colcon_core.verb:set package 'my_robot_bringup' build argument 'catkin_cmake_args' from command line to 'None'
[0.272s] Level 5:colcon.colcon_core.verb:set package 'my_robot_bringup' build argument 'catkin_skip_building_tests' from command line to 'False'
[0.272s] DEBUG:colcon.colcon_core.verb:Building package 'my_robot_bringup' with the following arguments: {'ament_cmake_args': None, 'build_base': '/home/marco/projects/ros/rso2_ws/build/my_robot_bringup', 'catkin_cmake_args': None, 'catkin_skip_building_tests': False, 'cmake_args': None, 'cmake_clean_cache': False, 'cmake_clean_first': False, 'cmake_force_configure': False, 'cmake_target': None, 'cmake_target_skip_unavailable': False, 'install_base': '/home/marco/projects/ros/rso2_ws/install/my_robot_bringup', 'merge_install': False, 'path': '/home/marco/projects/ros/rso2_ws/src/my_robot_bringup', 'symlink_install': False, 'test_result_base': None}
[0.272s] Level 5:colcon.colcon_core.verb:set package 'my_robot_controller' build argument 'cmake_args' from command line to 'None'
[0.272s] Level 5:colcon.colcon_core.verb:set package 'my_robot_controller' build argument 'cmake_target' from command line to 'None'
[0.272s] Level 5:colcon.colcon_core.verb:set package 'my_robot_controller' build argument 'cmake_target_skip_unavailable' from command line to 'False'
[0.272s] Level 5:colcon.colcon_core.verb:set package 'my_robot_controller' build argument 'cmake_clean_cache' from command line to 'False'
[0.272s] Level 5:colcon.colcon_core.verb:set package 'my_robot_controller' build argument 'cmake_clean_first' from command line to 'False'
[0.272s] Level 5:colcon.colcon_core.verb:set package 'my_robot_controller' build argument 'cmake_force_configure' from command line to 'False'
[0.272s] Level 5:colcon.colcon_core.verb:set package 'my_robot_controller' build argument 'ament_cmake_args' from command line to 'None'
[0.272s] Level 5:colcon.colcon_core.verb:set package 'my_robot_controller' build argument 'catkin_cmake_args' from command line to 'None'
[0.272s] Level 5:colcon.colcon_core.verb:set package 'my_robot_controller' build argument 'catkin_skip_building_tests' from command line to 'False'
[0.272s] DEBUG:colcon.colcon_core.verb:Building package 'my_robot_controller' with the following arguments: {'ament_cmake_args': None, 'build_base': '/home/marco/projects/ros/rso2_ws/build/my_robot_controller', 'catkin_cmake_args': None, 'catkin_skip_building_tests': False, 'cmake_args': None, 'cmake_clean_cache': False, 'cmake_clean_first': False, 'cmake_force_configure': False, 'cmake_target': None, 'cmake_target_skip_unavailable': False, 'install_base': '/home/marco/projects/ros/rso2_ws/install/my_robot_controller', 'merge_install': False, 'path': '/home/marco/projects/ros/rso2_ws/src/my_robot_controller', 'symlink_install': False, 'test_result_base': None}
[0.272s] Level 5:colcon.colcon_core.verb:set package 'my_robot_description' build argument 'cmake_args' from command line to 'None'
[0.272s] Level 5:colcon.colcon_core.verb:set package 'my_robot_description' build argument 'cmake_target' from command line to 'None'
[0.272s] Level 5:colcon.colcon_core.verb:set package 'my_robot_description' build argument 'cmake_target_skip_unavailable' from command line to 'False'
[0.272s] Level 5:colcon.colcon_core.verb:set package 'my_robot_description' build argument 'cmake_clean_cache' from command line to 'False'
[0.272s] Level 5:colcon.colcon_core.verb:set package 'my_robot_description' build argument 'cmake_clean_first' from command line to 'False'
[0.272s] Level 5:colcon.colcon_core.verb:set package 'my_robot_description' build argument 'cmake_force_configure' from command line to 'False'
[0.272s] Level 5:colcon.colcon_core.verb:set package 'my_robot_description' build argument 'ament_cmake_args' from command line to 'None'
[0.272s] Level 5:colcon.colcon_core.verb:set package 'my_robot_description' build argument 'catkin_cmake_args' from command line to 'None'
[0.272s] Level 5:colcon.colcon_core.verb:set package 'my_robot_description' build argument 'catkin_skip_building_tests' from command line to 'False'
[0.272s] DEBUG:colcon.colcon_core.verb:Building package 'my_robot_description' with the following arguments: {'ament_cmake_args': None, 'build_base': '/home/marco/projects/ros/rso2_ws/build/my_robot_description', 'catkin_cmake_args': None, 'catkin_skip_building_tests': False, 'cmake_args': None, 'cmake_clean_cache': False, 'cmake_clean_first': False, 'cmake_force_configure': False, 'cmake_target': None, 'cmake_target_skip_unavailable': False, 'install_base': '/home/marco/projects/ros/rso2_ws/install/my_robot_description', 'merge_install': False, 'path': '/home/marco/projects/ros/rso2_ws/src/my_robot_description', 'symlink_install': False, 'test_result_base': None}
[0.273s] INFO:colcon.colcon_core.executor:Executing jobs using 'parallel' executor
[0.273s] DEBUG:colcon.colcon_parallel_executor.executor.parallel:run_until_complete
[0.274s] INFO:colcon.colcon_ros.task.ament_cmake.build:Building ROS package in '/home/marco/projects/ros/rso2_ws/src/my_robot_bringup' with build type 'ament_cmake'
[0.274s] INFO:colcon.colcon_cmake.task.cmake.build:Building CMake package in '/home/marco/projects/ros/rso2_ws/src/my_robot_bringup'
[0.275s] INFO:colcon.colcon_core.plugin_system:Skipping extension 'colcon_core.shell.bat': Not used on non-Windows systems
[0.275s] INFO:colcon.colcon_core.shell:Skip shell extension 'powershell' for command environment: Not usable outside of PowerShell
[0.275s] DEBUG:colcon.colcon_core.shell:Skip shell extension 'dsv' for command environment
[0.278s] INFO:colcon.colcon_ros.task.ament_python.build:Building ROS package in '/home/marco/projects/ros/rso2_ws/src/my_robot_controller' with build type 'ament_python'
[0.278s] Level 1:colcon.colcon_core.shell:create_environment_hook('my_robot_controller', 'ament_prefix_path')
[0.278s] INFO:colcon.colcon_core.shell:Creating environment hook '/home/marco/projects/ros/rso2_ws/install/my_robot_controller/share/my_robot_controller/hook/ament_prefix_path.ps1'
[0.279s] INFO:colcon.colcon_core.shell:Creating environment descriptor '/home/marco/projects/ros/rso2_ws/install/my_robot_controller/share/my_robot_controller/hook/ament_prefix_path.dsv'
[0.279s] INFO:colcon.colcon_core.shell:Creating environment hook '/home/marco/projects/ros/rso2_ws/install/my_robot_controller/share/my_robot_controller/hook/ament_prefix_path.sh'
[0.280s] INFO:colcon.colcon_core.shell:Skip shell extension 'powershell' for command environment: Not usable outside of PowerShell
[0.280s] DEBUG:colcon.colcon_core.shell:Skip shell extension 'dsv' for command environment
[0.282s] INFO:colcon.colcon_ros.task.ament_cmake.build:Building ROS package in '/home/marco/projects/ros/rso2_ws/src/my_robot_description' with build type 'ament_cmake'
[0.282s] INFO:colcon.colcon_cmake.task.cmake.build:Building CMake package in '/home/marco/projects/ros/rso2_ws/src/my_robot_description'
[0.282s] INFO:colcon.colcon_core.shell:Skip shell extension 'powershell' for command environment: Not usable outside of PowerShell
[0.282s] DEBUG:colcon.colcon_core.shell:Skip shell extension 'dsv' for command environment
[0.288s] DEBUG:colcon.colcon_core.event_handler.log_command:Invoking command in '/home/marco/projects/ros/rso2_ws/build/my_robot_bringup': CMAKE_PREFIX_PATH=${CMAKE_PREFIX_PATH}:/home/marco/projects/ros/rso2_ws/install/my_robot_controller:/opt/ros/humble /usr/bin/cmake --build /home/marco/projects/ros/rso2_ws/build/my_robot_bringup -- -j4 -l4
[0.477s] INFO:colcon.colcon_core.task.python.build:Building Python package in '/home/marco/projects/ros/rso2_ws/src/my_robot_controller'
[0.478s] INFO:colcon.colcon_core.shell:Skip shell extension 'powershell' for command environment: Not usable outside of PowerShell
[0.478s] DEBUG:colcon.colcon_core.shell:Skip shell extension 'dsv' for command environment
[0.484s] DEBUG:colcon.colcon_core.event_handler.log_command:Invoking command in '/home/marco/projects/ros/rso2_ws/build/my_robot_description': CMAKE_PREFIX_PATH=${CMAKE_PREFIX_PATH}:/home/marco/projects/ros/rso2_ws/install/my_robot_controller:/opt/ros/humble /usr/bin/cmake --build /home/marco/projects/ros/rso2_ws/build/my_robot_description -- -j4 -l4
[0.484s] DEBUG:colcon.colcon_core.event_handler.log_command:Invoked command in '/home/marco/projects/ros/rso2_ws/build/my_robot_bringup' returned '0': CMAKE_PREFIX_PATH=${CMAKE_PREFIX_PATH}:/home/marco/projects/ros/rso2_ws/install/my_robot_controller:/opt/ros/humble /usr/bin/cmake --build /home/marco/projects/ros/rso2_ws/build/my_robot_bringup -- -j4 -l4
[0.494s] DEBUG:colcon.colcon_core.event_handler.log_command:Invoking command in '/home/marco/projects/ros/rso2_ws/build/my_robot_bringup': CMAKE_PREFIX_PATH=${CMAKE_PREFIX_PATH}:/home/marco/projects/ros/rso2_ws/install/my_robot_controller:/opt/ros/humble /usr/bin/cmake --install /home/marco/projects/ros/rso2_ws/build/my_robot_bringup
[0.503s] Level 1:colcon.colcon_core.environment:create_environment_scripts_only(my_robot_bringup)
[0.504s] DEBUG:colcon.colcon_core.event_handler.log_command:Invoked command in '/home/marco/projects/ros/rso2_ws/build/my_robot_bringup' returned '0': CMAKE_PREFIX_PATH=${CMAKE_PREFIX_PATH}:/home/marco/projects/ros/rso2_ws/install/my_robot_controller:/opt/ros/humble /usr/bin/cmake --install /home/marco/projects/ros/rso2_ws/build/my_robot_bringup
[0.508s] Level 1:colcon.colcon_core.environment:checking '/home/marco/projects/ros/rso2_ws/install/my_robot_bringup' for CMake module files
[0.509s] Level 1:colcon.colcon_core.environment:checking '/home/marco/projects/ros/rso2_ws/install/my_robot_bringup' for CMake config files
[0.509s] Level 1:colcon.colcon_core.shell:create_environment_hook('my_robot_bringup', 'cmake_prefix_path')
[0.509s] INFO:colcon.colcon_core.shell:Creating environment hook '/home/marco/projects/ros/rso2_ws/install/my_robot_bringup/share/my_robot_bringup/hook/cmake_prefix_path.ps1'
[0.510s] INFO:colcon.colcon_core.shell:Creating environment descriptor '/home/marco/projects/ros/rso2_ws/install/my_robot_bringup/share/my_robot_bringup/hook/cmake_prefix_path.dsv'
[0.510s] INFO:colcon.colcon_core.shell:Creating environment hook '/home/marco/projects/ros/rso2_ws/install/my_robot_bringup/share/my_robot_bringup/hook/cmake_prefix_path.sh'
[0.511s] Level 1:colcon.colcon_core.environment:checking '/home/marco/projects/ros/rso2_ws/install/my_robot_bringup/bin'
[0.511s] Level 1:colcon.colcon_core.environment:checking '/home/marco/projects/ros/rso2_ws/install/my_robot_bringup/lib/pkgconfig/my_robot_bringup.pc'
[0.511s] Level 1:colcon.colcon_core.environment:checking '/home/marco/projects/ros/rso2_ws/install/my_robot_bringup/lib/python3.10/site-packages'
[0.512s] Level 1:colcon.colcon_core.environment:checking '/home/marco/projects/ros/rso2_ws/install/my_robot_bringup/bin'
[0.512s] INFO:colcon.colcon_core.shell:Creating package script '/home/marco/projects/ros/rso2_ws/install/my_robot_bringup/share/my_robot_bringup/package.ps1'
[0.513s] INFO:colcon.colcon_core.shell:Creating package descriptor '/home/marco/projects/ros/rso2_ws/install/my_robot_bringup/share/my_robot_bringup/package.dsv'
[0.514s] INFO:colcon.colcon_core.shell:Creating package script '/home/marco/projects/ros/rso2_ws/install/my_robot_bringup/share/my_robot_bringup/package.sh'
[0.515s] INFO:colcon.colcon_core.shell:Creating package script '/home/marco/projects/ros/rso2_ws/install/my_robot_bringup/share/my_robot_bringup/package.bash'
[0.515s] INFO:colcon.colcon_core.shell:Creating package script '/home/marco/projects/ros/rso2_ws/install/my_robot_bringup/share/my_robot_bringup/package.zsh'
[0.516s] Level 1:colcon.colcon_core.environment:create_file_with_runtime_dependencies(/home/marco/projects/ros/rso2_ws/install/my_robot_bringup/share/colcon-core/packages/my_robot_bringup)
[0.517s] Level 1:colcon.colcon_core.environment:create_environment_scripts_only(my_robot_bringup)
[0.517s] Level 1:colcon.colcon_core.environment:checking '/home/marco/projects/ros/rso2_ws/install/my_robot_bringup' for CMake module files
[0.518s] Level 1:colcon.colcon_core.environment:checking '/home/marco/projects/ros/rso2_ws/install/my_robot_bringup' for CMake config files
[0.518s] Level 1:colcon.colcon_core.shell:create_environment_hook('my_robot_bringup', 'cmake_prefix_path')
[0.518s] INFO:colcon.colcon_core.shell:Creating environment hook '/home/marco/projects/ros/rso2_ws/install/my_robot_bringup/share/my_robot_bringup/hook/cmake_prefix_path.ps1'
[0.518s] INFO:colcon.colcon_core.shell:Creating environment descriptor '/home/marco/projects/ros/rso2_ws/install/my_robot_bringup/share/my_robot_bringup/hook/cmake_prefix_path.dsv'
[0.519s] INFO:colcon.colcon_core.shell:Creating environment hook '/home/marco/projects/ros/rso2_ws/install/my_robot_bringup/share/my_robot_bringup/hook/cmake_prefix_path.sh'
[0.519s] Level 1:colcon.colcon_core.environment:checking '/home/marco/projects/ros/rso2_ws/install/my_robot_bringup/bin'
[0.519s] Level 1:colcon.colcon_core.environment:checking '/home/marco/projects/ros/rso2_ws/install/my_robot_bringup/lib/pkgconfig/my_robot_bringup.pc'
[0.519s] Level 1:colcon.colcon_core.environment:checking '/home/marco/projects/ros/rso2_ws/install/my_robot_bringup/lib/python3.10/site-packages'
[0.519s] Level 1:colcon.colcon_core.environment:checking '/home/marco/projects/ros/rso2_ws/install/my_robot_bringup/bin'
[0.519s] INFO:colcon.colcon_core.shell:Creating package script '/home/marco/projects/ros/rso2_ws/install/my_robot_bringup/share/my_robot_bringup/package.ps1'
[0.520s] INFO:colcon.colcon_core.shell:Creating package descriptor '/home/marco/projects/ros/rso2_ws/install/my_robot_bringup/share/my_robot_bringup/package.dsv'
[0.520s] INFO:colcon.colcon_core.shell:Creating package script '/home/marco/projects/ros/rso2_ws/install/my_robot_bringup/share/my_robot_bringup/package.sh'
[0.520s] INFO:colcon.colcon_core.shell:Creating package script '/home/marco/projects/ros/rso2_ws/install/my_robot_bringup/share/my_robot_bringup/package.bash'
[0.521s] INFO:colcon.colcon_core.shell:Creating package script '/home/marco/projects/ros/rso2_ws/install/my_robot_bringup/share/my_robot_bringup/package.zsh'
[0.521s] Level 1:colcon.colcon_core.environment:create_file_with_runtime_dependencies(/home/marco/projects/ros/rso2_ws/install/my_robot_bringup/share/colcon-core/packages/my_robot_bringup)
[0.522s] DEBUG:colcon.colcon_core.event_handler.log_command:Invoked command in '/home/marco/projects/ros/rso2_ws/build/my_robot_description' returned '0': CMAKE_PREFIX_PATH=${CMAKE_PREFIX_PATH}:/home/marco/projects/ros/rso2_ws/install/my_robot_controller:/opt/ros/humble /usr/bin/cmake --build /home/marco/projects/ros/rso2_ws/build/my_robot_description -- -j4 -l4
[0.524s] DEBUG:colcon.colcon_core.event_handler.log_command:Invoking command in '/home/marco/projects/ros/rso2_ws/build/my_robot_description': CMAKE_PREFIX_PATH=${CMAKE_PREFIX_PATH}:/home/marco/projects/ros/rso2_ws/install/my_robot_controller:/opt/ros/humble /usr/bin/cmake --install /home/marco/projects/ros/rso2_ws/build/my_robot_description
[0.551s] Level 1:colcon.colcon_core.environment:create_environment_scripts_only(my_robot_description)
[0.552s] Level 1:colcon.colcon_core.environment:checking '/home/marco/projects/ros/rso2_ws/install/my_robot_description' for CMake module files
[0.554s] DEBUG:colcon.colcon_core.event_handler.log_command:Invoked command in '/home/marco/projects/ros/rso2_ws/build/my_robot_description' returned '0': CMAKE_PREFIX_PATH=${CMAKE_PREFIX_PATH}:/home/marco/projects/ros/rso2_ws/install/my_robot_controller:/opt/ros/humble /usr/bin/cmake --install /home/marco/projects/ros/rso2_ws/build/my_robot_description
[0.554s] Level 1:colcon.colcon_core.environment:checking '/home/marco/projects/ros/rso2_ws/install/my_robot_description' for CMake config files
[0.555s] Level 1:colcon.colcon_core.shell:create_environment_hook('my_robot_description', 'cmake_prefix_path')
[0.555s] INFO:colcon.colcon_core.shell:Creating environment hook '/home/marco/projects/ros/rso2_ws/install/my_robot_description/share/my_robot_description/hook/cmake_prefix_path.ps1'
[0.555s] INFO:colcon.colcon_core.shell:Creating environment descriptor '/home/marco/projects/ros/rso2_ws/install/my_robot_description/share/my_robot_description/hook/cmake_prefix_path.dsv'
[0.556s] INFO:colcon.colcon_core.shell:Creating environment hook '/home/marco/projects/ros/rso2_ws/install/my_robot_description/share/my_robot_description/hook/cmake_prefix_path.sh'
[0.557s] Level 1:colcon.colcon_core.environment:checking '/home/marco/projects/ros/rso2_ws/install/my_robot_description/bin'
[0.557s] Level 1:colcon.colcon_core.environment:checking '/home/marco/projects/ros/rso2_ws/install/my_robot_description/lib/pkgconfig/my_robot_description.pc'
[0.557s] Level 1:colcon.colcon_core.environment:checking '/home/marco/projects/ros/rso2_ws/install/my_robot_description/lib/python3.10/site-packages'
[0.557s] Level 1:colcon.colcon_core.environment:checking '/home/marco/projects/ros/rso2_ws/install/my_robot_description/bin'
[0.558s] INFO:colcon.colcon_core.shell:Creating package script '/home/marco/projects/ros/rso2_ws/install/my_robot_description/share/my_robot_description/package.ps1'
[0.559s] INFO:colcon.colcon_core.shell:Creating package descriptor '/home/marco/projects/ros/rso2_ws/install/my_robot_description/share/my_robot_description/package.dsv'
[0.559s] INFO:colcon.colcon_core.shell:Creating package script '/home/marco/projects/ros/rso2_ws/install/my_robot_description/share/my_robot_description/package.sh'
[0.560s] INFO:colcon.colcon_core.shell:Creating package script '/home/marco/projects/ros/rso2_ws/install/my_robot_description/share/my_robot_description/package.bash'
[0.560s] INFO:colcon.colcon_core.shell:Creating package script '/home/marco/projects/ros/rso2_ws/install/my_robot_description/share/my_robot_description/package.zsh'
[0.560s] Level 1:colcon.colcon_core.environment:create_file_with_runtime_dependencies(/home/marco/projects/ros/rso2_ws/install/my_robot_description/share/colcon-core/packages/my_robot_description)
[0.564s] Level 1:colcon.colcon_core.environment:create_environment_scripts_only(my_robot_description)
[0.564s] Level 1:colcon.colcon_core.environment:checking '/home/marco/projects/ros/rso2_ws/install/my_robot_description' for CMake module files
[0.565s] Level 1:colcon.colcon_core.environment:checking '/home/marco/projects/ros/rso2_ws/install/my_robot_description' for CMake config files
[0.565s] Level 1:colcon.colcon_core.shell:create_environment_hook('my_robot_description', 'cmake_prefix_path')
[0.565s] INFO:colcon.colcon_core.shell:Creating environment hook '/home/marco/projects/ros/rso2_ws/install/my_robot_description/share/my_robot_description/hook/cmake_prefix_path.ps1'
[0.566s] INFO:colcon.colcon_core.shell:Creating environment descriptor '/home/marco/projects/ros/rso2_ws/install/my_robot_description/share/my_robot_description/hook/cmake_prefix_path.dsv'
[0.566s] INFO:colcon.colcon_core.shell:Creating environment hook '/home/marco/projects/ros/rso2_ws/install/my_robot_description/share/my_robot_description/hook/cmake_prefix_path.sh'
[0.567s] Level 1:colcon.colcon_core.environment:checking '/home/marco/projects/ros/rso2_ws/install/my_robot_description/bin'
[0.567s] Level 1:colcon.colcon_core.environment:checking '/home/marco/projects/ros/rso2_ws/install/my_robot_description/lib/pkgconfig/my_robot_description.pc'
[0.567s] Level 1:colcon.colcon_core.environment:checking '/home/marco/projects/ros/rso2_ws/install/my_robot_description/lib/python3.10/site-packages'
[0.567s] Level 1:colcon.colcon_core.environment:checking '/home/marco/projects/ros/rso2_ws/install/my_robot_description/bin'
[0.568s] INFO:colcon.colcon_core.shell:Creating package script '/home/marco/projects/ros/rso2_ws/install/my_robot_description/share/my_robot_description/package.ps1'
[0.568s] INFO:colcon.colcon_core.shell:Creating package descriptor '/home/marco/projects/ros/rso2_ws/install/my_robot_description/share/my_robot_description/package.dsv'
[0.569s] INFO:colcon.colcon_core.shell:Creating package script '/home/marco/projects/ros/rso2_ws/install/my_robot_description/share/my_robot_description/package.sh'
[0.569s] INFO:colcon.colcon_core.shell:Creating package script '/home/marco/projects/ros/rso2_ws/install/my_robot_description/share/my_robot_description/package.bash'
[0.570s] INFO:colcon.colcon_core.shell:Creating package script '/home/marco/projects/ros/rso2_ws/install/my_robot_description/share/my_robot_description/package.zsh'
[0.570s] Level 1:colcon.colcon_core.environment:create_file_with_runtime_dependencies(/home/marco/projects/ros/rso2_ws/install/my_robot_description/share/colcon-core/packages/my_robot_description)
[0.861s] DEBUG:colcon.colcon_core.event_handler.log_command:Invoking command in '/home/marco/projects/ros/rso2_ws/src/my_robot_controller': PYTHONPATH=/home/marco/projects/ros/rso2_ws/build/my_robot_controller/prefix_override:/usr/lib/python3/dist-packages/colcon_core/task/python/colcon_distutils_commands:/home/marco/projects/ros/rso2_ws/install/my_robot_controller/lib/python3.10/site-packages:${PYTHONPATH} /usr/bin/python3 -W ignore:setup.py install is deprecated -W ignore:easy_install command is deprecated setup.py egg_info --egg-base ../../build/my_robot_controller build --build-base /home/marco/projects/ros/rso2_ws/build/my_robot_controller/build install --record /home/marco/projects/ros/rso2_ws/build/my_robot_controller/install.log --single-version-externally-managed install_data
[1.074s] Level 1:colcon.colcon_core.environment:checking '/home/marco/projects/ros/rso2_ws/install/my_robot_controller' for CMake module files
[1.075s] DEBUG:colcon.colcon_core.event_handler.log_command:Invoked command in '/home/marco/projects/ros/rso2_ws/src/my_robot_controller' returned '0': PYTHONPATH=/home/marco/projects/ros/rso2_ws/build/my_robot_controller/prefix_override:/usr/lib/python3/dist-packages/colcon_core/task/python/colcon_distutils_commands:/home/marco/projects/ros/rso2_ws/install/my_robot_controller/lib/python3.10/site-packages:${PYTHONPATH} /usr/bin/python3 -W ignore:setup.py install is deprecated -W ignore:easy_install command is deprecated setup.py egg_info --egg-base ../../build/my_robot_controller build --build-base /home/marco/projects/ros/rso2_ws/build/my_robot_controller/build install --record /home/marco/projects/ros/rso2_ws/build/my_robot_controller/install.log --single-version-externally-managed install_data
[1.075s] Level 1:colcon.colcon_core.environment:checking '/home/marco/projects/ros/rso2_ws/install/my_robot_controller' for CMake config files
[1.075s] Level 1:colcon.colcon_core.environment:checking '/home/marco/projects/ros/rso2_ws/install/my_robot_controller/lib'
[1.076s] Level 1:colcon.colcon_core.environment:checking '/home/marco/projects/ros/rso2_ws/install/my_robot_controller/bin'
[1.076s] Level 1:colcon.colcon_core.environment:checking '/home/marco/projects/ros/rso2_ws/install/my_robot_controller/lib/pkgconfig/my_robot_controller.pc'
[1.076s] Level 1:colcon.colcon_core.environment:checking '/home/marco/projects/ros/rso2_ws/install/my_robot_controller/lib/python3.10/site-packages'
[1.076s] Level 1:colcon.colcon_core.shell:create_environment_hook('my_robot_controller', 'pythonpath')
[1.076s] INFO:colcon.colcon_core.shell:Creating environment hook '/home/marco/projects/ros/rso2_ws/install/my_robot_controller/share/my_robot_controller/hook/pythonpath.ps1'
[1.077s] INFO:colcon.colcon_core.shell:Creating environment descriptor '/home/marco/projects/ros/rso2_ws/install/my_robot_controller/share/my_robot_controller/hook/pythonpath.dsv'
[1.077s] INFO:colcon.colcon_core.shell:Creating environment hook '/home/marco/projects/ros/rso2_ws/install/my_robot_controller/share/my_robot_controller/hook/pythonpath.sh'
[1.077s] Level 1:colcon.colcon_core.environment:checking '/home/marco/projects/ros/rso2_ws/install/my_robot_controller/bin'
[1.077s] Level 1:colcon.colcon_core.environment:create_environment_scripts_only(my_robot_controller)
[1.078s] INFO:colcon.colcon_core.shell:Creating package script '/home/marco/projects/ros/rso2_ws/install/my_robot_controller/share/my_robot_controller/package.ps1'
[1.078s] INFO:colcon.colcon_core.shell:Creating package descriptor '/home/marco/projects/ros/rso2_ws/install/my_robot_controller/share/my_robot_controller/package.dsv'
[1.078s] INFO:colcon.colcon_core.shell:Creating package script '/home/marco/projects/ros/rso2_ws/install/my_robot_controller/share/my_robot_controller/package.sh'
[1.078s] INFO:colcon.colcon_core.shell:Creating package script '/home/marco/projects/ros/rso2_ws/install/my_robot_controller/share/my_robot_controller/package.bash'
[1.079s] INFO:colcon.colcon_core.shell:Creating package script '/home/marco/projects/ros/rso2_ws/install/my_robot_controller/share/my_robot_controller/package.zsh'
[1.079s] Level 1:colcon.colcon_core.environment:create_file_with_runtime_dependencies(/home/marco/projects/ros/rso2_ws/install/my_robot_controller/share/colcon-core/packages/my_robot_controller)
[1.079s] DEBUG:colcon.colcon_parallel_executor.executor.parallel:closing loop
[1.079s] DEBUG:colcon.colcon_parallel_executor.executor.parallel:loop closed
[1.079s] DEBUG:colcon.colcon_parallel_executor.executor.parallel:run_until_complete finished with '0'
[1.079s] DEBUG:colcon.colcon_core.event_reactor:joining thread
[1.083s] INFO:colcon.colcon_core.plugin_system:Skipping extension 'colcon_notification.desktop_notification.terminal_notifier': Not used on non-Darwin systems
[1.083s] INFO:colcon.colcon_core.plugin_system:Skipping extension 'colcon_notification.desktop_notification.win32': Not used on non-Windows systems
[1.083s] INFO:colcon.colcon_notification.desktop_notification:Sending desktop notification using 'notify2'
[1.091s] DEBUG:colcon.colcon_core.event_reactor:joined thread
[1.091s] INFO:colcon.colcon_core.shell:Creating prefix script '/home/marco/projects/ros/rso2_ws/install/local_setup.ps1'
[1.092s] INFO:colcon.colcon_core.shell:Creating prefix util module '/home/marco/projects/ros/rso2_ws/install/_local_setup_util_ps1.py'
[1.093s] INFO:colcon.colcon_core.shell:Creating prefix chain script '/home/marco/projects/ros/rso2_ws/install/setup.ps1'
[1.095s] INFO:colcon.colcon_core.shell:Creating prefix script '/home/marco/projects/ros/rso2_ws/install/local_setup.sh'
[1.095s] INFO:colcon.colcon_core.shell:Creating prefix util module '/home/marco/projects/ros/rso2_ws/install/_local_setup_util_sh.py'
[1.096s] INFO:colcon.colcon_core.shell:Creating prefix chain script '/home/marco/projects/ros/rso2_ws/install/setup.sh'
[1.097s] INFO:colcon.colcon_core.shell:Creating prefix script '/home/marco/projects/ros/rso2_ws/install/local_setup.bash'
[1.098s] INFO:colcon.colcon_core.shell:Creating prefix chain script '/home/marco/projects/ros/rso2_ws/install/setup.bash'
[1.099s] INFO:colcon.colcon_core.shell:Creating prefix script '/home/marco/projects/ros/rso2_ws/install/local_setup.zsh'
[1.099s] INFO:colcon.colcon_core.shell:Creating prefix chain script '/home/marco/projects/ros/rso2_ws/install/setup.zsh'
