[0.062s] Invoking command in '/home/marco/projects/ros/catkin_ws/src/build/examples_rclcpp_minimal_composition': CMAKE_PREFIX_PATH=/opt/ros/humble /usr/bin/cmake /home/marco/projects/ros/catkin_ws/src/src/examples/rclcpp/composition/minimal_composition -DAMENT_CMAKE_SYMLINK_INSTALL=1 -DCMAKE_INSTALL_PREFIX=/home/marco/projects/ros/catkin_ws/src/install/examples_rclcpp_minimal_composition
[0.192s] -- The C compiler identification is GNU 11.4.0
[0.340s] -- The CXX compiler identification is GNU 11.4.0
[0.356s] -- Detecting C compiler ABI info
[0.520s] -- Detecting C compiler ABI info - done
[0.543s] -- Check for working C compiler: /usr/bin/cc - skipped
[0.543s] -- Detecting C compile features
[0.546s] -- Detecting C compile features - done
[0.557s] -- Detecting CXX compiler ABI info
[0.733s] -- Detecting CXX compiler ABI info - done
[0.744s] -- Check for working CXX compiler: /usr/bin/c++ - skipped
[0.744s] -- Detecting CXX compile features
[0.744s] -- Detecting CXX compile features - done
[0.749s] -- Found ament_cmake: 1.3.11 (/opt/ros/humble/share/ament_cmake/cmake)
[1.056s] -- Found Python3: /usr/bin/python3 (found version "3.10.12") found components: Interpreter 
[1.200s] -- Override CMake install command with custom implementation using symlinks instead of copying resources
[1.254s] -- Found rclcpp: 16.0.11 (/opt/ros/humble/share/rclcpp/cmake)
[1.299s] -- Found rosidl_generator_c: 3.1.6 (/opt/ros/humble/share/rosidl_generator_c/cmake)
[1.304s] -- Found rosidl_adapter: 3.1.6 (/opt/ros/humble/share/rosidl_adapter/cmake)
[1.313s] -- Found rosidl_generator_cpp: 3.1.6 (/opt/ros/humble/share/rosidl_generator_cpp/cmake)
[1.326s] -- Using all available rosidl_typesupport_c: rosidl_typesupport_fastrtps_c;rosidl_typesupport_introspection_c
[1.344s] -- Using all available rosidl_typesupport_cpp: rosidl_typesupport_fastrtps_cpp;rosidl_typesupport_introspection_cpp
[1.431s] -- Found rmw_implementation_cmake: 6.1.2 (/opt/ros/humble/share/rmw_implementation_cmake/cmake)
[1.432s] -- Found rmw_fastrtps_cpp: 6.2.7 (/opt/ros/humble/share/rmw_fastrtps_cpp/cmake)
[1.612s] -- Found OpenSSL: /usr/lib/x86_64-linux-gnu/libcrypto.so (found version "3.0.2")  
[1.675s] -- Found FastRTPS: /opt/ros/humble/include  
[1.763s] -- Using RMW implementation 'rmw_fastrtps_cpp' as default
[1.782s] -- Looking for pthread.h
[1.959s] -- Looking for pthread.h - found
[1.959s] -- Performing Test CMAKE_HAVE_LIBC_PTHREAD
[2.133s] -- Performing Test CMAKE_HAVE_LIBC_PTHREAD - Success
[2.134s] -- Found Threads: TRUE  
[2.281s] -- Found rclcpp_components: 16.0.11 (/opt/ros/humble/share/rclcpp_components/cmake)
[2.368s] -- Found ament_lint_auto: 0.12.11 (/opt/ros/humble/share/ament_lint_auto/cmake)
[2.574s] -- Added test 'copyright' to check source files copyright and LICENSE
[2.576s] -- Added test 'cppcheck' to perform static code analysis on C / C++ code
[2.576s] -- Configured cppcheck include dirs: /home/marco/projects/ros/catkin_ws/src/src/examples/rclcpp/composition/minimal_composition/include
[2.577s] -- Configured cppcheck exclude dirs and/or files: 
[2.578s] -- Added test 'cpplint' to check C / C++ code against the Google style
[2.578s] -- Configured cpplint exclude dirs and/or files: 
[2.579s] -- Added test 'lint_cmake' to check CMake code style
[2.581s] -- Added test 'uncrustify' to check C / C++ code style
[2.581s] -- Configured uncrustify additional arguments: 
[2.582s] -- Added test 'xmllint' to check XML markup files
[2.591s] -- Configuring done
[2.640s] -- Generating done
[2.653s] -- Build files have been written to: /home/marco/projects/ros/catkin_ws/src/build/examples_rclcpp_minimal_composition
[2.689s] Invoked command in '/home/marco/projects/ros/catkin_ws/src/build/examples_rclcpp_minimal_composition' returned '0': CMAKE_PREFIX_PATH=/opt/ros/humble /usr/bin/cmake /home/marco/projects/ros/catkin_ws/src/src/examples/rclcpp/composition/minimal_composition -DAMENT_CMAKE_SYMLINK_INSTALL=1 -DCMAKE_INSTALL_PREFIX=/home/marco/projects/ros/catkin_ws/src/install/examples_rclcpp_minimal_composition
[2.689s] Invoking command in '/home/marco/projects/ros/catkin_ws/src/build/examples_rclcpp_minimal_composition': CMAKE_PREFIX_PATH=/opt/ros/humble /usr/bin/cmake --build /home/marco/projects/ros/catkin_ws/src/build/examples_rclcpp_minimal_composition -- -j4 -l4
[2.812s] [ 11%] [32mBuilding CXX object CMakeFiles/composition_nodes.dir/src/publisher_node.cpp.o[0m
[2.825s] [ 22%] [32mBuilding CXX object CMakeFiles/composition_nodes.dir/src/subscriber_node.cpp.o[0m
[22.129s] [ 33%] [32m[1mLinking CXX shared library libcomposition_nodes.so[0m
[22.801s] [ 33%] Built target composition_nodes
[22.824s] [ 44%] [32mBuilding CXX object CMakeFiles/composition_publisher.dir/src/standalone_publisher.cpp.o[0m
[26.256s] [ 55%] [32m[1mLinking CXX executable composition_publisher[0m
[26.499s] [ 55%] Built target composition_publisher
[26.521s] [ 66%] [32mBuilding CXX object CMakeFiles/composition_composed.dir/src/composed.cpp.o[0m
[29.908s] [ 77%] [32m[1mLinking CXX executable composition_composed[0m
[30.150s] [ 77%] Built target composition_composed
[30.171s] [ 88%] [32mBuilding CXX object CMakeFiles/composition_subscriber.dir/src/standalone_subscriber.cpp.o[0m
[33.506s] [100%] [32m[1mLinking CXX executable composition_subscriber[0m
[33.753s] [100%] Built target composition_subscriber
[33.767s] Invoked command in '/home/marco/projects/ros/catkin_ws/src/build/examples_rclcpp_minimal_composition' returned '0': CMAKE_PREFIX_PATH=/opt/ros/humble /usr/bin/cmake --build /home/marco/projects/ros/catkin_ws/src/build/examples_rclcpp_minimal_composition -- -j4 -l4
[33.771s] Invoking command in '/home/marco/projects/ros/catkin_ws/src/build/examples_rclcpp_minimal_composition': CMAKE_PREFIX_PATH=/opt/ros/humble /usr/bin/cmake --install /home/marco/projects/ros/catkin_ws/src/build/examples_rclcpp_minimal_composition
[33.777s] -- Install configuration: ""
[33.778s] -- Execute custom install script
[33.779s] -- Symlinking: /home/marco/projects/ros/catkin_ws/src/install/examples_rclcpp_minimal_composition/share/examples_rclcpp_minimal_composition/environment/library_path.sh
[33.789s] -- Symlinking: /home/marco/projects/ros/catkin_ws/src/install/examples_rclcpp_minimal_composition/share/examples_rclcpp_minimal_composition/environment/library_path.dsv
[33.799s] -- Symlinking: /home/marco/projects/ros/catkin_ws/src/install/examples_rclcpp_minimal_composition/lib/libcomposition_nodes.so
[33.809s] -- Symlinking: /home/marco/projects/ros/catkin_ws/src/install/examples_rclcpp_minimal_composition/lib/examples_rclcpp_minimal_composition/composition_publisher
[33.820s] -- Symlinking: /home/marco/projects/ros/catkin_ws/src/install/examples_rclcpp_minimal_composition/lib/examples_rclcpp_minimal_composition/composition_subscriber
[33.831s] -- Symlinking: /home/marco/projects/ros/catkin_ws/src/install/examples_rclcpp_minimal_composition/lib/examples_rclcpp_minimal_composition/composition_composed
[33.840s] -- Symlinking: /home/marco/projects/ros/catkin_ws/src/install/examples_rclcpp_minimal_composition/share/ament_index/resource_index/package_run_dependencies/examples_rclcpp_minimal_composition
[33.850s] -- Symlinking: /home/marco/projects/ros/catkin_ws/src/install/examples_rclcpp_minimal_composition/share/ament_index/resource_index/parent_prefix_path/examples_rclcpp_minimal_composition
[33.867s] -- Symlinking: /home/marco/projects/ros/catkin_ws/src/install/examples_rclcpp_minimal_composition/share/examples_rclcpp_minimal_composition/environment/ament_prefix_path.sh
[33.883s] -- Symlinking: /home/marco/projects/ros/catkin_ws/src/install/examples_rclcpp_minimal_composition/share/examples_rclcpp_minimal_composition/environment/ament_prefix_path.dsv
[33.895s] -- Symlinking: /home/marco/projects/ros/catkin_ws/src/install/examples_rclcpp_minimal_composition/share/examples_rclcpp_minimal_composition/environment/path.sh
[33.902s] -- Symlinking: /home/marco/projects/ros/catkin_ws/src/install/examples_rclcpp_minimal_composition/share/examples_rclcpp_minimal_composition/environment/path.dsv
[33.913s] -- Symlinking: /home/marco/projects/ros/catkin_ws/src/install/examples_rclcpp_minimal_composition/share/examples_rclcpp_minimal_composition/local_setup.bash
[33.922s] -- Symlinking: /home/marco/projects/ros/catkin_ws/src/install/examples_rclcpp_minimal_composition/share/examples_rclcpp_minimal_composition/local_setup.sh
[33.932s] -- Symlinking: /home/marco/projects/ros/catkin_ws/src/install/examples_rclcpp_minimal_composition/share/examples_rclcpp_minimal_composition/local_setup.zsh
[33.942s] -- Symlinking: /home/marco/projects/ros/catkin_ws/src/install/examples_rclcpp_minimal_composition/share/examples_rclcpp_minimal_composition/local_setup.dsv
[33.952s] -- Symlinking: /home/marco/projects/ros/catkin_ws/src/install/examples_rclcpp_minimal_composition/share/examples_rclcpp_minimal_composition/package.dsv
[33.963s] -- Symlinking: /home/marco/projects/ros/catkin_ws/src/install/examples_rclcpp_minimal_composition/share/ament_index/resource_index/packages/examples_rclcpp_minimal_composition
[33.972s] -- Symlinking: /home/marco/projects/ros/catkin_ws/src/install/examples_rclcpp_minimal_composition/share/examples_rclcpp_minimal_composition/cmake/examples_rclcpp_minimal_compositionConfig.cmake
[33.982s] -- Symlinking: /home/marco/projects/ros/catkin_ws/src/install/examples_rclcpp_minimal_composition/share/examples_rclcpp_minimal_composition/cmake/examples_rclcpp_minimal_compositionConfig-version.cmake
[33.992s] -- Symlinking: /home/marco/projects/ros/catkin_ws/src/install/examples_rclcpp_minimal_composition/share/examples_rclcpp_minimal_composition/package.xml
[34.006s] Invoked command in '/home/marco/projects/ros/catkin_ws/src/build/examples_rclcpp_minimal_composition' returned '0': CMAKE_PREFIX_PATH=/opt/ros/humble /usr/bin/cmake --install /home/marco/projects/ros/catkin_ws/src/build/examples_rclcpp_minimal_composition
