[0.791s] Invoking command in '/home/marco/projects/ros/catkin_ws/src/build/examples_rclpy_minimal_service': PYTHONPATH=/home/marco/projects/ros/catkin_ws/src/build/examples_rclpy_minimal_service/prefix_override:/usr/lib/python3/dist-packages/colcon_core/task/python/colcon_distutils_commands:/home/marco/projects/ros/catkin_ws/src/install/examples_rclpy_minimal_service/lib/python3.10/site-packages:${PYTHONPATH} /usr/bin/python3 -W ignore:setup.py install is deprecated -W ignore:easy_install command is deprecated setup.py develop --editable --build-directory /home/marco/projects/ros/catkin_ws/src/build/examples_rclpy_minimal_service/build --no-deps symlink_data
[1.132s] running develop
[1.311s] running egg_info
[1.311s] creating examples_rclpy_minimal_service.egg-info
[1.313s] writing examples_rclpy_minimal_service.egg-info/PKG-INFO
[1.313s] writing dependency_links to examples_rclpy_minimal_service.egg-info/dependency_links.txt
[1.313s] writing entry points to examples_rclpy_minimal_service.egg-info/entry_points.txt
[1.314s] writing requirements to examples_rclpy_minimal_service.egg-info/requires.txt
[1.314s] writing top-level names to examples_rclpy_minimal_service.egg-info/top_level.txt
[1.315s] writing manifest file 'examples_rclpy_minimal_service.egg-info/SOURCES.txt'
[1.317s] reading manifest file 'examples_rclpy_minimal_service.egg-info/SOURCES.txt'
[1.318s] writing manifest file 'examples_rclpy_minimal_service.egg-info/SOURCES.txt'
[1.322s] running build_ext
[1.322s] Creating /home/marco/projects/ros/catkin_ws/src/install/examples_rclpy_minimal_service/lib/python3.10/site-packages/examples-rclpy-minimal-service.egg-link (link to .)
[1.322s] Installing service script to /home/marco/projects/ros/catkin_ws/src/install/examples_rclpy_minimal_service/lib/examples_rclpy_minimal_service
[1.323s] Installing service_member_function script to /home/marco/projects/ros/catkin_ws/src/install/examples_rclpy_minimal_service/lib/examples_rclpy_minimal_service
[1.323s] 
[1.323s] Installed /home/marco/projects/ros/catkin_ws/src/build/examples_rclpy_minimal_service
[1.324s] running symlink_data
[1.324s] creating /home/marco/projects/ros/catkin_ws/src/install/examples_rclpy_minimal_service/share/ament_index
[1.324s] creating /home/marco/projects/ros/catkin_ws/src/install/examples_rclpy_minimal_service/share/ament_index/resource_index
[1.324s] creating /home/marco/projects/ros/catkin_ws/src/install/examples_rclpy_minimal_service/share/ament_index/resource_index/packages
[1.324s] symbolically linking /home/marco/projects/ros/catkin_ws/src/build/examples_rclpy_minimal_service/resource/examples_rclpy_minimal_service -> /home/marco/projects/ros/catkin_ws/src/install/examples_rclpy_minimal_service/share/ament_index/resource_index/packages
[1.324s] symbolically linking /home/marco/projects/ros/catkin_ws/src/build/examples_rclpy_minimal_service/package.xml -> /home/marco/projects/ros/catkin_ws/src/install/examples_rclpy_minimal_service/share/examples_rclpy_minimal_service
[1.365s] Invoked command in '/home/marco/projects/ros/catkin_ws/src/build/examples_rclpy_minimal_service' returned '0': PYTHONPATH=/home/marco/projects/ros/catkin_ws/src/build/examples_rclpy_minimal_service/prefix_override:/usr/lib/python3/dist-packages/colcon_core/task/python/colcon_distutils_commands:/home/marco/projects/ros/catkin_ws/src/install/examples_rclpy_minimal_service/lib/python3.10/site-packages:${PYTHONPATH} /usr/bin/python3 -W ignore:setup.py install is deprecated -W ignore:easy_install command is deprecated setup.py develop --editable --build-directory /home/marco/projects/ros/catkin_ws/src/build/examples_rclpy_minimal_service/build --no-deps symlink_data
