[1.011s] Invoking command in '/home/marco/projects/ros/catkin_ws/src/src/examples/rclpy/topics/minimal_publisher': PYTHONPATH=/home/marco/projects/ros/build/examples_rclpy_minimal_publisher/prefix_override:/usr/lib/python3/dist-packages/colcon_core/task/python/colcon_distutils_commands:/home/marco/projects/ros/install/examples_rclpy_minimal_publisher/lib/python3.10/site-packages:${PYTHONPATH} /usr/bin/python3 -W ignore:setup.py install is deprecated -W ignore:easy_install command is deprecated setup.py egg_info --egg-base ../../../../../../../build/examples_rclpy_minimal_publisher build --build-base /home/marco/projects/ros/build/examples_rclpy_minimal_publisher/build install --record /home/marco/projects/ros/build/examples_rclpy_minimal_publisher/install.log --single-version-externally-managed install_data
[1.293s] running egg_info
[1.294s] creating ../../../../../../../build/examples_rclpy_minimal_publisher/examples_rclpy_minimal_publisher.egg-info
[1.294s] writing ../../../../../../../build/examples_rclpy_minimal_publisher/examples_rclpy_minimal_publisher.egg-info/PKG-INFO
[1.294s] writing dependency_links to ../../../../../../../build/examples_rclpy_minimal_publisher/examples_rclpy_minimal_publisher.egg-info/dependency_links.txt
[1.295s] writing entry points to ../../../../../../../build/examples_rclpy_minimal_publisher/examples_rclpy_minimal_publisher.egg-info/entry_points.txt
[1.295s] writing requirements to ../../../../../../../build/examples_rclpy_minimal_publisher/examples_rclpy_minimal_publisher.egg-info/requires.txt
[1.295s] writing top-level names to ../../../../../../../build/examples_rclpy_minimal_publisher/examples_rclpy_minimal_publisher.egg-info/top_level.txt
[1.295s] writing manifest file '../../../../../../../build/examples_rclpy_minimal_publisher/examples_rclpy_minimal_publisher.egg-info/SOURCES.txt'
[1.307s] reading manifest file '../../../../../../../build/examples_rclpy_minimal_publisher/examples_rclpy_minimal_publisher.egg-info/SOURCES.txt'
[1.307s] writing manifest file '../../../../../../../build/examples_rclpy_minimal_publisher/examples_rclpy_minimal_publisher.egg-info/SOURCES.txt'
[1.307s] running build
[1.307s] running build_py
[1.308s] creating /home/marco/projects/ros/build/examples_rclpy_minimal_publisher/build
[1.308s] creating /home/marco/projects/ros/build/examples_rclpy_minimal_publisher/build/lib
[1.308s] creating /home/marco/projects/ros/build/examples_rclpy_minimal_publisher/build/lib/examples_rclpy_minimal_publisher
[1.308s] copying examples_rclpy_minimal_publisher/publisher_local_function.py -> /home/marco/projects/ros/build/examples_rclpy_minimal_publisher/build/lib/examples_rclpy_minimal_publisher
[1.308s] copying examples_rclpy_minimal_publisher/__init__.py -> /home/marco/projects/ros/build/examples_rclpy_minimal_publisher/build/lib/examples_rclpy_minimal_publisher
[1.308s] copying examples_rclpy_minimal_publisher/publisher_member_function.py -> /home/marco/projects/ros/build/examples_rclpy_minimal_publisher/build/lib/examples_rclpy_minimal_publisher
[1.309s] copying examples_rclpy_minimal_publisher/publisher_old_school.py -> /home/marco/projects/ros/build/examples_rclpy_minimal_publisher/build/lib/examples_rclpy_minimal_publisher
[1.309s] running install
[1.310s] running install_lib
[1.311s] creating /home/marco/projects/ros/install/examples_rclpy_minimal_publisher/lib/python3.10/site-packages/examples_rclpy_minimal_publisher
[1.311s] copying /home/marco/projects/ros/build/examples_rclpy_minimal_publisher/build/lib/examples_rclpy_minimal_publisher/publisher_local_function.py -> /home/marco/projects/ros/install/examples_rclpy_minimal_publisher/lib/python3.10/site-packages/examples_rclpy_minimal_publisher
[1.311s] copying /home/marco/projects/ros/build/examples_rclpy_minimal_publisher/build/lib/examples_rclpy_minimal_publisher/__init__.py -> /home/marco/projects/ros/install/examples_rclpy_minimal_publisher/lib/python3.10/site-packages/examples_rclpy_minimal_publisher
[1.312s] copying /home/marco/projects/ros/build/examples_rclpy_minimal_publisher/build/lib/examples_rclpy_minimal_publisher/publisher_member_function.py -> /home/marco/projects/ros/install/examples_rclpy_minimal_publisher/lib/python3.10/site-packages/examples_rclpy_minimal_publisher
[1.312s] copying /home/marco/projects/ros/build/examples_rclpy_minimal_publisher/build/lib/examples_rclpy_minimal_publisher/publisher_old_school.py -> /home/marco/projects/ros/install/examples_rclpy_minimal_publisher/lib/python3.10/site-packages/examples_rclpy_minimal_publisher
[1.313s] byte-compiling /home/marco/projects/ros/install/examples_rclpy_minimal_publisher/lib/python3.10/site-packages/examples_rclpy_minimal_publisher/publisher_local_function.py to publisher_local_function.cpython-310.pyc
[1.314s] byte-compiling /home/marco/projects/ros/install/examples_rclpy_minimal_publisher/lib/python3.10/site-packages/examples_rclpy_minimal_publisher/__init__.py to __init__.cpython-310.pyc
[1.314s] byte-compiling /home/marco/projects/ros/install/examples_rclpy_minimal_publisher/lib/python3.10/site-packages/examples_rclpy_minimal_publisher/publisher_member_function.py to publisher_member_function.cpython-310.pyc
[1.314s] byte-compiling /home/marco/projects/ros/install/examples_rclpy_minimal_publisher/lib/python3.10/site-packages/examples_rclpy_minimal_publisher/publisher_old_school.py to publisher_old_school.cpython-310.pyc
[1.315s] running install_data
[1.315s] creating /home/marco/projects/ros/install/examples_rclpy_minimal_publisher/share/ament_index
[1.315s] creating /home/marco/projects/ros/install/examples_rclpy_minimal_publisher/share/ament_index/resource_index
[1.315s] creating /home/marco/projects/ros/install/examples_rclpy_minimal_publisher/share/ament_index/resource_index/packages
[1.316s] copying resource/examples_rclpy_minimal_publisher -> /home/marco/projects/ros/install/examples_rclpy_minimal_publisher/share/ament_index/resource_index/packages
[1.316s] copying package.xml -> /home/marco/projects/ros/install/examples_rclpy_minimal_publisher/share/examples_rclpy_minimal_publisher
[1.317s] running install_egg_info
[1.318s] Copying ../../../../../../../build/examples_rclpy_minimal_publisher/examples_rclpy_minimal_publisher.egg-info to /home/marco/projects/ros/install/examples_rclpy_minimal_publisher/lib/python3.10/site-packages/examples_rclpy_minimal_publisher-0.15.3-py3.10.egg-info
[1.320s] running install_scripts
[1.345s] Installing publisher_local_function script to /home/marco/projects/ros/install/examples_rclpy_minimal_publisher/lib/examples_rclpy_minimal_publisher
[1.348s] Installing publisher_member_function script to /home/marco/projects/ros/install/examples_rclpy_minimal_publisher/lib/examples_rclpy_minimal_publisher
[1.348s] Installing publisher_old_school script to /home/marco/projects/ros/install/examples_rclpy_minimal_publisher/lib/examples_rclpy_minimal_publisher
[1.348s] writing list of installed files to '/home/marco/projects/ros/build/examples_rclpy_minimal_publisher/install.log'
[1.380s] Invoked command in '/home/marco/projects/ros/catkin_ws/src/src/examples/rclpy/topics/minimal_publisher' returned '0': PYTHONPATH=/home/marco/projects/ros/build/examples_rclpy_minimal_publisher/prefix_override:/usr/lib/python3/dist-packages/colcon_core/task/python/colcon_distutils_commands:/home/marco/projects/ros/install/examples_rclpy_minimal_publisher/lib/python3.10/site-packages:${PYTHONPATH} /usr/bin/python3 -W ignore:setup.py install is deprecated -W ignore:easy_install command is deprecated setup.py egg_info --egg-base ../../../../../../../build/examples_rclpy_minimal_publisher build --build-base /home/marco/projects/ros/build/examples_rclpy_minimal_publisher/build install --record /home/marco/projects/ros/build/examples_rclpy_minimal_publisher/install.log --single-version-externally-managed install_data
