[0.011s] Invoking command in '/home/marco/projects/ros/build/examples_rclcpp_minimal_composition': CMAKE_PREFIX_PATH=${CMAKE_PREFIX_PATH}:/opt/ros/humble /usr/bin/cmake /home/marco/projects/ros/catkin_ws/src/src/examples/rclcpp/composition/minimal_composition -DCMAKE_INSTALL_PREFIX=/home/marco/projects/ros/install/examples_rclcpp_minimal_composition
[0.211s] -- The C compiler identification is GNU 11.4.0
[0.347s] -- The CXX compiler identification is GNU 11.4.0
[0.364s] -- Detecting C compiler ABI info
[0.517s] -- Detecting C compiler ABI info - done
[0.534s] -- Check for working C compiler: /usr/bin/cc - skipped
[0.535s] -- Detecting C compile features
[0.540s] -- Detecting C compile features - done
[0.545s] -- Detecting CXX compiler ABI info
[0.726s] -- Detecting CXX compiler ABI info - done
[0.743s] -- Check for working CXX compiler: /usr/bin/c++ - skipped
[0.744s] -- Detecting CXX compile features
[0.750s] -- Detecting CXX compile features - done
[0.751s] -- Found ament_cmake: 1.3.11 (/opt/ros/humble/share/ament_cmake/cmake)
[1.208s] -- Found Python3: /usr/bin/python3 (found version "3.10.12") found components: Interpreter 
[1.465s] -- Found rclcpp: 16.0.11 (/opt/ros/humble/share/rclcpp/cmake)
[1.589s] -- Found rosidl_generator_c: 3.1.6 (/opt/ros/humble/share/rosidl_generator_c/cmake)
[1.602s] -- Found rosidl_adapter: 3.1.6 (/opt/ros/humble/share/rosidl_adapter/cmake)
[1.631s] -- Found rosidl_generator_cpp: 3.1.6 (/opt/ros/humble/share/rosidl_generator_cpp/cmake)
[1.677s] -- Using all available rosidl_typesupport_c: rosidl_typesupport_fastrtps_c;rosidl_typesupport_introspection_c
[1.736s] -- Using all available rosidl_typesupport_cpp: rosidl_typesupport_fastrtps_cpp;rosidl_typesupport_introspection_cpp
[1.870s] -- Found rmw_implementation_cmake: 6.1.2 (/opt/ros/humble/share/rmw_implementation_cmake/cmake)
[1.873s] -- Found rmw_fastrtps_cpp: 6.2.7 (/opt/ros/humble/share/rmw_fastrtps_cpp/cmake)
[2.076s] -- Found OpenSSL: /usr/lib/x86_64-linux-gnu/libcrypto.so (found version "3.0.2")  
[2.184s] -- Found FastRTPS: /opt/ros/humble/include  
[2.308s] -- Using RMW implementation 'rmw_fastrtps_cpp' as default
[2.335s] -- Looking for pthread.h
[2.572s] -- Looking for pthread.h - found
[2.572s] -- Performing Test CMAKE_HAVE_LIBC_PTHREAD
[2.806s] -- Performing Test CMAKE_HAVE_LIBC_PTHREAD - Success
[2.806s] -- Found Threads: TRUE  
[3.018s] -- Found rclcpp_components: 16.0.11 (/opt/ros/humble/share/rclcpp_components/cmake)
[3.139s] -- Found ament_lint_auto: 0.12.11 (/opt/ros/humble/share/ament_lint_auto/cmake)
[3.438s] -- Added test 'copyright' to check source files copyright and LICENSE
[3.456s] -- Added test 'cppcheck' to perform static code analysis on C / C++ code
[3.456s] -- Configured cppcheck include dirs: /home/marco/projects/ros/catkin_ws/src/src/examples/rclcpp/composition/minimal_composition/include
[3.456s] -- Configured cppcheck exclude dirs and/or files: 
[3.457s] -- Added test 'cpplint' to check C / C++ code against the Google style
[3.457s] -- Configured cpplint exclude dirs and/or files: 
[3.462s] -- Added test 'lint_cmake' to check CMake code style
[3.465s] -- Added test 'uncrustify' to check C / C++ code style
[3.465s] -- Configured uncrustify additional arguments: 
[3.470s] -- Added test 'xmllint' to check XML markup files
[3.472s] -- Configuring done
[3.542s] -- Generating done
[3.576s] -- Build files have been written to: /home/marco/projects/ros/build/examples_rclcpp_minimal_composition
[3.622s] Invoked command in '/home/marco/projects/ros/build/examples_rclcpp_minimal_composition' returned '0': CMAKE_PREFIX_PATH=${CMAKE_PREFIX_PATH}:/opt/ros/humble /usr/bin/cmake /home/marco/projects/ros/catkin_ws/src/src/examples/rclcpp/composition/minimal_composition -DCMAKE_INSTALL_PREFIX=/home/marco/projects/ros/install/examples_rclcpp_minimal_composition
[3.624s] Invoking command in '/home/marco/projects/ros/build/examples_rclcpp_minimal_composition': CMAKE_PREFIX_PATH=${CMAKE_PREFIX_PATH}:/opt/ros/humble /usr/bin/cmake --build /home/marco/projects/ros/build/examples_rclcpp_minimal_composition -- -j4 -l4
[3.781s] [ 11%] [32mBuilding CXX object CMakeFiles/composition_nodes.dir/src/publisher_node.cpp.o[0m
[3.785s] [ 22%] [32mBuilding CXX object CMakeFiles/composition_nodes.dir/src/subscriber_node.cpp.o[0m
[18.584s] [ 33%] [32m[1mLinking CXX shared library libcomposition_nodes.so[0m
[19.188s] [ 33%] Built target composition_nodes
[19.208s] [ 44%] [32mBuilding CXX object CMakeFiles/composition_publisher.dir/src/standalone_publisher.cpp.o[0m
[22.620s] [ 55%] [32m[1mLinking CXX executable composition_publisher[0m
[22.899s] [ 55%] Built target composition_publisher
[22.920s] [ 66%] [32mBuilding CXX object CMakeFiles/composition_composed.dir/src/composed.cpp.o[0m
[27.783s] [ 77%] [32m[1mLinking CXX executable composition_composed[0m
[28.051s] [ 77%] Built target composition_composed
[28.085s] [ 88%] [32mBuilding CXX object CMakeFiles/composition_subscriber.dir/src/standalone_subscriber.cpp.o[0m
[31.602s] [100%] [32m[1mLinking CXX executable composition_subscriber[0m
[31.840s] [100%] Built target composition_subscriber
[31.855s] Invoked command in '/home/marco/projects/ros/build/examples_rclcpp_minimal_composition' returned '0': CMAKE_PREFIX_PATH=${CMAKE_PREFIX_PATH}:/opt/ros/humble /usr/bin/cmake --build /home/marco/projects/ros/build/examples_rclcpp_minimal_composition -- -j4 -l4
[31.856s] Invoking command in '/home/marco/projects/ros/build/examples_rclcpp_minimal_composition': CMAKE_PREFIX_PATH=${CMAKE_PREFIX_PATH}:/opt/ros/humble /usr/bin/cmake --install /home/marco/projects/ros/build/examples_rclcpp_minimal_composition
[31.863s] -- Install configuration: ""
[31.863s] -- Installing: /home/marco/projects/ros/install/examples_rclcpp_minimal_composition/share/examples_rclcpp_minimal_composition/environment/library_path.sh
[31.864s] -- Installing: /home/marco/projects/ros/install/examples_rclcpp_minimal_composition/share/examples_rclcpp_minimal_composition/environment/library_path.dsv
[31.864s] -- Installing: /home/marco/projects/ros/install/examples_rclcpp_minimal_composition/lib/libcomposition_nodes.so
[31.869s] -- Set runtime path of "/home/marco/projects/ros/install/examples_rclcpp_minimal_composition/lib/libcomposition_nodes.so" to ""
[31.869s] -- Installing: /home/marco/projects/ros/install/examples_rclcpp_minimal_composition/lib/examples_rclcpp_minimal_composition/composition_publisher
[31.870s] -- Set runtime path of "/home/marco/projects/ros/install/examples_rclcpp_minimal_composition/lib/examples_rclcpp_minimal_composition/composition_publisher" to ""
[31.870s] -- Installing: /home/marco/projects/ros/install/examples_rclcpp_minimal_composition/lib/examples_rclcpp_minimal_composition/composition_subscriber
[31.871s] -- Set runtime path of "/home/marco/projects/ros/install/examples_rclcpp_minimal_composition/lib/examples_rclcpp_minimal_composition/composition_subscriber" to ""
[31.871s] -- Installing: /home/marco/projects/ros/install/examples_rclcpp_minimal_composition/lib/examples_rclcpp_minimal_composition/composition_composed
[31.871s] -- Set runtime path of "/home/marco/projects/ros/install/examples_rclcpp_minimal_composition/lib/examples_rclcpp_minimal_composition/composition_composed" to ""
[31.871s] -- Installing: /home/marco/projects/ros/install/examples_rclcpp_minimal_composition/share/ament_index/resource_index/package_run_dependencies/examples_rclcpp_minimal_composition
[31.872s] -- Installing: /home/marco/projects/ros/install/examples_rclcpp_minimal_composition/share/ament_index/resource_index/parent_prefix_path/examples_rclcpp_minimal_composition
[31.872s] -- Installing: /home/marco/projects/ros/install/examples_rclcpp_minimal_composition/share/examples_rclcpp_minimal_composition/environment/ament_prefix_path.sh
[31.872s] -- Installing: /home/marco/projects/ros/install/examples_rclcpp_minimal_composition/share/examples_rclcpp_minimal_composition/environment/ament_prefix_path.dsv
[31.873s] -- Installing: /home/marco/projects/ros/install/examples_rclcpp_minimal_composition/share/examples_rclcpp_minimal_composition/environment/path.sh
[31.873s] -- Installing: /home/marco/projects/ros/install/examples_rclcpp_minimal_composition/share/examples_rclcpp_minimal_composition/environment/path.dsv
[31.873s] -- Installing: /home/marco/projects/ros/install/examples_rclcpp_minimal_composition/share/examples_rclcpp_minimal_composition/local_setup.bash
[31.873s] -- Installing: /home/marco/projects/ros/install/examples_rclcpp_minimal_composition/share/examples_rclcpp_minimal_composition/local_setup.sh
[31.874s] -- Installing: /home/marco/projects/ros/install/examples_rclcpp_minimal_composition/share/examples_rclcpp_minimal_composition/local_setup.zsh
[31.874s] -- Installing: /home/marco/projects/ros/install/examples_rclcpp_minimal_composition/share/examples_rclcpp_minimal_composition/local_setup.dsv
[31.874s] -- Installing: /home/marco/projects/ros/install/examples_rclcpp_minimal_composition/share/examples_rclcpp_minimal_composition/package.dsv
[31.874s] -- Installing: /home/marco/projects/ros/install/examples_rclcpp_minimal_composition/share/ament_index/resource_index/packages/examples_rclcpp_minimal_composition
[31.874s] -- Installing: /home/marco/projects/ros/install/examples_rclcpp_minimal_composition/share/examples_rclcpp_minimal_composition/cmake/examples_rclcpp_minimal_compositionConfig.cmake
[31.875s] -- Installing: /home/marco/projects/ros/install/examples_rclcpp_minimal_composition/share/examples_rclcpp_minimal_composition/cmake/examples_rclcpp_minimal_compositionConfig-version.cmake
[31.876s] -- Installing: /home/marco/projects/ros/install/examples_rclcpp_minimal_composition/share/examples_rclcpp_minimal_composition/package.xml
[31.877s] Invoked command in '/home/marco/projects/ros/build/examples_rclcpp_minimal_composition' returned '0': CMAKE_PREFIX_PATH=${CMAKE_PREFIX_PATH}:/opt/ros/humble /usr/bin/cmake --install /home/marco/projects/ros/build/examples_rclcpp_minimal_composition
