[0.988s] Invoking command in '/home/marco/projects/ros/catkin_ws/src/build/examples_rclpy_executors': PYTHONPATH=/home/marco/projects/ros/catkin_ws/src/build/examples_rclpy_executors/prefix_override:/usr/lib/python3/dist-packages/colcon_core/task/python/colcon_distutils_commands:/home/marco/projects/ros/catkin_ws/src/install/examples_rclpy_executors/lib/python3.10/site-packages:${PYTHONPATH} /usr/bin/python3 -W ignore:setup.py install is deprecated -W ignore:easy_install command is deprecated setup.py develop --editable --build-directory /home/marco/projects/ros/catkin_ws/src/build/examples_rclpy_executors/build --no-deps symlink_data
[1.331s] running develop
[1.531s] running egg_info
[1.531s] creating examples_rclpy_executors.egg-info
[1.532s] writing examples_rclpy_executors.egg-info/PKG-INFO
[1.532s] writing dependency_links to examples_rclpy_executors.egg-info/dependency_links.txt
[1.532s] writing entry points to examples_rclpy_executors.egg-info/entry_points.txt
[1.532s] writing requirements to examples_rclpy_executors.egg-info/requires.txt
[1.532s] writing top-level names to examples_rclpy_executors.egg-info/top_level.txt
[1.532s] writing manifest file 'examples_rclpy_executors.egg-info/SOURCES.txt'
[1.535s] reading manifest file 'examples_rclpy_executors.egg-info/SOURCES.txt'
[1.535s] writing manifest file 'examples_rclpy_executors.egg-info/SOURCES.txt'
[1.537s] running build_ext
[1.537s] Creating /home/marco/projects/ros/catkin_ws/src/install/examples_rclpy_executors/lib/python3.10/site-packages/examples-rclpy-executors.egg-link (link to .)
[1.538s] Installing callback_group script to /home/marco/projects/ros/catkin_ws/src/install/examples_rclpy_executors/lib/examples_rclpy_executors
[1.538s] Installing composed script to /home/marco/projects/ros/catkin_ws/src/install/examples_rclpy_executors/lib/examples_rclpy_executors
[1.538s] Installing custom_callback_group script to /home/marco/projects/ros/catkin_ws/src/install/examples_rclpy_executors/lib/examples_rclpy_executors
[1.538s] Installing custom_executor script to /home/marco/projects/ros/catkin_ws/src/install/examples_rclpy_executors/lib/examples_rclpy_executors
[1.538s] Installing listener script to /home/marco/projects/ros/catkin_ws/src/install/examples_rclpy_executors/lib/examples_rclpy_executors
[1.538s] Installing talker script to /home/marco/projects/ros/catkin_ws/src/install/examples_rclpy_executors/lib/examples_rclpy_executors
[1.539s] 
[1.539s] Installed /home/marco/projects/ros/catkin_ws/src/build/examples_rclpy_executors
[1.539s] running symlink_data
[1.539s] creating /home/marco/projects/ros/catkin_ws/src/install/examples_rclpy_executors/share/ament_index
[1.539s] creating /home/marco/projects/ros/catkin_ws/src/install/examples_rclpy_executors/share/ament_index/resource_index
[1.539s] creating /home/marco/projects/ros/catkin_ws/src/install/examples_rclpy_executors/share/ament_index/resource_index/packages
[1.539s] symbolically linking /home/marco/projects/ros/catkin_ws/src/build/examples_rclpy_executors/resource/examples_rclpy_executors -> /home/marco/projects/ros/catkin_ws/src/install/examples_rclpy_executors/share/ament_index/resource_index/packages
[1.541s] symbolically linking /home/marco/projects/ros/catkin_ws/src/build/examples_rclpy_executors/package.xml -> /home/marco/projects/ros/catkin_ws/src/install/examples_rclpy_executors/share/examples_rclpy_executors
[1.575s] Invoked command in '/home/marco/projects/ros/catkin_ws/src/build/examples_rclpy_executors' returned '0': PYTHONPATH=/home/marco/projects/ros/catkin_ws/src/build/examples_rclpy_executors/prefix_override:/usr/lib/python3/dist-packages/colcon_core/task/python/colcon_distutils_commands:/home/marco/projects/ros/catkin_ws/src/install/examples_rclpy_executors/lib/python3.10/site-packages:${PYTHONPATH} /usr/bin/python3 -W ignore:setup.py install is deprecated -W ignore:easy_install command is deprecated setup.py develop --editable --build-directory /home/marco/projects/ros/catkin_ws/src/build/examples_rclpy_executors/build --no-deps symlink_data
