[1.004s] Invoking command in '/home/marco/projects/ros/catkin_ws/src/src/examples/rclpy/actions/minimal_action_server': PYTHONPATH=/home/marco/projects/ros/build/examples_rclpy_minimal_action_server/prefix_override:/usr/lib/python3/dist-packages/colcon_core/task/python/colcon_distutils_commands:/home/marco/projects/ros/install/examples_rclpy_minimal_action_server/lib/python3.10/site-packages:${PYTHONPATH} /usr/bin/python3 -W ignore:setup.py install is deprecated -W ignore:easy_install command is deprecated setup.py egg_info --egg-base ../../../../../../../build/examples_rclpy_minimal_action_server build --build-base /home/marco/projects/ros/build/examples_rclpy_minimal_action_server/build install --record /home/marco/projects/ros/build/examples_rclpy_minimal_action_server/install.log --single-version-externally-managed install_data
[1.315s] running egg_info
[1.317s] creating ../../../../../../../build/examples_rclpy_minimal_action_server/examples_rclpy_minimal_action_server.egg-info
[1.317s] writing ../../../../../../../build/examples_rclpy_minimal_action_server/examples_rclpy_minimal_action_server.egg-info/PKG-INFO
[1.317s] writing dependency_links to ../../../../../../../build/examples_rclpy_minimal_action_server/examples_rclpy_minimal_action_server.egg-info/dependency_links.txt
[1.318s] writing entry points to ../../../../../../../build/examples_rclpy_minimal_action_server/examples_rclpy_minimal_action_server.egg-info/entry_points.txt
[1.318s] writing requirements to ../../../../../../../build/examples_rclpy_minimal_action_server/examples_rclpy_minimal_action_server.egg-info/requires.txt
[1.318s] writing top-level names to ../../../../../../../build/examples_rclpy_minimal_action_server/examples_rclpy_minimal_action_server.egg-info/top_level.txt
[1.318s] writing manifest file '../../../../../../../build/examples_rclpy_minimal_action_server/examples_rclpy_minimal_action_server.egg-info/SOURCES.txt'
[1.328s] reading manifest file '../../../../../../../build/examples_rclpy_minimal_action_server/examples_rclpy_minimal_action_server.egg-info/SOURCES.txt'
[1.330s] writing manifest file '../../../../../../../build/examples_rclpy_minimal_action_server/examples_rclpy_minimal_action_server.egg-info/SOURCES.txt'
[1.330s] running build
[1.330s] running build_py
[1.330s] creating /home/marco/projects/ros/build/examples_rclpy_minimal_action_server/build
[1.330s] creating /home/marco/projects/ros/build/examples_rclpy_minimal_action_server/build/lib
[1.331s] creating /home/marco/projects/ros/build/examples_rclpy_minimal_action_server/build/lib/examples_rclpy_minimal_action_server
[1.331s] copying examples_rclpy_minimal_action_server/server_single_goal.py -> /home/marco/projects/ros/build/examples_rclpy_minimal_action_server/build/lib/examples_rclpy_minimal_action_server
[1.331s] copying examples_rclpy_minimal_action_server/server_defer.py -> /home/marco/projects/ros/build/examples_rclpy_minimal_action_server/build/lib/examples_rclpy_minimal_action_server
[1.331s] copying examples_rclpy_minimal_action_server/server_queue_goals.py -> /home/marco/projects/ros/build/examples_rclpy_minimal_action_server/build/lib/examples_rclpy_minimal_action_server
[1.332s] copying examples_rclpy_minimal_action_server/server_not_composable.py -> /home/marco/projects/ros/build/examples_rclpy_minimal_action_server/build/lib/examples_rclpy_minimal_action_server
[1.332s] copying examples_rclpy_minimal_action_server/server.py -> /home/marco/projects/ros/build/examples_rclpy_minimal_action_server/build/lib/examples_rclpy_minimal_action_server
[1.333s] copying examples_rclpy_minimal_action_server/__init__.py -> /home/marco/projects/ros/build/examples_rclpy_minimal_action_server/build/lib/examples_rclpy_minimal_action_server
[1.333s] running install
[1.333s] running install_lib
[1.334s] creating /home/marco/projects/ros/install/examples_rclpy_minimal_action_server/lib/python3.10/site-packages/examples_rclpy_minimal_action_server
[1.335s] copying /home/marco/projects/ros/build/examples_rclpy_minimal_action_server/build/lib/examples_rclpy_minimal_action_server/server_single_goal.py -> /home/marco/projects/ros/install/examples_rclpy_minimal_action_server/lib/python3.10/site-packages/examples_rclpy_minimal_action_server
[1.335s] copying /home/marco/projects/ros/build/examples_rclpy_minimal_action_server/build/lib/examples_rclpy_minimal_action_server/server_defer.py -> /home/marco/projects/ros/install/examples_rclpy_minimal_action_server/lib/python3.10/site-packages/examples_rclpy_minimal_action_server
[1.335s] copying /home/marco/projects/ros/build/examples_rclpy_minimal_action_server/build/lib/examples_rclpy_minimal_action_server/server_queue_goals.py -> /home/marco/projects/ros/install/examples_rclpy_minimal_action_server/lib/python3.10/site-packages/examples_rclpy_minimal_action_server
[1.335s] copying /home/marco/projects/ros/build/examples_rclpy_minimal_action_server/build/lib/examples_rclpy_minimal_action_server/server_not_composable.py -> /home/marco/projects/ros/install/examples_rclpy_minimal_action_server/lib/python3.10/site-packages/examples_rclpy_minimal_action_server
[1.335s] copying /home/marco/projects/ros/build/examples_rclpy_minimal_action_server/build/lib/examples_rclpy_minimal_action_server/server.py -> /home/marco/projects/ros/install/examples_rclpy_minimal_action_server/lib/python3.10/site-packages/examples_rclpy_minimal_action_server
[1.336s] copying /home/marco/projects/ros/build/examples_rclpy_minimal_action_server/build/lib/examples_rclpy_minimal_action_server/__init__.py -> /home/marco/projects/ros/install/examples_rclpy_minimal_action_server/lib/python3.10/site-packages/examples_rclpy_minimal_action_server
[1.336s] byte-compiling /home/marco/projects/ros/install/examples_rclpy_minimal_action_server/lib/python3.10/site-packages/examples_rclpy_minimal_action_server/server_single_goal.py to server_single_goal.cpython-310.pyc
[1.338s] byte-compiling /home/marco/projects/ros/install/examples_rclpy_minimal_action_server/lib/python3.10/site-packages/examples_rclpy_minimal_action_server/server_defer.py to server_defer.cpython-310.pyc
[1.339s] byte-compiling /home/marco/projects/ros/install/examples_rclpy_minimal_action_server/lib/python3.10/site-packages/examples_rclpy_minimal_action_server/server_queue_goals.py to server_queue_goals.cpython-310.pyc
[1.340s] byte-compiling /home/marco/projects/ros/install/examples_rclpy_minimal_action_server/lib/python3.10/site-packages/examples_rclpy_minimal_action_server/server_not_composable.py to server_not_composable.cpython-310.pyc
[1.340s] byte-compiling /home/marco/projects/ros/install/examples_rclpy_minimal_action_server/lib/python3.10/site-packages/examples_rclpy_minimal_action_server/server.py to server.cpython-310.pyc
[1.341s] byte-compiling /home/marco/projects/ros/install/examples_rclpy_minimal_action_server/lib/python3.10/site-packages/examples_rclpy_minimal_action_server/__init__.py to __init__.cpython-310.pyc
[1.341s] running install_data
[1.341s] creating /home/marco/projects/ros/install/examples_rclpy_minimal_action_server/share/ament_index
[1.342s] creating /home/marco/projects/ros/install/examples_rclpy_minimal_action_server/share/ament_index/resource_index
[1.342s] creating /home/marco/projects/ros/install/examples_rclpy_minimal_action_server/share/ament_index/resource_index/packages
[1.342s] copying resource/examples_rclpy_minimal_action_server -> /home/marco/projects/ros/install/examples_rclpy_minimal_action_server/share/ament_index/resource_index/packages
[1.342s] copying package.xml -> /home/marco/projects/ros/install/examples_rclpy_minimal_action_server/share/examples_rclpy_minimal_action_server
[1.344s] running install_egg_info
[1.345s] Copying ../../../../../../../build/examples_rclpy_minimal_action_server/examples_rclpy_minimal_action_server.egg-info to /home/marco/projects/ros/install/examples_rclpy_minimal_action_server/lib/python3.10/site-packages/examples_rclpy_minimal_action_server-0.15.3-py3.10.egg-info
[1.346s] running install_scripts
[1.370s] Installing server script to /home/marco/projects/ros/install/examples_rclpy_minimal_action_server/lib/examples_rclpy_minimal_action_server
[1.371s] Installing server_defer script to /home/marco/projects/ros/install/examples_rclpy_minimal_action_server/lib/examples_rclpy_minimal_action_server
[1.371s] Installing server_not_composable script to /home/marco/projects/ros/install/examples_rclpy_minimal_action_server/lib/examples_rclpy_minimal_action_server
[1.371s] Installing server_queue_goals script to /home/marco/projects/ros/install/examples_rclpy_minimal_action_server/lib/examples_rclpy_minimal_action_server
[1.371s] Installing server_single_goal script to /home/marco/projects/ros/install/examples_rclpy_minimal_action_server/lib/examples_rclpy_minimal_action_server
[1.372s] writing list of installed files to '/home/marco/projects/ros/build/examples_rclpy_minimal_action_server/install.log'
[1.405s] Invoked command in '/home/marco/projects/ros/catkin_ws/src/src/examples/rclpy/actions/minimal_action_server' returned '0': PYTHONPATH=/home/marco/projects/ros/build/examples_rclpy_minimal_action_server/prefix_override:/usr/lib/python3/dist-packages/colcon_core/task/python/colcon_distutils_commands:/home/marco/projects/ros/install/examples_rclpy_minimal_action_server/lib/python3.10/site-packages:${PYTHONPATH} /usr/bin/python3 -W ignore:setup.py install is deprecated -W ignore:easy_install command is deprecated setup.py egg_info --egg-base ../../../../../../../build/examples_rclpy_minimal_action_server build --build-base /home/marco/projects/ros/build/examples_rclpy_minimal_action_server/build install --record /home/marco/projects/ros/build/examples_rclpy_minimal_action_server/install.log --single-version-externally-managed install_data
