[0.007s] Invoking command in '/home/marco/projects/ros/rso2_ws/build/my_robot_description': CMAKE_PREFIX_PATH=/opt/ros/humble /usr/bin/cmake /home/marco/projects/ros/rso2_ws/src/my_robot_description -DCMAKE_INSTALL_PREFIX=/home/marco/projects/ros/rso2_ws/install/my_robot_description
[0.087s] -- The C compiler identification is GNU 11.4.0
[0.153s] -- The CXX compiler identification is GNU 11.4.0
[0.161s] -- Detecting C compiler ABI info
[0.211s] -- Detecting C compiler ABI info - done
[0.216s] -- Check for working C compiler: /usr/bin/cc - skipped
[0.216s] -- Detecting C compile features
[0.217s] -- Detecting C compile features - done
[0.220s] -- Detecting CXX compiler ABI info
[0.276s] -- Detecting CXX compiler ABI info - done
[0.281s] -- Check for working CXX compiler: /usr/bin/c++ - skipped
[0.281s] -- Detecting CXX compile features
[0.282s] -- Detecting CXX compile features - done
[0.287s] -- Found ament_cmake: 1.3.11 (/opt/ros/humble/share/ament_cmake/cmake)
[0.395s] -- Found Python3: /usr/bin/python3 (found version "3.10.12") found components: Interpreter 
[0.515s] -- Configuring done
[0.516s] -- Generating done
[0.517s] -- Build files have been written to: /home/marco/projects/ros/rso2_ws/build/my_robot_description
[0.521s] Invoked command in '/home/marco/projects/ros/rso2_ws/build/my_robot_description' returned '0': CMAKE_PREFIX_PATH=/opt/ros/humble /usr/bin/cmake /home/marco/projects/ros/rso2_ws/src/my_robot_description -DCMAKE_INSTALL_PREFIX=/home/marco/projects/ros/rso2_ws/install/my_robot_description
[0.522s] Invoking command in '/home/marco/projects/ros/rso2_ws/build/my_robot_description': CMAKE_PREFIX_PATH=/opt/ros/humble /usr/bin/cmake --build /home/marco/projects/ros/rso2_ws/build/my_robot_description -- -j4 -l4
[0.548s] Invoked command in '/home/marco/projects/ros/rso2_ws/build/my_robot_description' returned '0': CMAKE_PREFIX_PATH=/opt/ros/humble /usr/bin/cmake --build /home/marco/projects/ros/rso2_ws/build/my_robot_description -- -j4 -l4
[0.555s] Invoking command in '/home/marco/projects/ros/rso2_ws/build/my_robot_description': CMAKE_PREFIX_PATH=/opt/ros/humble /usr/bin/cmake --install /home/marco/projects/ros/rso2_ws/build/my_robot_description
[0.560s] -- Install configuration: ""
[0.560s] -- Installing: /home/marco/projects/ros/rso2_ws/install/my_robot_description/share/my_robot_description//urdf
[0.560s] -- Installing: /home/marco/projects/ros/rso2_ws/install/my_robot_description/share/my_robot_description//urdf/my_robot.urdf
[0.560s] -- Installing: /home/marco/projects/ros/rso2_ws/install/my_robot_description/share/ament_index/resource_index/package_run_dependencies/my_robot_description
[0.560s] -- Installing: /home/marco/projects/ros/rso2_ws/install/my_robot_description/share/ament_index/resource_index/parent_prefix_path/my_robot_description
[0.561s] -- Installing: /home/marco/projects/ros/rso2_ws/install/my_robot_description/share/my_robot_description/environment/ament_prefix_path.sh
[0.561s] -- Installing: /home/marco/projects/ros/rso2_ws/install/my_robot_description/share/my_robot_description/environment/ament_prefix_path.dsv
[0.561s] -- Installing: /home/marco/projects/ros/rso2_ws/install/my_robot_description/share/my_robot_description/environment/path.sh
[0.561s] -- Installing: /home/marco/projects/ros/rso2_ws/install/my_robot_description/share/my_robot_description/environment/path.dsv
[0.561s] -- Installing: /home/marco/projects/ros/rso2_ws/install/my_robot_description/share/my_robot_description/local_setup.bash
[0.561s] -- Installing: /home/marco/projects/ros/rso2_ws/install/my_robot_description/share/my_robot_description/local_setup.sh
[0.561s] -- Installing: /home/marco/projects/ros/rso2_ws/install/my_robot_description/share/my_robot_description/local_setup.zsh
[0.561s] -- Installing: /home/marco/projects/ros/rso2_ws/install/my_robot_description/share/my_robot_description/local_setup.dsv
[0.561s] -- Installing: /home/marco/projects/ros/rso2_ws/install/my_robot_description/share/my_robot_description/package.dsv
[0.561s] -- Installing: /home/marco/projects/ros/rso2_ws/install/my_robot_description/share/ament_index/resource_index/packages/my_robot_description
[0.562s] -- Installing: /home/marco/projects/ros/rso2_ws/install/my_robot_description/share/my_robot_description/cmake/my_robot_descriptionConfig.cmake
[0.562s] -- Installing: /home/marco/projects/ros/rso2_ws/install/my_robot_description/share/my_robot_description/cmake/my_robot_descriptionConfig-version.cmake
[0.562s] -- Installing: /home/marco/projects/ros/rso2_ws/install/my_robot_description/share/my_robot_description/package.xml
[0.563s] Invoked command in '/home/marco/projects/ros/rso2_ws/build/my_robot_description' returned '0': CMAKE_PREFIX_PATH=/opt/ros/humble /usr/bin/cmake --install /home/marco/projects/ros/rso2_ws/build/my_robot_description
