[0.781s] Invoking command in '/home/marco/projects/ros/catkin_ws/src/build/examples_rclpy_minimal_client': PYTHONPATH=/home/marco/projects/ros/catkin_ws/src/build/examples_rclpy_minimal_client/prefix_override:/usr/lib/python3/dist-packages/colcon_core/task/python/colcon_distutils_commands:/home/marco/projects/ros/catkin_ws/src/install/examples_rclpy_minimal_client/lib/python3.10/site-packages:${PYTHONPATH} /usr/bin/python3 -W ignore:setup.py install is deprecated -W ignore:easy_install command is deprecated setup.py develop --editable --build-directory /home/marco/projects/ros/catkin_ws/src/build/examples_rclpy_minimal_client/build --no-deps symlink_data
[1.110s] running develop
[1.311s] running egg_info
[1.312s] creating examples_rclpy_minimal_client.egg-info
[1.314s] writing examples_rclpy_minimal_client.egg-info/PKG-INFO
[1.314s] writing dependency_links to examples_rclpy_minimal_client.egg-info/dependency_links.txt
[1.315s] writing entry points to examples_rclpy_minimal_client.egg-info/entry_points.txt
[1.316s] writing requirements to examples_rclpy_minimal_client.egg-info/requires.txt
[1.316s] writing top-level names to examples_rclpy_minimal_client.egg-info/top_level.txt
[1.317s] writing manifest file 'examples_rclpy_minimal_client.egg-info/SOURCES.txt'
[1.320s] reading manifest file 'examples_rclpy_minimal_client.egg-info/SOURCES.txt'
[1.321s] writing manifest file 'examples_rclpy_minimal_client.egg-info/SOURCES.txt'
[1.324s] running build_ext
[1.324s] Creating /home/marco/projects/ros/catkin_ws/src/install/examples_rclpy_minimal_client/lib/python3.10/site-packages/examples-rclpy-minimal-client.egg-link (link to .)
[1.326s] Installing client script to /home/marco/projects/ros/catkin_ws/src/install/examples_rclpy_minimal_client/lib/examples_rclpy_minimal_client
[1.327s] Installing client_async script to /home/marco/projects/ros/catkin_ws/src/install/examples_rclpy_minimal_client/lib/examples_rclpy_minimal_client
[1.328s] Installing client_async_callback script to /home/marco/projects/ros/catkin_ws/src/install/examples_rclpy_minimal_client/lib/examples_rclpy_minimal_client
[1.328s] Installing client_async_member_function script to /home/marco/projects/ros/catkin_ws/src/install/examples_rclpy_minimal_client/lib/examples_rclpy_minimal_client
[1.328s] 
[1.329s] Installed /home/marco/projects/ros/catkin_ws/src/build/examples_rclpy_minimal_client
[1.329s] running symlink_data
[1.330s] creating /home/marco/projects/ros/catkin_ws/src/install/examples_rclpy_minimal_client/share/ament_index
[1.330s] creating /home/marco/projects/ros/catkin_ws/src/install/examples_rclpy_minimal_client/share/ament_index/resource_index
[1.330s] creating /home/marco/projects/ros/catkin_ws/src/install/examples_rclpy_minimal_client/share/ament_index/resource_index/packages
[1.330s] symbolically linking /home/marco/projects/ros/catkin_ws/src/build/examples_rclpy_minimal_client/resource/examples_rclpy_minimal_client -> /home/marco/projects/ros/catkin_ws/src/install/examples_rclpy_minimal_client/share/ament_index/resource_index/packages
[1.331s] symbolically linking /home/marco/projects/ros/catkin_ws/src/build/examples_rclpy_minimal_client/package.xml -> /home/marco/projects/ros/catkin_ws/src/install/examples_rclpy_minimal_client/share/examples_rclpy_minimal_client
[1.372s] Invoked command in '/home/marco/projects/ros/catkin_ws/src/build/examples_rclpy_minimal_client' returned '0': PYTHONPATH=/home/marco/projects/ros/catkin_ws/src/build/examples_rclpy_minimal_client/prefix_override:/usr/lib/python3/dist-packages/colcon_core/task/python/colcon_distutils_commands:/home/marco/projects/ros/catkin_ws/src/install/examples_rclpy_minimal_client/lib/python3.10/site-packages:${PYTHONPATH} /usr/bin/python3 -W ignore:setup.py install is deprecated -W ignore:easy_install command is deprecated setup.py develop --editable --build-directory /home/marco/projects/ros/catkin_ws/src/build/examples_rclpy_minimal_client/build --no-deps symlink_data
