[0.762s] Invoking command in '/home/marco/projects/ros/catkin_ws/src/build/examples_rclpy_minimal_action_client': PYTHONPATH=/home/marco/projects/ros/catkin_ws/src/build/examples_rclpy_minimal_action_client/prefix_override:/usr/lib/python3/dist-packages/colcon_core/task/python/colcon_distutils_commands:/home/marco/projects/ros/catkin_ws/src/install/examples_rclpy_minimal_action_client/lib/python3.10/site-packages:${PYTHONPATH} /usr/bin/python3 -W ignore:setup.py install is deprecated -W ignore:easy_install command is deprecated setup.py develop --editable --build-directory /home/marco/projects/ros/catkin_ws/src/build/examples_rclpy_minimal_action_client/build --no-deps symlink_data
[1.059s] running develop
[1.237s] running egg_info
[1.237s] creating examples_rclpy_minimal_action_client.egg-info
[1.238s] writing examples_rclpy_minimal_action_client.egg-info/PKG-INFO
[1.239s] writing dependency_links to examples_rclpy_minimal_action_client.egg-info/dependency_links.txt
[1.240s] writing entry points to examples_rclpy_minimal_action_client.egg-info/entry_points.txt
[1.241s] writing requirements to examples_rclpy_minimal_action_client.egg-info/requires.txt
[1.241s] writing top-level names to examples_rclpy_minimal_action_client.egg-info/top_level.txt
[1.242s] writing manifest file 'examples_rclpy_minimal_action_client.egg-info/SOURCES.txt'
[1.244s] reading manifest file 'examples_rclpy_minimal_action_client.egg-info/SOURCES.txt'
[1.246s] writing manifest file 'examples_rclpy_minimal_action_client.egg-info/SOURCES.txt'
[1.247s] running build_ext
[1.247s] Creating /home/marco/projects/ros/catkin_ws/src/install/examples_rclpy_minimal_action_client/lib/python3.10/site-packages/examples-rclpy-minimal-action-client.egg-link (link to .)
[1.249s] Installing client script to /home/marco/projects/ros/catkin_ws/src/install/examples_rclpy_minimal_action_client/lib/examples_rclpy_minimal_action_client
[1.251s] Installing client_asyncio script to /home/marco/projects/ros/catkin_ws/src/install/examples_rclpy_minimal_action_client/lib/examples_rclpy_minimal_action_client
[1.251s] Installing client_cancel script to /home/marco/projects/ros/catkin_ws/src/install/examples_rclpy_minimal_action_client/lib/examples_rclpy_minimal_action_client
[1.251s] Installing client_not_composable script to /home/marco/projects/ros/catkin_ws/src/install/examples_rclpy_minimal_action_client/lib/examples_rclpy_minimal_action_client
[1.252s] 
[1.252s] Installed /home/marco/projects/ros/catkin_ws/src/build/examples_rclpy_minimal_action_client
[1.253s] running symlink_data
[1.253s] creating /home/marco/projects/ros/catkin_ws/src/install/examples_rclpy_minimal_action_client/share/ament_index
[1.253s] creating /home/marco/projects/ros/catkin_ws/src/install/examples_rclpy_minimal_action_client/share/ament_index/resource_index
[1.253s] creating /home/marco/projects/ros/catkin_ws/src/install/examples_rclpy_minimal_action_client/share/ament_index/resource_index/packages
[1.253s] symbolically linking /home/marco/projects/ros/catkin_ws/src/build/examples_rclpy_minimal_action_client/resource/examples_rclpy_minimal_action_client -> /home/marco/projects/ros/catkin_ws/src/install/examples_rclpy_minimal_action_client/share/ament_index/resource_index/packages
[1.253s] symbolically linking /home/marco/projects/ros/catkin_ws/src/build/examples_rclpy_minimal_action_client/package.xml -> /home/marco/projects/ros/catkin_ws/src/install/examples_rclpy_minimal_action_client/share/examples_rclpy_minimal_action_client
[1.289s] Invoked command in '/home/marco/projects/ros/catkin_ws/src/build/examples_rclpy_minimal_action_client' returned '0': PYTHONPATH=/home/marco/projects/ros/catkin_ws/src/build/examples_rclpy_minimal_action_client/prefix_override:/usr/lib/python3/dist-packages/colcon_core/task/python/colcon_distutils_commands:/home/marco/projects/ros/catkin_ws/src/install/examples_rclpy_minimal_action_client/lib/python3.10/site-packages:${PYTHONPATH} /usr/bin/python3 -W ignore:setup.py install is deprecated -W ignore:easy_install command is deprecated setup.py develop --editable --build-directory /home/marco/projects/ros/catkin_ws/src/build/examples_rclpy_minimal_action_client/build --no-deps symlink_data
