[0.802s] Invoking command in '/home/marco/projects/ros/catkin_ws/src/build/examples_rclpy_minimal_action_server': PYTHONPATH=/home/marco/projects/ros/catkin_ws/src/build/examples_rclpy_minimal_action_server/prefix_override:/usr/lib/python3/dist-packages/colcon_core/task/python/colcon_distutils_commands:/home/marco/projects/ros/catkin_ws/src/install/examples_rclpy_minimal_action_server/lib/python3.10/site-packages:${PYTHONPATH} /usr/bin/python3 -W ignore:setup.py install is deprecated -W ignore:easy_install command is deprecated setup.py develop --editable --build-directory /home/marco/projects/ros/catkin_ws/src/build/examples_rclpy_minimal_action_server/build --no-deps symlink_data
[1.159s] running develop
[1.356s] running egg_info
[1.356s] creating examples_rclpy_minimal_action_server.egg-info
[1.358s] writing examples_rclpy_minimal_action_server.egg-info/PKG-INFO
[1.359s] writing dependency_links to examples_rclpy_minimal_action_server.egg-info/dependency_links.txt
[1.360s] writing entry points to examples_rclpy_minimal_action_server.egg-info/entry_points.txt
[1.363s] writing requirements to examples_rclpy_minimal_action_server.egg-info/requires.txt
[1.363s] writing top-level names to examples_rclpy_minimal_action_server.egg-info/top_level.txt
[1.363s] writing manifest file 'examples_rclpy_minimal_action_server.egg-info/SOURCES.txt'
[1.364s] reading manifest file 'examples_rclpy_minimal_action_server.egg-info/SOURCES.txt'
[1.365s] writing manifest file 'examples_rclpy_minimal_action_server.egg-info/SOURCES.txt'
[1.368s] running build_ext
[1.370s] Creating /home/marco/projects/ros/catkin_ws/src/install/examples_rclpy_minimal_action_server/lib/python3.10/site-packages/examples-rclpy-minimal-action-server.egg-link (link to .)
[1.370s] Installing server script to /home/marco/projects/ros/catkin_ws/src/install/examples_rclpy_minimal_action_server/lib/examples_rclpy_minimal_action_server
[1.371s] Installing server_defer script to /home/marco/projects/ros/catkin_ws/src/install/examples_rclpy_minimal_action_server/lib/examples_rclpy_minimal_action_server
[1.372s] Installing server_not_composable script to /home/marco/projects/ros/catkin_ws/src/install/examples_rclpy_minimal_action_server/lib/examples_rclpy_minimal_action_server
[1.372s] Installing server_queue_goals script to /home/marco/projects/ros/catkin_ws/src/install/examples_rclpy_minimal_action_server/lib/examples_rclpy_minimal_action_server
[1.373s] Installing server_single_goal script to /home/marco/projects/ros/catkin_ws/src/install/examples_rclpy_minimal_action_server/lib/examples_rclpy_minimal_action_server
[1.374s] 
[1.374s] Installed /home/marco/projects/ros/catkin_ws/src/build/examples_rclpy_minimal_action_server
[1.377s] running symlink_data
[1.377s] creating /home/marco/projects/ros/catkin_ws/src/install/examples_rclpy_minimal_action_server/share/ament_index
[1.377s] creating /home/marco/projects/ros/catkin_ws/src/install/examples_rclpy_minimal_action_server/share/ament_index/resource_index
[1.377s] creating /home/marco/projects/ros/catkin_ws/src/install/examples_rclpy_minimal_action_server/share/ament_index/resource_index/packages
[1.377s] symbolically linking /home/marco/projects/ros/catkin_ws/src/build/examples_rclpy_minimal_action_server/resource/examples_rclpy_minimal_action_server -> /home/marco/projects/ros/catkin_ws/src/install/examples_rclpy_minimal_action_server/share/ament_index/resource_index/packages
[1.377s] symbolically linking /home/marco/projects/ros/catkin_ws/src/build/examples_rclpy_minimal_action_server/package.xml -> /home/marco/projects/ros/catkin_ws/src/install/examples_rclpy_minimal_action_server/share/examples_rclpy_minimal_action_server
[1.414s] Invoked command in '/home/marco/projects/ros/catkin_ws/src/build/examples_rclpy_minimal_action_server' returned '0': PYTHONPATH=/home/marco/projects/ros/catkin_ws/src/build/examples_rclpy_minimal_action_server/prefix_override:/usr/lib/python3/dist-packages/colcon_core/task/python/colcon_distutils_commands:/home/marco/projects/ros/catkin_ws/src/install/examples_rclpy_minimal_action_server/lib/python3.10/site-packages:${PYTHONPATH} /usr/bin/python3 -W ignore:setup.py install is deprecated -W ignore:easy_install command is deprecated setup.py develop --editable --build-directory /home/marco/projects/ros/catkin_ws/src/build/examples_rclpy_minimal_action_server/build --no-deps symlink_data
