[0.008s] Invoking command in '/home/marco/projects/ros/rso2_ws/build/my_robot_description': CMAKE_PREFIX_PATH=${CMAKE_PREFIX_PATH}:/opt/ros/humble /usr/bin/cmake /home/marco/projects/ros/rso2_ws/src/my_robot_description -DAMENT_CMAKE_SYMLINK_INSTALL=1 -DCMAKE_INSTALL_PREFIX=/home/marco/projects/ros/rso2_ws/install/my_robot_description
[0.016s] -- Found ament_cmake: 1.3.11 (/opt/ros/humble/share/ament_cmake/cmake)
[0.114s] -- Override CMake install command with custom implementation using symlinks instead of copying resources
[0.173s] -- Configuring done
[0.175s] -- Generating done
[0.177s] -- Build files have been written to: /home/marco/projects/ros/rso2_ws/build/my_robot_description
[0.179s] Invoked command in '/home/marco/projects/ros/rso2_ws/build/my_robot_description' returned '0': CMAKE_PREFIX_PATH=${CMAKE_PREFIX_PATH}:/opt/ros/humble /usr/bin/cmake /home/marco/projects/ros/rso2_ws/src/my_robot_description -DAMENT_CMAKE_SYMLINK_INSTALL=1 -DCMAKE_INSTALL_PREFIX=/home/marco/projects/ros/rso2_ws/install/my_robot_description
[0.182s] Invoking command in '/home/marco/projects/ros/rso2_ws/build/my_robot_description': CMAKE_PREFIX_PATH=${CMAKE_PREFIX_PATH}:/opt/ros/humble /usr/bin/cmake --build /home/marco/projects/ros/rso2_ws/build/my_robot_description -- -j4 -l4
[0.207s] Invoked command in '/home/marco/projects/ros/rso2_ws/build/my_robot_description' returned '0': CMAKE_PREFIX_PATH=${CMAKE_PREFIX_PATH}:/opt/ros/humble /usr/bin/cmake --build /home/marco/projects/ros/rso2_ws/build/my_robot_description -- -j4 -l4
[0.215s] Invoking command in '/home/marco/projects/ros/rso2_ws/build/my_robot_description': CMAKE_PREFIX_PATH=${CMAKE_PREFIX_PATH}:/opt/ros/humble /usr/bin/cmake --install /home/marco/projects/ros/rso2_ws/build/my_robot_description
[0.221s] -- Install configuration: ""
[0.221s] -- Execute custom install script
[0.221s] -- Symlinking: /home/marco/projects/ros/rso2_ws/install/my_robot_description/share/my_robot_description//urdf/drone.urdf.xacro
[0.228s] -- Symlinking: /home/marco/projects/ros/rso2_ws/install/my_robot_description/share/my_robot_description//urdf/my_robot.urdf.xacro
[0.235s] -- Symlinking: /home/marco/projects/ros/rso2_ws/install/my_robot_description/share/my_robot_description//launch/.vscode/c_cpp_properties.json
[0.241s] -- Symlinking: /home/marco/projects/ros/rso2_ws/install/my_robot_description/share/my_robot_description//launch/.vscode/settings.json
[0.247s] -- Symlinking: /home/marco/projects/ros/rso2_ws/install/my_robot_description/share/my_robot_description//launch/display.launch.py
[0.254s] -- Symlinking: /home/marco/projects/ros/rso2_ws/install/my_robot_description/share/my_robot_description//launch/display.launch.xml
[0.260s] -- Symlinking: /home/marco/projects/ros/rso2_ws/install/my_robot_description/share/my_robot_description//rviz/urdf_config.rviz
[0.268s] -- Symlinking: /home/marco/projects/ros/rso2_ws/install/my_robot_description/share/ament_index/resource_index/package_run_dependencies/my_robot_description
[0.274s] -- Symlinking: /home/marco/projects/ros/rso2_ws/install/my_robot_description/share/ament_index/resource_index/parent_prefix_path/my_robot_description
[0.280s] -- Symlinking: /home/marco/projects/ros/rso2_ws/install/my_robot_description/share/my_robot_description/environment/ament_prefix_path.sh
[0.287s] -- Symlinking: /home/marco/projects/ros/rso2_ws/install/my_robot_description/share/my_robot_description/environment/ament_prefix_path.dsv
[0.293s] -- Symlinking: /home/marco/projects/ros/rso2_ws/install/my_robot_description/share/my_robot_description/environment/path.sh
[0.299s] -- Symlinking: /home/marco/projects/ros/rso2_ws/install/my_robot_description/share/my_robot_description/environment/path.dsv
[0.305s] -- Symlinking: /home/marco/projects/ros/rso2_ws/install/my_robot_description/share/my_robot_description/local_setup.bash
[0.311s] -- Symlinking: /home/marco/projects/ros/rso2_ws/install/my_robot_description/share/my_robot_description/local_setup.sh
[0.319s] -- Symlinking: /home/marco/projects/ros/rso2_ws/install/my_robot_description/share/my_robot_description/local_setup.zsh
[0.325s] -- Symlinking: /home/marco/projects/ros/rso2_ws/install/my_robot_description/share/my_robot_description/local_setup.dsv
[0.332s] -- Symlinking: /home/marco/projects/ros/rso2_ws/install/my_robot_description/share/my_robot_description/package.dsv
[0.339s] -- Symlinking: /home/marco/projects/ros/rso2_ws/install/my_robot_description/share/ament_index/resource_index/packages/my_robot_description
[0.345s] -- Symlinking: /home/marco/projects/ros/rso2_ws/install/my_robot_description/share/my_robot_description/cmake/my_robot_descriptionConfig.cmake
[0.352s] -- Symlinking: /home/marco/projects/ros/rso2_ws/install/my_robot_description/share/my_robot_description/cmake/my_robot_descriptionConfig-version.cmake
[0.358s] -- Symlinking: /home/marco/projects/ros/rso2_ws/install/my_robot_description/share/my_robot_description/package.xml
[0.368s] Invoked command in '/home/marco/projects/ros/rso2_ws/build/my_robot_description' returned '0': CMAKE_PREFIX_PATH=${CMAKE_PREFIX_PATH}:/opt/ros/humble /usr/bin/cmake --install /home/marco/projects/ros/rso2_ws/build/my_robot_description
