[0.009s] Invoking command in '/home/marco/projects/ros/rso2_ws/src/build/my_robot_description': CMAKE_PREFIX_PATH=${CMAKE_PREFIX_PATH}:/opt/ros/humble /usr/bin/cmake /home/marco/projects/ros/rso2_ws/src/my_robot_description -DCMAKE_INSTALL_PREFIX=/home/marco/projects/ros/rso2_ws/src/install/my_robot_description
[0.086s] -- The C compiler identification is GNU 11.4.0
[0.145s] -- The CXX compiler identification is GNU 11.4.0
[0.154s] -- Detecting C compiler ABI info
[0.210s] -- Detecting C compiler ABI info - done
[0.219s] -- Check for working C compiler: /usr/bin/cc - skipped
[0.219s] -- Detecting C compile features
[0.219s] -- Detecting C compile features - done
[0.222s] -- Detecting CXX compiler ABI info
[0.286s] -- Detecting CXX compiler ABI info - done
[0.296s] -- Check for working CXX compiler: /usr/bin/c++ - skipped
[0.296s] -- Detecting CXX compile features
[0.297s] -- Detecting CXX compile features - done
[0.303s] -- Found ament_cmake: 1.3.11 (/opt/ros/humble/share/ament_cmake/cmake)
[0.430s] -- Found Python3: /usr/bin/python3 (found version "3.10.12") found components: Interpreter 
[0.550s] -- Configuring done
[0.551s] -- Generating done
[0.553s] -- Build files have been written to: /home/marco/projects/ros/rso2_ws/src/build/my_robot_description
[0.556s] Invoked command in '/home/marco/projects/ros/rso2_ws/src/build/my_robot_description' returned '0': CMAKE_PREFIX_PATH=${CMAKE_PREFIX_PATH}:/opt/ros/humble /usr/bin/cmake /home/marco/projects/ros/rso2_ws/src/my_robot_description -DCMAKE_INSTALL_PREFIX=/home/marco/projects/ros/rso2_ws/src/install/my_robot_description
[0.557s] Invoking command in '/home/marco/projects/ros/rso2_ws/src/build/my_robot_description': CMAKE_PREFIX_PATH=${CMAKE_PREFIX_PATH}:/opt/ros/humble /usr/bin/cmake --build /home/marco/projects/ros/rso2_ws/src/build/my_robot_description -- -j4 -l4
[0.585s] Invoked command in '/home/marco/projects/ros/rso2_ws/src/build/my_robot_description' returned '0': CMAKE_PREFIX_PATH=${CMAKE_PREFIX_PATH}:/opt/ros/humble /usr/bin/cmake --build /home/marco/projects/ros/rso2_ws/src/build/my_robot_description -- -j4 -l4
[0.591s] Invoking command in '/home/marco/projects/ros/rso2_ws/src/build/my_robot_description': CMAKE_PREFIX_PATH=${CMAKE_PREFIX_PATH}:/opt/ros/humble /usr/bin/cmake --install /home/marco/projects/ros/rso2_ws/src/build/my_robot_description
[0.597s] -- Install configuration: ""
[0.597s] -- Installing: /home/marco/projects/ros/rso2_ws/src/install/my_robot_description/share/my_robot_description//urdf
[0.597s] -- Installing: /home/marco/projects/ros/rso2_ws/src/install/my_robot_description/share/my_robot_description//urdf/drone.urdf.xacro
[0.597s] -- Installing: /home/marco/projects/ros/rso2_ws/src/install/my_robot_description/share/my_robot_description//urdf/mobile_base.xacro
[0.597s] -- Installing: /home/marco/projects/ros/rso2_ws/src/install/my_robot_description/share/my_robot_description//urdf/common_properties.xacro
[0.598s] -- Installing: /home/marco/projects/ros/rso2_ws/src/install/my_robot_description/share/my_robot_description//urdf/my_robot.urdf.xacro
[0.598s] -- Installing: /home/marco/projects/ros/rso2_ws/src/install/my_robot_description/share/my_robot_description//launch
[0.598s] -- Installing: /home/marco/projects/ros/rso2_ws/src/install/my_robot_description/share/my_robot_description//launch/display.launch.py
[0.598s] -- Installing: /home/marco/projects/ros/rso2_ws/src/install/my_robot_description/share/my_robot_description//launch/.vscode
[0.598s] -- Installing: /home/marco/projects/ros/rso2_ws/src/install/my_robot_description/share/my_robot_description//launch/.vscode/c_cpp_properties.json
[0.598s] -- Installing: /home/marco/projects/ros/rso2_ws/src/install/my_robot_description/share/my_robot_description//launch/.vscode/settings.json
[0.599s] -- Installing: /home/marco/projects/ros/rso2_ws/src/install/my_robot_description/share/my_robot_description//launch/display.launch.xml
[0.599s] -- Installing: /home/marco/projects/ros/rso2_ws/src/install/my_robot_description/share/my_robot_description//rviz
[0.599s] -- Installing: /home/marco/projects/ros/rso2_ws/src/install/my_robot_description/share/my_robot_description//rviz/urdf_config.rviz
[0.600s] -- Installing: /home/marco/projects/ros/rso2_ws/src/install/my_robot_description/share/ament_index/resource_index/package_run_dependencies/my_robot_description
[0.600s] -- Installing: /home/marco/projects/ros/rso2_ws/src/install/my_robot_description/share/ament_index/resource_index/parent_prefix_path/my_robot_description
[0.600s] -- Installing: /home/marco/projects/ros/rso2_ws/src/install/my_robot_description/share/my_robot_description/environment/ament_prefix_path.sh
[0.600s] -- Installing: /home/marco/projects/ros/rso2_ws/src/install/my_robot_description/share/my_robot_description/environment/ament_prefix_path.dsv
[0.600s] -- Installing: /home/marco/projects/ros/rso2_ws/src/install/my_robot_description/share/my_robot_description/environment/path.sh
[0.600s] -- Installing: /home/marco/projects/ros/rso2_ws/src/install/my_robot_description/share/my_robot_description/environment/path.dsv
[0.601s] -- Installing: /home/marco/projects/ros/rso2_ws/src/install/my_robot_description/share/my_robot_description/local_setup.bash
[0.601s] -- Installing: /home/marco/projects/ros/rso2_ws/src/install/my_robot_description/share/my_robot_description/local_setup.sh
[0.601s] -- Installing: /home/marco/projects/ros/rso2_ws/src/install/my_robot_description/share/my_robot_description/local_setup.zsh
[0.601s] -- Installing: /home/marco/projects/ros/rso2_ws/src/install/my_robot_description/share/my_robot_description/local_setup.dsv
[0.601s] -- Installing: /home/marco/projects/ros/rso2_ws/src/install/my_robot_description/share/my_robot_description/package.dsv
[0.601s] -- Installing: /home/marco/projects/ros/rso2_ws/src/install/my_robot_description/share/ament_index/resource_index/packages/my_robot_description
[0.601s] -- Installing: /home/marco/projects/ros/rso2_ws/src/install/my_robot_description/share/my_robot_description/cmake/my_robot_descriptionConfig.cmake
[0.601s] -- Installing: /home/marco/projects/ros/rso2_ws/src/install/my_robot_description/share/my_robot_description/cmake/my_robot_descriptionConfig-version.cmake
[0.601s] -- Installing: /home/marco/projects/ros/rso2_ws/src/install/my_robot_description/share/my_robot_description/package.xml
[0.617s] Invoked command in '/home/marco/projects/ros/rso2_ws/src/build/my_robot_description' returned '0': CMAKE_PREFIX_PATH=${CMAKE_PREFIX_PATH}:/opt/ros/humble /usr/bin/cmake --install /home/marco/projects/ros/rso2_ws/src/build/my_robot_description
