[0.015s] Invoking command in '/home/marco/projects/ros/catkin_ws/src/build/examples_rclcpp_minimal_action_server': CMAKE_PREFIX_PATH=/opt/ros/humble /usr/bin/cmake /home/marco/projects/ros/catkin_ws/src/src/examples/rclcpp/actions/minimal_action_server -DAMENT_CMAKE_SYMLINK_INSTALL=1 -DCMAKE_INSTALL_PREFIX=/home/marco/projects/ros/catkin_ws/src/install/examples_rclcpp_minimal_action_server
[0.111s] -- The C compiler identification is GNU 11.4.0
[0.189s] -- The CXX compiler identification is GNU 11.4.0
[0.200s] -- Detecting C compiler ABI info
[0.273s] -- Detecting C compiler ABI info - done
[0.282s] -- Check for working C compiler: /usr/bin/cc - skipped
[0.286s] -- Detecting C compile features
[0.287s] -- Detecting C compile features - done
[0.293s] -- Detecting CXX compiler ABI info
[0.386s] -- Detecting CXX compiler ABI info - done
[0.402s] -- Check for working CXX compiler: /usr/bin/c++ - skipped
[0.403s] -- Detecting CXX compile features
[0.403s] -- Detecting CXX compile features - done
[0.409s] -- Found ament_cmake: 1.3.11 (/opt/ros/humble/share/ament_cmake/cmake)
[0.577s] -- Found Python3: /usr/bin/python3 (found version "3.10.12") found components: Interpreter 
[0.663s] -- Override CMake install command with custom implementation using symlinks instead of copying resources
[0.696s] -- Found example_interfaces: 0.9.3 (/opt/ros/humble/share/example_interfaces/cmake)
[0.742s] -- Found rosidl_generator_c: 3.1.6 (/opt/ros/humble/share/rosidl_generator_c/cmake)
[0.747s] -- Found rosidl_adapter: 3.1.6 (/opt/ros/humble/share/rosidl_adapter/cmake)
[0.758s] -- Found rosidl_generator_cpp: 3.1.6 (/opt/ros/humble/share/rosidl_generator_cpp/cmake)
[0.776s] -- Using all available rosidl_typesupport_c: rosidl_typesupport_fastrtps_c;rosidl_typesupport_introspection_c
[0.797s] -- Using all available rosidl_typesupport_cpp: rosidl_typesupport_fastrtps_cpp;rosidl_typesupport_introspection_cpp
[0.866s] -- Found rclcpp: 16.0.11 (/opt/ros/humble/share/rclcpp/cmake)
[0.901s] -- Found rmw_implementation_cmake: 6.1.2 (/opt/ros/humble/share/rmw_implementation_cmake/cmake)
[0.903s] -- Found rmw_fastrtps_cpp: 6.2.7 (/opt/ros/humble/share/rmw_fastrtps_cpp/cmake)
[0.982s] -- Found OpenSSL: /usr/lib/x86_64-linux-gnu/libcrypto.so (found version "3.0.2")  
[1.008s] -- Found FastRTPS: /opt/ros/humble/include  
[1.049s] -- Using RMW implementation 'rmw_fastrtps_cpp' as default
[1.060s] -- Looking for pthread.h
[1.141s] -- Looking for pthread.h - found
[1.141s] -- Performing Test CMAKE_HAVE_LIBC_PTHREAD
[1.226s] -- Performing Test CMAKE_HAVE_LIBC_PTHREAD - Success
[1.227s] -- Found Threads: TRUE  
[1.285s] -- Found rclcpp_action: 16.0.11 (/opt/ros/humble/share/rclcpp_action/cmake)
[1.299s] -- Found ament_lint_auto: 0.12.11 (/opt/ros/humble/share/ament_lint_auto/cmake)
[1.389s] -- Added test 'copyright' to check source files copyright and LICENSE
[1.394s] -- Added test 'cppcheck' to perform static code analysis on C / C++ code
[1.394s] -- Configured cppcheck include dirs: 
[1.394s] -- Configured cppcheck exclude dirs and/or files: 
[1.394s] -- Added test 'cpplint' to check C / C++ code against the Google style
[1.394s] -- Configured cpplint exclude dirs and/or files: 
[1.394s] -- Added test 'lint_cmake' to check CMake code style
[1.395s] -- Added test 'uncrustify' to check C / C++ code style
[1.395s] -- Configured uncrustify additional arguments: 
[1.396s] -- Added test 'xmllint' to check XML markup files
[1.397s] -- Configuring done
[1.423s] -- Generating done
[1.430s] -- Build files have been written to: /home/marco/projects/ros/catkin_ws/src/build/examples_rclcpp_minimal_action_server
[1.445s] Invoked command in '/home/marco/projects/ros/catkin_ws/src/build/examples_rclcpp_minimal_action_server' returned '0': CMAKE_PREFIX_PATH=/opt/ros/humble /usr/bin/cmake /home/marco/projects/ros/catkin_ws/src/src/examples/rclcpp/actions/minimal_action_server -DAMENT_CMAKE_SYMLINK_INSTALL=1 -DCMAKE_INSTALL_PREFIX=/home/marco/projects/ros/catkin_ws/src/install/examples_rclcpp_minimal_action_server
[1.445s] Invoking command in '/home/marco/projects/ros/catkin_ws/src/build/examples_rclcpp_minimal_action_server': CMAKE_PREFIX_PATH=/opt/ros/humble /usr/bin/cmake --build /home/marco/projects/ros/catkin_ws/src/build/examples_rclcpp_minimal_action_server -- -j4 -l4
[1.530s] [ 25%] [32mBuilding CXX object CMakeFiles/action_server_not_composable.dir/not_composable.cpp.o[0m
[1.537s] [ 50%] [32mBuilding CXX object CMakeFiles/action_server_member_functions.dir/member_functions.cpp.o[0m
[13.995s] [ 75%] [32m[1mLinking CXX executable action_server_not_composable[0m
[14.664s] [ 75%] Built target action_server_not_composable
[15.852s] [100%] [32m[1mLinking CXX executable action_server_member_functions[0m
[16.072s] [100%] Built target action_server_member_functions
[16.090s] Invoked command in '/home/marco/projects/ros/catkin_ws/src/build/examples_rclcpp_minimal_action_server' returned '0': CMAKE_PREFIX_PATH=/opt/ros/humble /usr/bin/cmake --build /home/marco/projects/ros/catkin_ws/src/build/examples_rclcpp_minimal_action_server -- -j4 -l4
[16.107s] Invoking command in '/home/marco/projects/ros/catkin_ws/src/build/examples_rclcpp_minimal_action_server': CMAKE_PREFIX_PATH=/opt/ros/humble /usr/bin/cmake --install /home/marco/projects/ros/catkin_ws/src/build/examples_rclcpp_minimal_action_server
[16.127s] -- Install configuration: ""
[16.128s] -- Execute custom install script
[16.131s] -- Symlinking: /home/marco/projects/ros/catkin_ws/src/install/examples_rclcpp_minimal_action_server/lib/examples_rclcpp_minimal_action_server/action_server_not_composable
[16.153s] -- Symlinking: /home/marco/projects/ros/catkin_ws/src/install/examples_rclcpp_minimal_action_server/lib/examples_rclcpp_minimal_action_server/action_server_member_functions
[16.169s] -- Symlinking: /home/marco/projects/ros/catkin_ws/src/install/examples_rclcpp_minimal_action_server/share/ament_index/resource_index/package_run_dependencies/examples_rclcpp_minimal_action_server
[16.189s] -- Symlinking: /home/marco/projects/ros/catkin_ws/src/install/examples_rclcpp_minimal_action_server/share/ament_index/resource_index/parent_prefix_path/examples_rclcpp_minimal_action_server
[16.211s] -- Symlinking: /home/marco/projects/ros/catkin_ws/src/install/examples_rclcpp_minimal_action_server/share/examples_rclcpp_minimal_action_server/environment/ament_prefix_path.sh
[16.232s] -- Symlinking: /home/marco/projects/ros/catkin_ws/src/install/examples_rclcpp_minimal_action_server/share/examples_rclcpp_minimal_action_server/environment/ament_prefix_path.dsv
[16.253s] -- Symlinking: /home/marco/projects/ros/catkin_ws/src/install/examples_rclcpp_minimal_action_server/share/examples_rclcpp_minimal_action_server/environment/path.sh
[16.273s] -- Symlinking: /home/marco/projects/ros/catkin_ws/src/install/examples_rclcpp_minimal_action_server/share/examples_rclcpp_minimal_action_server/environment/path.dsv
[16.289s] -- Symlinking: /home/marco/projects/ros/catkin_ws/src/install/examples_rclcpp_minimal_action_server/share/examples_rclcpp_minimal_action_server/local_setup.bash
[16.309s] -- Symlinking: /home/marco/projects/ros/catkin_ws/src/install/examples_rclcpp_minimal_action_server/share/examples_rclcpp_minimal_action_server/local_setup.sh
[16.328s] -- Symlinking: /home/marco/projects/ros/catkin_ws/src/install/examples_rclcpp_minimal_action_server/share/examples_rclcpp_minimal_action_server/local_setup.zsh
[16.347s] -- Symlinking: /home/marco/projects/ros/catkin_ws/src/install/examples_rclcpp_minimal_action_server/share/examples_rclcpp_minimal_action_server/local_setup.dsv
[16.370s] -- Symlinking: /home/marco/projects/ros/catkin_ws/src/install/examples_rclcpp_minimal_action_server/share/examples_rclcpp_minimal_action_server/package.dsv
[16.384s] -- Symlinking: /home/marco/projects/ros/catkin_ws/src/install/examples_rclcpp_minimal_action_server/share/ament_index/resource_index/packages/examples_rclcpp_minimal_action_server
[16.407s] -- Symlinking: /home/marco/projects/ros/catkin_ws/src/install/examples_rclcpp_minimal_action_server/share/examples_rclcpp_minimal_action_server/cmake/examples_rclcpp_minimal_action_serverConfig.cmake
[16.424s] -- Symlinking: /home/marco/projects/ros/catkin_ws/src/install/examples_rclcpp_minimal_action_server/share/examples_rclcpp_minimal_action_server/cmake/examples_rclcpp_minimal_action_serverConfig-version.cmake
[16.434s] -- Symlinking: /home/marco/projects/ros/catkin_ws/src/install/examples_rclcpp_minimal_action_server/share/examples_rclcpp_minimal_action_server/package.xml
[16.451s] Invoked command in '/home/marco/projects/ros/catkin_ws/src/build/examples_rclcpp_minimal_action_server' returned '0': CMAKE_PREFIX_PATH=/opt/ros/humble /usr/bin/cmake --install /home/marco/projects/ros/catkin_ws/src/build/examples_rclcpp_minimal_action_server
