[0.212s] Invoking command in '/home/marco/projects/ros/rso2_ws/build/my_robot_description': CMAKE_PREFIX_PATH=${CMAKE_PREFIX_PATH}:/opt/ros/humble /usr/bin/cmake --build /home/marco/projects/ros/rso2_ws/build/my_robot_description -- -j4 -l4
[0.250s] Invoked command in '/home/marco/projects/ros/rso2_ws/build/my_robot_description' returned '0': CMAKE_PREFIX_PATH=${CMAKE_PREFIX_PATH}:/opt/ros/humble /usr/bin/cmake --build /home/marco/projects/ros/rso2_ws/build/my_robot_description -- -j4 -l4
[0.260s] Invoking command in '/home/marco/projects/ros/rso2_ws/build/my_robot_description': CMAKE_PREFIX_PATH=${CMAKE_PREFIX_PATH}:/opt/ros/humble /usr/bin/cmake --install /home/marco/projects/ros/rso2_ws/build/my_robot_description
[0.268s] -- Install configuration: ""
[0.270s] -- Execute custom install script
[0.270s] -- Up-to-date symlink: /home/marco/projects/ros/rso2_ws/install/my_robot_description/share/my_robot_description//urdf/common_properties.xacro
[0.270s] -- Up-to-date symlink: /home/marco/projects/ros/rso2_ws/install/my_robot_description/share/my_robot_description//urdf/drone.urdf.xacro
[0.270s] -- Up-to-date symlink: /home/marco/projects/ros/rso2_ws/install/my_robot_description/share/my_robot_description//urdf/mobile_base.xacro
[0.270s] -- Up-to-date symlink: /home/marco/projects/ros/rso2_ws/install/my_robot_description/share/my_robot_description//urdf/my_robot.urdf.xacro
[0.270s] -- Up-to-date symlink: /home/marco/projects/ros/rso2_ws/install/my_robot_description/share/my_robot_description//launch/.vscode/c_cpp_properties.json
[0.273s] -- Up-to-date symlink: /home/marco/projects/ros/rso2_ws/install/my_robot_description/share/my_robot_description//launch/.vscode/settings.json
[0.273s] -- Up-to-date symlink: /home/marco/projects/ros/rso2_ws/install/my_robot_description/share/my_robot_description//launch/display.launch.py
[0.273s] -- Up-to-date symlink: /home/marco/projects/ros/rso2_ws/install/my_robot_description/share/my_robot_description//launch/display.launch.xml
[0.273s] -- Up-to-date symlink: /home/marco/projects/ros/rso2_ws/install/my_robot_description/share/my_robot_description//rviz/urdf_config.rviz
[0.274s] -- Up-to-date symlink: /home/marco/projects/ros/rso2_ws/install/my_robot_description/share/ament_index/resource_index/package_run_dependencies/my_robot_description
[0.274s] -- Up-to-date symlink: /home/marco/projects/ros/rso2_ws/install/my_robot_description/share/ament_index/resource_index/parent_prefix_path/my_robot_description
[0.274s] -- Up-to-date symlink: /home/marco/projects/ros/rso2_ws/install/my_robot_description/share/my_robot_description/environment/ament_prefix_path.sh
[0.274s] -- Up-to-date symlink: /home/marco/projects/ros/rso2_ws/install/my_robot_description/share/my_robot_description/environment/ament_prefix_path.dsv
[0.274s] -- Up-to-date symlink: /home/marco/projects/ros/rso2_ws/install/my_robot_description/share/my_robot_description/environment/path.sh
[0.274s] -- Up-to-date symlink: /home/marco/projects/ros/rso2_ws/install/my_robot_description/share/my_robot_description/environment/path.dsv
[0.274s] -- Up-to-date symlink: /home/marco/projects/ros/rso2_ws/install/my_robot_description/share/my_robot_description/local_setup.bash
[0.274s] -- Up-to-date symlink: /home/marco/projects/ros/rso2_ws/install/my_robot_description/share/my_robot_description/local_setup.sh
[0.274s] -- Up-to-date symlink: /home/marco/projects/ros/rso2_ws/install/my_robot_description/share/my_robot_description/local_setup.zsh
[0.274s] -- Up-to-date symlink: /home/marco/projects/ros/rso2_ws/install/my_robot_description/share/my_robot_description/local_setup.dsv
[0.274s] -- Symlinking: /home/marco/projects/ros/rso2_ws/install/my_robot_description/share/my_robot_description/package.dsv
[0.283s] -- Up-to-date symlink: /home/marco/projects/ros/rso2_ws/install/my_robot_description/share/ament_index/resource_index/packages/my_robot_description
[0.284s] -- Up-to-date symlink: /home/marco/projects/ros/rso2_ws/install/my_robot_description/share/my_robot_description/cmake/my_robot_descriptionConfig.cmake
[0.285s] -- Up-to-date symlink: /home/marco/projects/ros/rso2_ws/install/my_robot_description/share/my_robot_description/cmake/my_robot_descriptionConfig-version.cmake
[0.286s] -- Up-to-date symlink: /home/marco/projects/ros/rso2_ws/install/my_robot_description/share/my_robot_description/package.xml
[0.289s] Invoked command in '/home/marco/projects/ros/rso2_ws/build/my_robot_description' returned '0': CMAKE_PREFIX_PATH=${CMAKE_PREFIX_PATH}:/opt/ros/humble /usr/bin/cmake --install /home/marco/projects/ros/rso2_ws/build/my_robot_description
