[0.007s] Invoking command in '/home/marco/projects/ros/build/examples_rclcpp_multithreaded_executor': CMAKE_PREFIX_PATH=${CMAKE_PREFIX_PATH}:/opt/ros/humble /usr/bin/cmake /home/marco/projects/ros/catkin_ws/src/src/examples/rclcpp/executors/multithreaded_executor -DCMAKE_INSTALL_PREFIX=/home/marco/projects/ros/install/examples_rclcpp_multithreaded_executor
[0.088s] -- The C compiler identification is GNU 11.4.0
[0.163s] -- The CXX compiler identification is GNU 11.4.0
[0.171s] -- Detecting C compiler ABI info
[0.244s] -- Detecting C compiler ABI info - done
[0.254s] -- Check for working C compiler: /usr/bin/cc - skipped
[0.255s] -- Detecting C compile features
[0.256s] -- Detecting C compile features - done
[0.259s] -- Detecting CXX compiler ABI info
[0.343s] -- Detecting CXX compiler ABI info - done
[0.352s] -- Check for working CXX compiler: /usr/bin/c++ - skipped
[0.353s] -- Detecting CXX compile features
[0.354s] -- Detecting CXX compile features - done
[0.359s] -- Found ament_cmake: 1.3.11 (/opt/ros/humble/share/ament_cmake/cmake)
[0.525s] -- Found Python3: /usr/bin/python3 (found version "3.10.12") found components: Interpreter 
[0.625s] -- Found rclcpp: 16.0.11 (/opt/ros/humble/share/rclcpp/cmake)
[0.669s] -- Found rosidl_generator_c: 3.1.6 (/opt/ros/humble/share/rosidl_generator_c/cmake)
[0.674s] -- Found rosidl_adapter: 3.1.6 (/opt/ros/humble/share/rosidl_adapter/cmake)
[0.684s] -- Found rosidl_generator_cpp: 3.1.6 (/opt/ros/humble/share/rosidl_generator_cpp/cmake)
[0.698s] -- Using all available rosidl_typesupport_c: rosidl_typesupport_fastrtps_c;rosidl_typesupport_introspection_c
[0.718s] -- Using all available rosidl_typesupport_cpp: rosidl_typesupport_fastrtps_cpp;rosidl_typesupport_introspection_cpp
[0.768s] -- Found rmw_implementation_cmake: 6.1.2 (/opt/ros/humble/share/rmw_implementation_cmake/cmake)
[0.771s] -- Found rmw_fastrtps_cpp: 6.2.7 (/opt/ros/humble/share/rmw_fastrtps_cpp/cmake)
[0.869s] -- Found OpenSSL: /usr/lib/x86_64-linux-gnu/libcrypto.so (found version "3.0.2")  
[0.902s] -- Found FastRTPS: /opt/ros/humble/include  
[0.945s] -- Using RMW implementation 'rmw_fastrtps_cpp' as default
[0.954s] -- Looking for pthread.h
[1.025s] -- Looking for pthread.h - found
[1.026s] -- Performing Test CMAKE_HAVE_LIBC_PTHREAD
[1.102s] -- Performing Test CMAKE_HAVE_LIBC_PTHREAD - Success
[1.103s] -- Found Threads: TRUE  
[1.167s] -- Found ament_lint_auto: 0.12.11 (/opt/ros/humble/share/ament_lint_auto/cmake)
[1.256s] -- Added test 'copyright' to check source files copyright and LICENSE
[1.258s] -- Added test 'cppcheck' to perform static code analysis on C / C++ code
[1.258s] -- Configured cppcheck include dirs: 
[1.258s] -- Configured cppcheck exclude dirs and/or files: 
[1.260s] -- Added test 'cpplint' to check C / C++ code against the Google style
[1.260s] -- Configured cpplint exclude dirs and/or files: 
[1.260s] -- Added test 'lint_cmake' to check CMake code style
[1.261s] -- Added test 'uncrustify' to check C / C++ code style
[1.262s] -- Configured uncrustify additional arguments: 
[1.262s] -- Added test 'xmllint' to check XML markup files
[1.265s] -- Configuring done
[1.273s] -- Generating done
[1.279s] -- Build files have been written to: /home/marco/projects/ros/build/examples_rclcpp_multithreaded_executor
[1.290s] Invoked command in '/home/marco/projects/ros/build/examples_rclcpp_multithreaded_executor' returned '0': CMAKE_PREFIX_PATH=${CMAKE_PREFIX_PATH}:/opt/ros/humble /usr/bin/cmake /home/marco/projects/ros/catkin_ws/src/src/examples/rclcpp/executors/multithreaded_executor -DCMAKE_INSTALL_PREFIX=/home/marco/projects/ros/install/examples_rclcpp_multithreaded_executor
[1.291s] Invoking command in '/home/marco/projects/ros/build/examples_rclcpp_multithreaded_executor': CMAKE_PREFIX_PATH=${CMAKE_PREFIX_PATH}:/opt/ros/humble /usr/bin/cmake --build /home/marco/projects/ros/build/examples_rclcpp_multithreaded_executor -- -j4 -l4
[1.344s] [ 50%] [32mBuilding CXX object CMakeFiles/multithreaded_executor.dir/multithreaded_executor.cpp.o[0m
[11.211s] [100%] [32m[1mLinking CXX executable multithreaded_executor[0m
[11.698s] [100%] Built target multithreaded_executor
[11.711s] Invoked command in '/home/marco/projects/ros/build/examples_rclcpp_multithreaded_executor' returned '0': CMAKE_PREFIX_PATH=${CMAKE_PREFIX_PATH}:/opt/ros/humble /usr/bin/cmake --build /home/marco/projects/ros/build/examples_rclcpp_multithreaded_executor -- -j4 -l4
[11.712s] Invoking command in '/home/marco/projects/ros/build/examples_rclcpp_multithreaded_executor': CMAKE_PREFIX_PATH=${CMAKE_PREFIX_PATH}:/opt/ros/humble /usr/bin/cmake --install /home/marco/projects/ros/build/examples_rclcpp_multithreaded_executor
[11.722s] -- Install configuration: ""
[11.722s] -- Installing: /home/marco/projects/ros/install/examples_rclcpp_multithreaded_executor/lib/examples_rclcpp_multithreaded_executor/multithreaded_executor
[11.725s] -- Set runtime path of "/home/marco/projects/ros/install/examples_rclcpp_multithreaded_executor/lib/examples_rclcpp_multithreaded_executor/multithreaded_executor" to ""
[11.725s] -- Installing: /home/marco/projects/ros/install/examples_rclcpp_multithreaded_executor/share/ament_index/resource_index/package_run_dependencies/examples_rclcpp_multithreaded_executor
[11.726s] -- Installing: /home/marco/projects/ros/install/examples_rclcpp_multithreaded_executor/share/ament_index/resource_index/parent_prefix_path/examples_rclcpp_multithreaded_executor
[11.726s] -- Installing: /home/marco/projects/ros/install/examples_rclcpp_multithreaded_executor/share/examples_rclcpp_multithreaded_executor/environment/ament_prefix_path.sh
[11.726s] -- Installing: /home/marco/projects/ros/install/examples_rclcpp_multithreaded_executor/share/examples_rclcpp_multithreaded_executor/environment/ament_prefix_path.dsv
[11.726s] -- Installing: /home/marco/projects/ros/install/examples_rclcpp_multithreaded_executor/share/examples_rclcpp_multithreaded_executor/environment/path.sh
[11.726s] -- Installing: /home/marco/projects/ros/install/examples_rclcpp_multithreaded_executor/share/examples_rclcpp_multithreaded_executor/environment/path.dsv
[11.726s] -- Installing: /home/marco/projects/ros/install/examples_rclcpp_multithreaded_executor/share/examples_rclcpp_multithreaded_executor/local_setup.bash
[11.726s] -- Installing: /home/marco/projects/ros/install/examples_rclcpp_multithreaded_executor/share/examples_rclcpp_multithreaded_executor/local_setup.sh
[11.726s] -- Installing: /home/marco/projects/ros/install/examples_rclcpp_multithreaded_executor/share/examples_rclcpp_multithreaded_executor/local_setup.zsh
[11.727s] -- Installing: /home/marco/projects/ros/install/examples_rclcpp_multithreaded_executor/share/examples_rclcpp_multithreaded_executor/local_setup.dsv
[11.727s] -- Installing: /home/marco/projects/ros/install/examples_rclcpp_multithreaded_executor/share/examples_rclcpp_multithreaded_executor/package.dsv
[11.727s] -- Installing: /home/marco/projects/ros/install/examples_rclcpp_multithreaded_executor/share/ament_index/resource_index/packages/examples_rclcpp_multithreaded_executor
[11.727s] -- Installing: /home/marco/projects/ros/install/examples_rclcpp_multithreaded_executor/share/examples_rclcpp_multithreaded_executor/cmake/examples_rclcpp_multithreaded_executorConfig.cmake
[11.727s] -- Installing: /home/marco/projects/ros/install/examples_rclcpp_multithreaded_executor/share/examples_rclcpp_multithreaded_executor/cmake/examples_rclcpp_multithreaded_executorConfig-version.cmake
[11.727s] -- Installing: /home/marco/projects/ros/install/examples_rclcpp_multithreaded_executor/share/examples_rclcpp_multithreaded_executor/package.xml
[11.733s] Invoked command in '/home/marco/projects/ros/build/examples_rclcpp_multithreaded_executor' returned '0': CMAKE_PREFIX_PATH=${CMAKE_PREFIX_PATH}:/opt/ros/humble /usr/bin/cmake --install /home/marco/projects/ros/build/examples_rclcpp_multithreaded_executor
