[0.011s] Invoking command in '/home/marco/projects/ros/build/examples_rclcpp_minimal_service': CMAKE_PREFIX_PATH=${CMAKE_PREFIX_PATH}:/opt/ros/humble /usr/bin/cmake /home/marco/projects/ros/catkin_ws/src/src/examples/rclcpp/services/minimal_service -DCMAKE_INSTALL_PREFIX=/home/marco/projects/ros/install/examples_rclcpp_minimal_service
[0.147s] -- The C compiler identification is GNU 11.4.0
[0.277s] -- The CXX compiler identification is GNU 11.4.0
[0.292s] -- Detecting C compiler ABI info
[0.440s] -- Detecting C compiler ABI info - done
[0.461s] -- Check for working C compiler: /usr/bin/cc - skipped
[0.461s] -- Detecting C compile features
[0.481s] -- Detecting C compile features - done
[0.500s] -- Detecting CXX compiler ABI info
[0.690s] -- Detecting CXX compiler ABI info - done
[0.708s] -- Check for working CXX compiler: /usr/bin/c++ - skipped
[0.709s] -- Detecting CXX compile features
[0.709s] -- Detecting CXX compile features - done
[0.717s] -- Found ament_cmake: 1.3.11 (/opt/ros/humble/share/ament_cmake/cmake)
[0.951s] -- Found Python3: /usr/bin/python3 (found version "3.10.12") found components: Interpreter 
[1.048s] -- Found example_interfaces: 0.9.3 (/opt/ros/humble/share/example_interfaces/cmake)
[1.085s] -- Found rosidl_generator_c: 3.1.6 (/opt/ros/humble/share/rosidl_generator_c/cmake)
[1.091s] -- Found rosidl_adapter: 3.1.6 (/opt/ros/humble/share/rosidl_adapter/cmake)
[1.102s] -- Found rosidl_generator_cpp: 3.1.6 (/opt/ros/humble/share/rosidl_generator_cpp/cmake)
[1.116s] -- Using all available rosidl_typesupport_c: rosidl_typesupport_fastrtps_c;rosidl_typesupport_introspection_c
[1.132s] -- Using all available rosidl_typesupport_cpp: rosidl_typesupport_fastrtps_cpp;rosidl_typesupport_introspection_cpp
[1.192s] -- Found rclcpp: 16.0.11 (/opt/ros/humble/share/rclcpp/cmake)
[1.234s] -- Found rmw_implementation_cmake: 6.1.2 (/opt/ros/humble/share/rmw_implementation_cmake/cmake)
[1.234s] -- Found rmw_fastrtps_cpp: 6.2.7 (/opt/ros/humble/share/rmw_fastrtps_cpp/cmake)
[1.335s] -- Found OpenSSL: /usr/lib/x86_64-linux-gnu/libcrypto.so (found version "3.0.2")  
[1.376s] -- Found FastRTPS: /opt/ros/humble/include  
[1.428s] -- Using RMW implementation 'rmw_fastrtps_cpp' as default
[1.435s] -- Looking for pthread.h
[1.517s] -- Looking for pthread.h - found
[1.518s] -- Performing Test CMAKE_HAVE_LIBC_PTHREAD
[1.597s] -- Performing Test CMAKE_HAVE_LIBC_PTHREAD - Success
[1.600s] -- Found Threads: TRUE  
[1.658s] -- Found ament_lint_auto: 0.12.11 (/opt/ros/humble/share/ament_lint_auto/cmake)
[1.751s] -- Added test 'copyright' to check source files copyright and LICENSE
[1.752s] -- Added test 'cppcheck' to perform static code analysis on C / C++ code
[1.752s] -- Configured cppcheck include dirs: 
[1.752s] -- Configured cppcheck exclude dirs and/or files: 
[1.753s] -- Added test 'cpplint' to check C / C++ code against the Google style
[1.753s] -- Configured cpplint exclude dirs and/or files: 
[1.754s] -- Added test 'lint_cmake' to check CMake code style
[1.755s] -- Added test 'uncrustify' to check C / C++ code style
[1.755s] -- Configured uncrustify additional arguments: 
[1.756s] -- Added test 'xmllint' to check XML markup files
[1.757s] -- Configuring done
[1.767s] -- Generating done
[1.775s] -- Build files have been written to: /home/marco/projects/ros/build/examples_rclcpp_minimal_service
[1.787s] Invoked command in '/home/marco/projects/ros/build/examples_rclcpp_minimal_service' returned '0': CMAKE_PREFIX_PATH=${CMAKE_PREFIX_PATH}:/opt/ros/humble /usr/bin/cmake /home/marco/projects/ros/catkin_ws/src/src/examples/rclcpp/services/minimal_service -DCMAKE_INSTALL_PREFIX=/home/marco/projects/ros/install/examples_rclcpp_minimal_service
[1.788s] Invoking command in '/home/marco/projects/ros/build/examples_rclcpp_minimal_service': CMAKE_PREFIX_PATH=${CMAKE_PREFIX_PATH}:/opt/ros/humble /usr/bin/cmake --build /home/marco/projects/ros/build/examples_rclcpp_minimal_service -- -j4 -l4
[1.842s] [ 50%] [32mBuilding CXX object CMakeFiles/service_main.dir/main.cpp.o[0m
[5.841s] [100%] [32m[1mLinking CXX executable service_main[0m
[6.013s] [100%] Built target service_main
[6.028s] Invoked command in '/home/marco/projects/ros/build/examples_rclcpp_minimal_service' returned '0': CMAKE_PREFIX_PATH=${CMAKE_PREFIX_PATH}:/opt/ros/humble /usr/bin/cmake --build /home/marco/projects/ros/build/examples_rclcpp_minimal_service -- -j4 -l4
[6.028s] Invoking command in '/home/marco/projects/ros/build/examples_rclcpp_minimal_service': CMAKE_PREFIX_PATH=${CMAKE_PREFIX_PATH}:/opt/ros/humble /usr/bin/cmake --install /home/marco/projects/ros/build/examples_rclcpp_minimal_service
[6.033s] -- Install configuration: ""
[6.034s] -- Installing: /home/marco/projects/ros/install/examples_rclcpp_minimal_service/lib/examples_rclcpp_minimal_service/service_main
[6.035s] -- Set runtime path of "/home/marco/projects/ros/install/examples_rclcpp_minimal_service/lib/examples_rclcpp_minimal_service/service_main" to ""
[6.035s] -- Installing: /home/marco/projects/ros/install/examples_rclcpp_minimal_service/share/ament_index/resource_index/package_run_dependencies/examples_rclcpp_minimal_service
[6.035s] -- Installing: /home/marco/projects/ros/install/examples_rclcpp_minimal_service/share/ament_index/resource_index/parent_prefix_path/examples_rclcpp_minimal_service
[6.036s] -- Installing: /home/marco/projects/ros/install/examples_rclcpp_minimal_service/share/examples_rclcpp_minimal_service/environment/ament_prefix_path.sh
[6.036s] -- Installing: /home/marco/projects/ros/install/examples_rclcpp_minimal_service/share/examples_rclcpp_minimal_service/environment/ament_prefix_path.dsv
[6.036s] -- Installing: /home/marco/projects/ros/install/examples_rclcpp_minimal_service/share/examples_rclcpp_minimal_service/environment/path.sh
[6.036s] -- Installing: /home/marco/projects/ros/install/examples_rclcpp_minimal_service/share/examples_rclcpp_minimal_service/environment/path.dsv
[6.036s] -- Installing: /home/marco/projects/ros/install/examples_rclcpp_minimal_service/share/examples_rclcpp_minimal_service/local_setup.bash
[6.037s] -- Installing: /home/marco/projects/ros/install/examples_rclcpp_minimal_service/share/examples_rclcpp_minimal_service/local_setup.sh
[6.037s] -- Installing: /home/marco/projects/ros/install/examples_rclcpp_minimal_service/share/examples_rclcpp_minimal_service/local_setup.zsh
[6.037s] -- Installing: /home/marco/projects/ros/install/examples_rclcpp_minimal_service/share/examples_rclcpp_minimal_service/local_setup.dsv
[6.037s] -- Installing: /home/marco/projects/ros/install/examples_rclcpp_minimal_service/share/examples_rclcpp_minimal_service/package.dsv
[6.038s] -- Installing: /home/marco/projects/ros/install/examples_rclcpp_minimal_service/share/ament_index/resource_index/packages/examples_rclcpp_minimal_service
[6.038s] -- Installing: /home/marco/projects/ros/install/examples_rclcpp_minimal_service/share/examples_rclcpp_minimal_service/cmake/examples_rclcpp_minimal_serviceConfig.cmake
[6.038s] -- Installing: /home/marco/projects/ros/install/examples_rclcpp_minimal_service/share/examples_rclcpp_minimal_service/cmake/examples_rclcpp_minimal_serviceConfig-version.cmake
[6.038s] -- Installing: /home/marco/projects/ros/install/examples_rclcpp_minimal_service/share/examples_rclcpp_minimal_service/package.xml
[6.044s] Invoked command in '/home/marco/projects/ros/build/examples_rclcpp_minimal_service' returned '0': CMAKE_PREFIX_PATH=${CMAKE_PREFIX_PATH}:/opt/ros/humble /usr/bin/cmake --install /home/marco/projects/ros/build/examples_rclcpp_minimal_service
