[1.020s] Invoking command in '/home/marco/projects/ros/catkin_ws/src/src/examples/rclpy/services/minimal_client': PYTHONPATH=/home/marco/projects/ros/build/examples_rclpy_minimal_client/prefix_override:/usr/lib/python3/dist-packages/colcon_core/task/python/colcon_distutils_commands:/home/marco/projects/ros/install/examples_rclpy_minimal_client/lib/python3.10/site-packages:${PYTHONPATH} /usr/bin/python3 -W ignore:setup.py install is deprecated -W ignore:easy_install command is deprecated setup.py egg_info --egg-base ../../../../../../../build/examples_rclpy_minimal_client build --build-base /home/marco/projects/ros/build/examples_rclpy_minimal_client/build install --record /home/marco/projects/ros/build/examples_rclpy_minimal_client/install.log --single-version-externally-managed install_data
[1.313s] running egg_info
[1.315s] creating ../../../../../../../build/examples_rclpy_minimal_client/examples_rclpy_minimal_client.egg-info
[1.315s] writing ../../../../../../../build/examples_rclpy_minimal_client/examples_rclpy_minimal_client.egg-info/PKG-INFO
[1.315s] writing dependency_links to ../../../../../../../build/examples_rclpy_minimal_client/examples_rclpy_minimal_client.egg-info/dependency_links.txt
[1.316s] writing entry points to ../../../../../../../build/examples_rclpy_minimal_client/examples_rclpy_minimal_client.egg-info/entry_points.txt
[1.316s] writing requirements to ../../../../../../../build/examples_rclpy_minimal_client/examples_rclpy_minimal_client.egg-info/requires.txt
[1.316s] writing top-level names to ../../../../../../../build/examples_rclpy_minimal_client/examples_rclpy_minimal_client.egg-info/top_level.txt
[1.316s] writing manifest file '../../../../../../../build/examples_rclpy_minimal_client/examples_rclpy_minimal_client.egg-info/SOURCES.txt'
[1.327s] reading manifest file '../../../../../../../build/examples_rclpy_minimal_client/examples_rclpy_minimal_client.egg-info/SOURCES.txt'
[1.327s] writing manifest file '../../../../../../../build/examples_rclpy_minimal_client/examples_rclpy_minimal_client.egg-info/SOURCES.txt'
[1.327s] running build
[1.327s] running build_py
[1.327s] creating /home/marco/projects/ros/build/examples_rclpy_minimal_client/build
[1.327s] creating /home/marco/projects/ros/build/examples_rclpy_minimal_client/build/lib
[1.327s] creating /home/marco/projects/ros/build/examples_rclpy_minimal_client/build/lib/examples_rclpy_minimal_client
[1.327s] copying examples_rclpy_minimal_client/client_async.py -> /home/marco/projects/ros/build/examples_rclpy_minimal_client/build/lib/examples_rclpy_minimal_client
[1.328s] copying examples_rclpy_minimal_client/client_async_callback.py -> /home/marco/projects/ros/build/examples_rclpy_minimal_client/build/lib/examples_rclpy_minimal_client
[1.328s] copying examples_rclpy_minimal_client/client_async_member_function.py -> /home/marco/projects/ros/build/examples_rclpy_minimal_client/build/lib/examples_rclpy_minimal_client
[1.328s] copying examples_rclpy_minimal_client/__init__.py -> /home/marco/projects/ros/build/examples_rclpy_minimal_client/build/lib/examples_rclpy_minimal_client
[1.329s] copying examples_rclpy_minimal_client/client.py -> /home/marco/projects/ros/build/examples_rclpy_minimal_client/build/lib/examples_rclpy_minimal_client
[1.329s] running install
[1.330s] running install_lib
[1.331s] creating /home/marco/projects/ros/install/examples_rclpy_minimal_client/lib/python3.10/site-packages/examples_rclpy_minimal_client
[1.331s] copying /home/marco/projects/ros/build/examples_rclpy_minimal_client/build/lib/examples_rclpy_minimal_client/client_async.py -> /home/marco/projects/ros/install/examples_rclpy_minimal_client/lib/python3.10/site-packages/examples_rclpy_minimal_client
[1.332s] copying /home/marco/projects/ros/build/examples_rclpy_minimal_client/build/lib/examples_rclpy_minimal_client/client_async_callback.py -> /home/marco/projects/ros/install/examples_rclpy_minimal_client/lib/python3.10/site-packages/examples_rclpy_minimal_client
[1.332s] copying /home/marco/projects/ros/build/examples_rclpy_minimal_client/build/lib/examples_rclpy_minimal_client/client_async_member_function.py -> /home/marco/projects/ros/install/examples_rclpy_minimal_client/lib/python3.10/site-packages/examples_rclpy_minimal_client
[1.332s] copying /home/marco/projects/ros/build/examples_rclpy_minimal_client/build/lib/examples_rclpy_minimal_client/__init__.py -> /home/marco/projects/ros/install/examples_rclpy_minimal_client/lib/python3.10/site-packages/examples_rclpy_minimal_client
[1.333s] copying /home/marco/projects/ros/build/examples_rclpy_minimal_client/build/lib/examples_rclpy_minimal_client/client.py -> /home/marco/projects/ros/install/examples_rclpy_minimal_client/lib/python3.10/site-packages/examples_rclpy_minimal_client
[1.333s] byte-compiling /home/marco/projects/ros/install/examples_rclpy_minimal_client/lib/python3.10/site-packages/examples_rclpy_minimal_client/client_async.py to client_async.cpython-310.pyc
[1.334s] byte-compiling /home/marco/projects/ros/install/examples_rclpy_minimal_client/lib/python3.10/site-packages/examples_rclpy_minimal_client/client_async_callback.py to client_async_callback.cpython-310.pyc
[1.334s] byte-compiling /home/marco/projects/ros/install/examples_rclpy_minimal_client/lib/python3.10/site-packages/examples_rclpy_minimal_client/client_async_member_function.py to client_async_member_function.cpython-310.pyc
[1.335s] byte-compiling /home/marco/projects/ros/install/examples_rclpy_minimal_client/lib/python3.10/site-packages/examples_rclpy_minimal_client/__init__.py to __init__.cpython-310.pyc
[1.336s] byte-compiling /home/marco/projects/ros/install/examples_rclpy_minimal_client/lib/python3.10/site-packages/examples_rclpy_minimal_client/client.py to client.cpython-310.pyc
[1.336s] running install_data
[1.336s] creating /home/marco/projects/ros/install/examples_rclpy_minimal_client/share/ament_index
[1.336s] creating /home/marco/projects/ros/install/examples_rclpy_minimal_client/share/ament_index/resource_index
[1.337s] creating /home/marco/projects/ros/install/examples_rclpy_minimal_client/share/ament_index/resource_index/packages
[1.337s] copying resource/examples_rclpy_minimal_client -> /home/marco/projects/ros/install/examples_rclpy_minimal_client/share/ament_index/resource_index/packages
[1.337s] copying package.xml -> /home/marco/projects/ros/install/examples_rclpy_minimal_client/share/examples_rclpy_minimal_client
[1.337s] running install_egg_info
[1.340s] Copying ../../../../../../../build/examples_rclpy_minimal_client/examples_rclpy_minimal_client.egg-info to /home/marco/projects/ros/install/examples_rclpy_minimal_client/lib/python3.10/site-packages/examples_rclpy_minimal_client-0.15.3-py3.10.egg-info
[1.341s] running install_scripts
[1.366s] Installing client script to /home/marco/projects/ros/install/examples_rclpy_minimal_client/lib/examples_rclpy_minimal_client
[1.367s] Installing client_async script to /home/marco/projects/ros/install/examples_rclpy_minimal_client/lib/examples_rclpy_minimal_client
[1.367s] Installing client_async_callback script to /home/marco/projects/ros/install/examples_rclpy_minimal_client/lib/examples_rclpy_minimal_client
[1.367s] Installing client_async_member_function script to /home/marco/projects/ros/install/examples_rclpy_minimal_client/lib/examples_rclpy_minimal_client
[1.368s] writing list of installed files to '/home/marco/projects/ros/build/examples_rclpy_minimal_client/install.log'
[1.405s] Invoked command in '/home/marco/projects/ros/catkin_ws/src/src/examples/rclpy/services/minimal_client' returned '0': PYTHONPATH=/home/marco/projects/ros/build/examples_rclpy_minimal_client/prefix_override:/usr/lib/python3/dist-packages/colcon_core/task/python/colcon_distutils_commands:/home/marco/projects/ros/install/examples_rclpy_minimal_client/lib/python3.10/site-packages:${PYTHONPATH} /usr/bin/python3 -W ignore:setup.py install is deprecated -W ignore:easy_install command is deprecated setup.py egg_info --egg-base ../../../../../../../build/examples_rclpy_minimal_client build --build-base /home/marco/projects/ros/build/examples_rclpy_minimal_client/build install --record /home/marco/projects/ros/build/examples_rclpy_minimal_client/install.log --single-version-externally-managed install_data
