[0.028s] Invoking command in '/home/marco/projects/ros/build/examples_rclcpp_minimal_action_server': CMAKE_PREFIX_PATH=${CMAKE_PREFIX_PATH}:/opt/ros/humble /usr/bin/cmake /home/marco/projects/ros/catkin_ws/src/src/examples/rclcpp/actions/minimal_action_server -DCMAKE_INSTALL_PREFIX=/home/marco/projects/ros/install/examples_rclcpp_minimal_action_server
[0.187s] -- The C compiler identification is GNU 11.4.0
[0.413s] -- The CXX compiler identification is GNU 11.4.0
[0.440s] -- Detecting C compiler ABI info
[0.645s] -- Detecting C compiler ABI info - done
[0.672s] -- Check for working C compiler: /usr/bin/cc - skipped
[0.672s] -- Detecting C compile features
[0.675s] -- Detecting C compile features - done
[0.683s] -- Detecting CXX compiler ABI info
[0.888s] -- Detecting CXX compiler ABI info - done
[0.914s] -- Check for working CXX compiler: /usr/bin/c++ - skipped
[0.914s] -- Detecting CXX compile features
[0.914s] -- Detecting CXX compile features - done
[0.928s] -- Found ament_cmake: 1.3.11 (/opt/ros/humble/share/ament_cmake/cmake)
[1.351s] -- Found Python3: /usr/bin/python3 (found version "3.10.12") found components: Interpreter 
[1.622s] -- Found example_interfaces: 0.9.3 (/opt/ros/humble/share/example_interfaces/cmake)
[1.700s] -- Found rosidl_generator_c: 3.1.6 (/opt/ros/humble/share/rosidl_generator_c/cmake)
[1.718s] -- Found rosidl_adapter: 3.1.6 (/opt/ros/humble/share/rosidl_adapter/cmake)
[1.734s] -- Found rosidl_generator_cpp: 3.1.6 (/opt/ros/humble/share/rosidl_generator_cpp/cmake)
[1.764s] -- Using all available rosidl_typesupport_c: rosidl_typesupport_fastrtps_c;rosidl_typesupport_introspection_c
[1.803s] -- Using all available rosidl_typesupport_cpp: rosidl_typesupport_fastrtps_cpp;rosidl_typesupport_introspection_cpp
[1.930s] -- Found rclcpp: 16.0.11 (/opt/ros/humble/share/rclcpp/cmake)
[1.984s] -- Found rmw_implementation_cmake: 6.1.2 (/opt/ros/humble/share/rmw_implementation_cmake/cmake)
[1.990s] -- Found rmw_fastrtps_cpp: 6.2.7 (/opt/ros/humble/share/rmw_fastrtps_cpp/cmake)
[2.130s] -- Found OpenSSL: /usr/lib/x86_64-linux-gnu/libcrypto.so (found version "3.0.2")  
[2.195s] -- Found FastRTPS: /opt/ros/humble/include  
[2.278s] -- Using RMW implementation 'rmw_fastrtps_cpp' as default
[2.300s] -- Looking for pthread.h
[2.468s] -- Looking for pthread.h - found
[2.473s] -- Performing Test CMAKE_HAVE_LIBC_PTHREAD
[2.595s] -- Performing Test CMAKE_HAVE_LIBC_PTHREAD - Success
[2.597s] -- Found Threads: TRUE  
[2.745s] -- Found rclcpp_action: 16.0.11 (/opt/ros/humble/share/rclcpp_action/cmake)
[2.774s] -- Found ament_lint_auto: 0.12.11 (/opt/ros/humble/share/ament_lint_auto/cmake)
[2.986s] -- Added test 'copyright' to check source files copyright and LICENSE
[2.986s] -- Added test 'cppcheck' to perform static code analysis on C / C++ code
[2.986s] -- Configured cppcheck include dirs: 
[2.986s] -- Configured cppcheck exclude dirs and/or files: 
[2.986s] -- Added test 'cpplint' to check C / C++ code against the Google style
[2.987s] -- Configured cpplint exclude dirs and/or files: 
[2.987s] -- Added test 'lint_cmake' to check CMake code style
[2.990s] -- Added test 'uncrustify' to check C / C++ code style
[2.990s] -- Configured uncrustify additional arguments: 
[2.990s] -- Added test 'xmllint' to check XML markup files
[3.000s] -- Configuring done
[3.024s] -- Generating done
[3.032s] -- Build files have been written to: /home/marco/projects/ros/build/examples_rclcpp_minimal_action_server
[3.053s] Invoked command in '/home/marco/projects/ros/build/examples_rclcpp_minimal_action_server' returned '0': CMAKE_PREFIX_PATH=${CMAKE_PREFIX_PATH}:/opt/ros/humble /usr/bin/cmake /home/marco/projects/ros/catkin_ws/src/src/examples/rclcpp/actions/minimal_action_server -DCMAKE_INSTALL_PREFIX=/home/marco/projects/ros/install/examples_rclcpp_minimal_action_server
[3.062s] Invoking command in '/home/marco/projects/ros/build/examples_rclcpp_minimal_action_server': CMAKE_PREFIX_PATH=${CMAKE_PREFIX_PATH}:/opt/ros/humble /usr/bin/cmake --build /home/marco/projects/ros/build/examples_rclcpp_minimal_action_server -- -j4 -l4
[3.182s] [ 25%] [32mBuilding CXX object CMakeFiles/action_server_member_functions.dir/member_functions.cpp.o[0m
[3.191s] [ 50%] [32mBuilding CXX object CMakeFiles/action_server_not_composable.dir/not_composable.cpp.o[0m
[11.199s] [ 75%] [32m[1mLinking CXX executable action_server_member_functions[0m
[11.392s] [ 75%] Built target action_server_member_functions
[15.021s] [100%] [32m[1mLinking CXX executable action_server_not_composable[0m
[15.299s] [100%] Built target action_server_not_composable
[15.325s] Invoked command in '/home/marco/projects/ros/build/examples_rclcpp_minimal_action_server' returned '0': CMAKE_PREFIX_PATH=${CMAKE_PREFIX_PATH}:/opt/ros/humble /usr/bin/cmake --build /home/marco/projects/ros/build/examples_rclcpp_minimal_action_server -- -j4 -l4
[15.329s] Invoking command in '/home/marco/projects/ros/build/examples_rclcpp_minimal_action_server': CMAKE_PREFIX_PATH=${CMAKE_PREFIX_PATH}:/opt/ros/humble /usr/bin/cmake --install /home/marco/projects/ros/build/examples_rclcpp_minimal_action_server
[15.343s] -- Install configuration: ""
[15.344s] -- Installing: /home/marco/projects/ros/install/examples_rclcpp_minimal_action_server/lib/examples_rclcpp_minimal_action_server/action_server_not_composable
[15.344s] -- Set runtime path of "/home/marco/projects/ros/install/examples_rclcpp_minimal_action_server/lib/examples_rclcpp_minimal_action_server/action_server_not_composable" to ""
[15.344s] -- Installing: /home/marco/projects/ros/install/examples_rclcpp_minimal_action_server/lib/examples_rclcpp_minimal_action_server/action_server_member_functions
[15.345s] -- Set runtime path of "/home/marco/projects/ros/install/examples_rclcpp_minimal_action_server/lib/examples_rclcpp_minimal_action_server/action_server_member_functions" to ""
[15.351s] -- Installing: /home/marco/projects/ros/install/examples_rclcpp_minimal_action_server/share/ament_index/resource_index/package_run_dependencies/examples_rclcpp_minimal_action_server
[15.351s] -- Installing: /home/marco/projects/ros/install/examples_rclcpp_minimal_action_server/share/ament_index/resource_index/parent_prefix_path/examples_rclcpp_minimal_action_server
[15.352s] -- Installing: /home/marco/projects/ros/install/examples_rclcpp_minimal_action_server/share/examples_rclcpp_minimal_action_server/environment/ament_prefix_path.sh
[15.352s] -- Installing: /home/marco/projects/ros/install/examples_rclcpp_minimal_action_server/share/examples_rclcpp_minimal_action_server/environment/ament_prefix_path.dsv
[15.352s] -- Installing: /home/marco/projects/ros/install/examples_rclcpp_minimal_action_server/share/examples_rclcpp_minimal_action_server/environment/path.sh
[15.352s] -- Installing: /home/marco/projects/ros/install/examples_rclcpp_minimal_action_server/share/examples_rclcpp_minimal_action_server/environment/path.dsv
[15.352s] -- Installing: /home/marco/projects/ros/install/examples_rclcpp_minimal_action_server/share/examples_rclcpp_minimal_action_server/local_setup.bash
[15.352s] -- Installing: /home/marco/projects/ros/install/examples_rclcpp_minimal_action_server/share/examples_rclcpp_minimal_action_server/local_setup.sh
[15.352s] -- Installing: /home/marco/projects/ros/install/examples_rclcpp_minimal_action_server/share/examples_rclcpp_minimal_action_server/local_setup.zsh
[15.352s] -- Installing: /home/marco/projects/ros/install/examples_rclcpp_minimal_action_server/share/examples_rclcpp_minimal_action_server/local_setup.dsv
[15.352s] -- Installing: /home/marco/projects/ros/install/examples_rclcpp_minimal_action_server/share/examples_rclcpp_minimal_action_server/package.dsv
[15.352s] -- Installing: /home/marco/projects/ros/install/examples_rclcpp_minimal_action_server/share/ament_index/resource_index/packages/examples_rclcpp_minimal_action_server
[15.352s] -- Installing: /home/marco/projects/ros/install/examples_rclcpp_minimal_action_server/share/examples_rclcpp_minimal_action_server/cmake/examples_rclcpp_minimal_action_serverConfig.cmake
[15.352s] -- Installing: /home/marco/projects/ros/install/examples_rclcpp_minimal_action_server/share/examples_rclcpp_minimal_action_server/cmake/examples_rclcpp_minimal_action_serverConfig-version.cmake
[15.352s] -- Installing: /home/marco/projects/ros/install/examples_rclcpp_minimal_action_server/share/examples_rclcpp_minimal_action_server/package.xml
[15.357s] Invoked command in '/home/marco/projects/ros/build/examples_rclcpp_minimal_action_server' returned '0': CMAKE_PREFIX_PATH=${CMAKE_PREFIX_PATH}:/opt/ros/humble /usr/bin/cmake --install /home/marco/projects/ros/build/examples_rclcpp_minimal_action_server
