[0.984s] Invoking command in '/home/marco/projects/ros/catkin_ws/src/src/examples/rclpy/topics/pointcloud_publisher': PYTHONPATH=/home/marco/projects/ros/build/examples_rclpy_pointcloud_publisher/prefix_override:/usr/lib/python3/dist-packages/colcon_core/task/python/colcon_distutils_commands:/home/marco/projects/ros/install/examples_rclpy_pointcloud_publisher/lib/python3.10/site-packages:${PYTHONPATH} /usr/bin/python3 -W ignore:setup.py install is deprecated -W ignore:easy_install command is deprecated setup.py egg_info --egg-base ../../../../../../../build/examples_rclpy_pointcloud_publisher build --build-base /home/marco/projects/ros/build/examples_rclpy_pointcloud_publisher/build install --record /home/marco/projects/ros/build/examples_rclpy_pointcloud_publisher/install.log --single-version-externally-managed install_data
[1.266s] running egg_info
[1.268s] creating ../../../../../../../build/examples_rclpy_pointcloud_publisher/examples_rclpy_pointcloud_publisher.egg-info
[1.268s] writing ../../../../../../../build/examples_rclpy_pointcloud_publisher/examples_rclpy_pointcloud_publisher.egg-info/PKG-INFO
[1.268s] writing dependency_links to ../../../../../../../build/examples_rclpy_pointcloud_publisher/examples_rclpy_pointcloud_publisher.egg-info/dependency_links.txt
[1.268s] writing entry points to ../../../../../../../build/examples_rclpy_pointcloud_publisher/examples_rclpy_pointcloud_publisher.egg-info/entry_points.txt
[1.268s] writing requirements to ../../../../../../../build/examples_rclpy_pointcloud_publisher/examples_rclpy_pointcloud_publisher.egg-info/requires.txt
[1.268s] writing top-level names to ../../../../../../../build/examples_rclpy_pointcloud_publisher/examples_rclpy_pointcloud_publisher.egg-info/top_level.txt
[1.268s] writing manifest file '../../../../../../../build/examples_rclpy_pointcloud_publisher/examples_rclpy_pointcloud_publisher.egg-info/SOURCES.txt'
[1.274s] reading manifest file '../../../../../../../build/examples_rclpy_pointcloud_publisher/examples_rclpy_pointcloud_publisher.egg-info/SOURCES.txt'
[1.274s] writing manifest file '../../../../../../../build/examples_rclpy_pointcloud_publisher/examples_rclpy_pointcloud_publisher.egg-info/SOURCES.txt'
[1.274s] running build
[1.274s] running build_py
[1.275s] creating /home/marco/projects/ros/build/examples_rclpy_pointcloud_publisher/build
[1.275s] creating /home/marco/projects/ros/build/examples_rclpy_pointcloud_publisher/build/lib
[1.275s] creating /home/marco/projects/ros/build/examples_rclpy_pointcloud_publisher/build/lib/examples_rclpy_pointcloud_publisher
[1.275s] copying examples_rclpy_pointcloud_publisher/__init__.py -> /home/marco/projects/ros/build/examples_rclpy_pointcloud_publisher/build/lib/examples_rclpy_pointcloud_publisher
[1.276s] copying examples_rclpy_pointcloud_publisher/pointcloud_publisher.py -> /home/marco/projects/ros/build/examples_rclpy_pointcloud_publisher/build/lib/examples_rclpy_pointcloud_publisher
[1.277s] running install
[1.277s] running install_lib
[1.278s] creating /home/marco/projects/ros/install/examples_rclpy_pointcloud_publisher/lib/python3.10/site-packages/examples_rclpy_pointcloud_publisher
[1.278s] copying /home/marco/projects/ros/build/examples_rclpy_pointcloud_publisher/build/lib/examples_rclpy_pointcloud_publisher/__init__.py -> /home/marco/projects/ros/install/examples_rclpy_pointcloud_publisher/lib/python3.10/site-packages/examples_rclpy_pointcloud_publisher
[1.279s] copying /home/marco/projects/ros/build/examples_rclpy_pointcloud_publisher/build/lib/examples_rclpy_pointcloud_publisher/pointcloud_publisher.py -> /home/marco/projects/ros/install/examples_rclpy_pointcloud_publisher/lib/python3.10/site-packages/examples_rclpy_pointcloud_publisher
[1.279s] byte-compiling /home/marco/projects/ros/install/examples_rclpy_pointcloud_publisher/lib/python3.10/site-packages/examples_rclpy_pointcloud_publisher/__init__.py to __init__.cpython-310.pyc
[1.279s] byte-compiling /home/marco/projects/ros/install/examples_rclpy_pointcloud_publisher/lib/python3.10/site-packages/examples_rclpy_pointcloud_publisher/pointcloud_publisher.py to pointcloud_publisher.cpython-310.pyc
[1.282s] running install_data
[1.282s] creating /home/marco/projects/ros/install/examples_rclpy_pointcloud_publisher/share/ament_index
[1.282s] creating /home/marco/projects/ros/install/examples_rclpy_pointcloud_publisher/share/ament_index/resource_index
[1.282s] creating /home/marco/projects/ros/install/examples_rclpy_pointcloud_publisher/share/ament_index/resource_index/packages
[1.282s] copying resource/examples_rclpy_pointcloud_publisher -> /home/marco/projects/ros/install/examples_rclpy_pointcloud_publisher/share/ament_index/resource_index/packages
[1.282s] copying package.xml -> /home/marco/projects/ros/install/examples_rclpy_pointcloud_publisher/share/examples_rclpy_pointcloud_publisher
[1.282s] running install_egg_info
[1.285s] Copying ../../../../../../../build/examples_rclpy_pointcloud_publisher/examples_rclpy_pointcloud_publisher.egg-info to /home/marco/projects/ros/install/examples_rclpy_pointcloud_publisher/lib/python3.10/site-packages/examples_rclpy_pointcloud_publisher-0.15.3-py3.10.egg-info
[1.285s] running install_scripts
[1.310s] Installing pointcloud_publisher script to /home/marco/projects/ros/install/examples_rclpy_pointcloud_publisher/lib/examples_rclpy_pointcloud_publisher
[1.313s] writing list of installed files to '/home/marco/projects/ros/build/examples_rclpy_pointcloud_publisher/install.log'
[1.344s] Invoked command in '/home/marco/projects/ros/catkin_ws/src/src/examples/rclpy/topics/pointcloud_publisher' returned '0': PYTHONPATH=/home/marco/projects/ros/build/examples_rclpy_pointcloud_publisher/prefix_override:/usr/lib/python3/dist-packages/colcon_core/task/python/colcon_distutils_commands:/home/marco/projects/ros/install/examples_rclpy_pointcloud_publisher/lib/python3.10/site-packages:${PYTHONPATH} /usr/bin/python3 -W ignore:setup.py install is deprecated -W ignore:easy_install command is deprecated setup.py egg_info --egg-base ../../../../../../../build/examples_rclpy_pointcloud_publisher build --build-base /home/marco/projects/ros/build/examples_rclpy_pointcloud_publisher/build install --record /home/marco/projects/ros/build/examples_rclpy_pointcloud_publisher/install.log --single-version-externally-managed install_data
