[0.833s] Invoking command in '/home/marco/projects/ros/catkin_ws/src/build/examples_rclpy_guard_conditions': PYTHONPATH=/home/marco/projects/ros/catkin_ws/src/build/examples_rclpy_guard_conditions/prefix_override:/usr/lib/python3/dist-packages/colcon_core/task/python/colcon_distutils_commands:/home/marco/projects/ros/catkin_ws/src/install/examples_rclpy_guard_conditions/lib/python3.10/site-packages:${PYTHONPATH} /usr/bin/python3 -W ignore:setup.py install is deprecated -W ignore:easy_install command is deprecated setup.py develop --editable --build-directory /home/marco/projects/ros/catkin_ws/src/build/examples_rclpy_guard_conditions/build --no-deps symlink_data
[1.158s] running develop
[1.355s] running egg_info
[1.355s] creating examples_rclpy_guard_conditions.egg-info
[1.355s] writing examples_rclpy_guard_conditions.egg-info/PKG-INFO
[1.356s] writing dependency_links to examples_rclpy_guard_conditions.egg-info/dependency_links.txt
[1.357s] writing entry points to examples_rclpy_guard_conditions.egg-info/entry_points.txt
[1.357s] writing requirements to examples_rclpy_guard_conditions.egg-info/requires.txt
[1.357s] writing top-level names to examples_rclpy_guard_conditions.egg-info/top_level.txt
[1.357s] writing manifest file 'examples_rclpy_guard_conditions.egg-info/SOURCES.txt'
[1.362s] reading manifest file 'examples_rclpy_guard_conditions.egg-info/SOURCES.txt'
[1.362s] writing manifest file 'examples_rclpy_guard_conditions.egg-info/SOURCES.txt'
[1.364s] running build_ext
[1.364s] Creating /home/marco/projects/ros/catkin_ws/src/install/examples_rclpy_guard_conditions/lib/python3.10/site-packages/examples-rclpy-guard-conditions.egg-link (link to .)
[1.367s] Installing trigger_guard_condition script to /home/marco/projects/ros/catkin_ws/src/install/examples_rclpy_guard_conditions/lib/examples_rclpy_guard_conditions
[1.367s] 
[1.367s] Installed /home/marco/projects/ros/catkin_ws/src/build/examples_rclpy_guard_conditions
[1.367s] running symlink_data
[1.368s] creating /home/marco/projects/ros/catkin_ws/src/install/examples_rclpy_guard_conditions/share/ament_index
[1.368s] creating /home/marco/projects/ros/catkin_ws/src/install/examples_rclpy_guard_conditions/share/ament_index/resource_index
[1.368s] creating /home/marco/projects/ros/catkin_ws/src/install/examples_rclpy_guard_conditions/share/ament_index/resource_index/packages
[1.368s] symbolically linking /home/marco/projects/ros/catkin_ws/src/build/examples_rclpy_guard_conditions/resource/examples_rclpy_guard_conditions -> /home/marco/projects/ros/catkin_ws/src/install/examples_rclpy_guard_conditions/share/ament_index/resource_index/packages
[1.368s] symbolically linking /home/marco/projects/ros/catkin_ws/src/build/examples_rclpy_guard_conditions/package.xml -> /home/marco/projects/ros/catkin_ws/src/install/examples_rclpy_guard_conditions/share/examples_rclpy_guard_conditions
[1.406s] Invoked command in '/home/marco/projects/ros/catkin_ws/src/build/examples_rclpy_guard_conditions' returned '0': PYTHONPATH=/home/marco/projects/ros/catkin_ws/src/build/examples_rclpy_guard_conditions/prefix_override:/usr/lib/python3/dist-packages/colcon_core/task/python/colcon_distutils_commands:/home/marco/projects/ros/catkin_ws/src/install/examples_rclpy_guard_conditions/lib/python3.10/site-packages:${PYTHONPATH} /usr/bin/python3 -W ignore:setup.py install is deprecated -W ignore:easy_install command is deprecated setup.py develop --editable --build-directory /home/marco/projects/ros/catkin_ws/src/build/examples_rclpy_guard_conditions/build --no-deps symlink_data
