[0.818s] Invoking command in '/home/marco/projects/ros/catkin_ws/src/build/examples_rclpy_minimal_publisher': PYTHONPATH=/home/marco/projects/ros/catkin_ws/src/build/examples_rclpy_minimal_publisher/prefix_override:/usr/lib/python3/dist-packages/colcon_core/task/python/colcon_distutils_commands:/home/marco/projects/ros/catkin_ws/src/install/examples_rclpy_minimal_publisher/lib/python3.10/site-packages:${PYTHONPATH} /usr/bin/python3 -W ignore:setup.py install is deprecated -W ignore:easy_install command is deprecated setup.py develop --editable --build-directory /home/marco/projects/ros/catkin_ws/src/build/examples_rclpy_minimal_publisher/build --no-deps symlink_data
[1.145s] running develop
[1.432s] running egg_info
[1.432s] creating examples_rclpy_minimal_publisher.egg-info
[1.433s] writing examples_rclpy_minimal_publisher.egg-info/PKG-INFO
[1.433s] writing dependency_links to examples_rclpy_minimal_publisher.egg-info/dependency_links.txt
[1.433s] writing entry points to examples_rclpy_minimal_publisher.egg-info/entry_points.txt
[1.433s] writing requirements to examples_rclpy_minimal_publisher.egg-info/requires.txt
[1.434s] writing top-level names to examples_rclpy_minimal_publisher.egg-info/top_level.txt
[1.434s] writing manifest file 'examples_rclpy_minimal_publisher.egg-info/SOURCES.txt'
[1.436s] reading manifest file 'examples_rclpy_minimal_publisher.egg-info/SOURCES.txt'
[1.436s] writing manifest file 'examples_rclpy_minimal_publisher.egg-info/SOURCES.txt'
[1.440s] running build_ext
[1.440s] Creating /home/marco/projects/ros/catkin_ws/src/install/examples_rclpy_minimal_publisher/lib/python3.10/site-packages/examples-rclpy-minimal-publisher.egg-link (link to .)
[1.440s] Installing publisher_local_function script to /home/marco/projects/ros/catkin_ws/src/install/examples_rclpy_minimal_publisher/lib/examples_rclpy_minimal_publisher
[1.441s] Installing publisher_member_function script to /home/marco/projects/ros/catkin_ws/src/install/examples_rclpy_minimal_publisher/lib/examples_rclpy_minimal_publisher
[1.442s] Installing publisher_old_school script to /home/marco/projects/ros/catkin_ws/src/install/examples_rclpy_minimal_publisher/lib/examples_rclpy_minimal_publisher
[1.443s] 
[1.444s] Installed /home/marco/projects/ros/catkin_ws/src/build/examples_rclpy_minimal_publisher
[1.444s] running symlink_data
[1.445s] creating /home/marco/projects/ros/catkin_ws/src/install/examples_rclpy_minimal_publisher/share/ament_index
[1.445s] creating /home/marco/projects/ros/catkin_ws/src/install/examples_rclpy_minimal_publisher/share/ament_index/resource_index
[1.445s] creating /home/marco/projects/ros/catkin_ws/src/install/examples_rclpy_minimal_publisher/share/ament_index/resource_index/packages
[1.445s] symbolically linking /home/marco/projects/ros/catkin_ws/src/build/examples_rclpy_minimal_publisher/resource/examples_rclpy_minimal_publisher -> /home/marco/projects/ros/catkin_ws/src/install/examples_rclpy_minimal_publisher/share/ament_index/resource_index/packages
[1.445s] symbolically linking /home/marco/projects/ros/catkin_ws/src/build/examples_rclpy_minimal_publisher/package.xml -> /home/marco/projects/ros/catkin_ws/src/install/examples_rclpy_minimal_publisher/share/examples_rclpy_minimal_publisher
[1.482s] Invoked command in '/home/marco/projects/ros/catkin_ws/src/build/examples_rclpy_minimal_publisher' returned '0': PYTHONPATH=/home/marco/projects/ros/catkin_ws/src/build/examples_rclpy_minimal_publisher/prefix_override:/usr/lib/python3/dist-packages/colcon_core/task/python/colcon_distutils_commands:/home/marco/projects/ros/catkin_ws/src/install/examples_rclpy_minimal_publisher/lib/python3.10/site-packages:${PYTHONPATH} /usr/bin/python3 -W ignore:setup.py install is deprecated -W ignore:easy_install command is deprecated setup.py develop --editable --build-directory /home/marco/projects/ros/catkin_ws/src/build/examples_rclpy_minimal_publisher/build --no-deps symlink_data
