[0.010s] Invoking command in '/home/marco/projects/ros/build/examples_rclcpp_wait_set': CMAKE_PREFIX_PATH=${CMAKE_PREFIX_PATH}:/opt/ros/humble /usr/bin/cmake /home/marco/projects/ros/catkin_ws/src/src/examples/rclcpp/wait_set -DCMAKE_INSTALL_PREFIX=/home/marco/projects/ros/install/examples_rclcpp_wait_set
[0.065s] -- The C compiler identification is GNU 11.4.0
[0.125s] -- The CXX compiler identification is GNU 11.4.0
[0.133s] -- Detecting C compiler ABI info
[0.200s] -- Detecting C compiler ABI info - done
[0.210s] -- Check for working C compiler: /usr/bin/cc - skipped
[0.211s] -- Detecting C compile features
[0.211s] -- Detecting C compile features - done
[0.214s] -- Detecting CXX compiler ABI info
[0.295s] -- Detecting CXX compiler ABI info - done
[0.304s] -- Check for working CXX compiler: /usr/bin/c++ - skipped
[0.305s] -- Detecting CXX compile features
[0.305s] -- Detecting CXX compile features - done
[0.308s] -- Found ament_cmake: 1.3.11 (/opt/ros/humble/share/ament_cmake/cmake)
[0.497s] -- Found Python3: /usr/bin/python3 (found version "3.10.12") found components: Interpreter 
[0.591s] -- Found example_interfaces: 0.9.3 (/opt/ros/humble/share/example_interfaces/cmake)
[0.629s] -- Found rosidl_generator_c: 3.1.6 (/opt/ros/humble/share/rosidl_generator_c/cmake)
[0.637s] -- Found rosidl_adapter: 3.1.6 (/opt/ros/humble/share/rosidl_adapter/cmake)
[0.647s] -- Found rosidl_generator_cpp: 3.1.6 (/opt/ros/humble/share/rosidl_generator_cpp/cmake)
[0.657s] -- Using all available rosidl_typesupport_c: rosidl_typesupport_fastrtps_c;rosidl_typesupport_introspection_c
[0.676s] -- Using all available rosidl_typesupport_cpp: rosidl_typesupport_fastrtps_cpp;rosidl_typesupport_introspection_cpp
[0.737s] -- Found rclcpp: 16.0.11 (/opt/ros/humble/share/rclcpp/cmake)
[0.777s] -- Found rmw_implementation_cmake: 6.1.2 (/opt/ros/humble/share/rmw_implementation_cmake/cmake)
[0.780s] -- Found rmw_fastrtps_cpp: 6.2.7 (/opt/ros/humble/share/rmw_fastrtps_cpp/cmake)
[0.873s] -- Found OpenSSL: /usr/lib/x86_64-linux-gnu/libcrypto.so (found version "3.0.2")  
[0.903s] -- Found FastRTPS: /opt/ros/humble/include  
[0.949s] -- Using RMW implementation 'rmw_fastrtps_cpp' as default
[0.961s] -- Looking for pthread.h
[1.032s] -- Looking for pthread.h - found
[1.032s] -- Performing Test CMAKE_HAVE_LIBC_PTHREAD
[1.108s] -- Performing Test CMAKE_HAVE_LIBC_PTHREAD - Success
[1.109s] -- Found Threads: TRUE  
[1.171s] -- Found rclcpp_components: 16.0.11 (/opt/ros/humble/share/rclcpp_components/cmake)
[1.212s] -- Found ament_lint_auto: 0.12.11 (/opt/ros/humble/share/ament_lint_auto/cmake)
[1.305s] -- Added test 'copyright' to check source files copyright and LICENSE
[1.307s] -- Added test 'cppcheck' to perform static code analysis on C / C++ code
[1.308s] -- Configured cppcheck include dirs: /home/marco/projects/ros/catkin_ws/src/src/examples/rclcpp/wait_set/include
[1.309s] -- Configured cppcheck exclude dirs and/or files: 
[1.311s] -- Added test 'cpplint' to check C / C++ code against the Google style
[1.311s] -- Configured cpplint exclude dirs and/or files: 
[1.313s] -- Added test 'lint_cmake' to check CMake code style
[1.313s] -- Added test 'uncrustify' to check C / C++ code style
[1.314s] -- Configured uncrustify additional arguments: 
[1.314s] -- Added test 'xmllint' to check XML markup files
[1.318s] -- Configuring done
[1.361s] -- Generating done
[1.383s] -- Build files have been written to: /home/marco/projects/ros/build/examples_rclcpp_wait_set
[1.397s] Invoked command in '/home/marco/projects/ros/build/examples_rclcpp_wait_set' returned '0': CMAKE_PREFIX_PATH=${CMAKE_PREFIX_PATH}:/opt/ros/humble /usr/bin/cmake /home/marco/projects/ros/catkin_ws/src/src/examples/rclcpp/wait_set -DCMAKE_INSTALL_PREFIX=/home/marco/projects/ros/install/examples_rclcpp_wait_set
[1.398s] Invoking command in '/home/marco/projects/ros/build/examples_rclcpp_wait_set': CMAKE_PREFIX_PATH=${CMAKE_PREFIX_PATH}:/opt/ros/humble /usr/bin/cmake --build /home/marco/projects/ros/build/examples_rclcpp_wait_set -- -j4 -l4
[1.452s] [  4%] [32mBuilding CXX object CMakeFiles/talker.dir/src/talker.cpp.o[0m
[6.556s] [  8%] [32m[1mLinking CXX shared library libtalker.so[0m
[6.815s] [  8%] Built target talker
[6.851s] [ 12%] [32mBuilding CXX object CMakeFiles/wait_set_listener.dir/rclcpp_components/node_main_wait_set_listener.cpp.o[0m
[10.466s] [ 16%] [32m[1mLinking CXX executable wait_set_listener[0m
[10.615s] [ 16%] Built target wait_set_listener
[10.636s] [ 20%] [32mBuilding CXX object CMakeFiles/wait_set.dir/src/wait_set.cpp.o[0m
[19.921s] [ 25%] [32m[1mLinking CXX executable wait_set[0m
[20.268s] [ 25%] Built target wait_set
[20.281s] [ 29%] [32mBuilding CXX object CMakeFiles/static_wait_set.dir/src/static_wait_set.cpp.o[0m
[26.352s] [ 33%] [32m[1mLinking CXX executable static_wait_set[0m
[26.645s] [ 33%] Built target static_wait_set
[26.659s] [ 37%] [32mBuilding CXX object CMakeFiles/thread_safe_wait_set.dir/src/thread_safe_wait_set.cpp.o[0m
[31.678s] [ 41%] [32mBuilding CXX object CMakeFiles/wait_set_topics_and_timer.dir/src/wait_set_topics_and_timer.cpp.o[0m
[32.715s] [ 45%] [32mBuilding CXX object CMakeFiles/listener.dir/src/listener.cpp.o[0m
[33.749s] [ 50%] [32mBuilding CXX object CMakeFiles/wait_set_talker.dir/rclcpp_components/node_main_wait_set_talker.cpp.o[0m
[36.032s] [ 54%] [32m[1mLinking CXX executable thread_safe_wait_set[0m
[37.297s] [ 54%] Built target thread_safe_wait_set
[40.098s] [ 58%] [32m[1mLinking CXX executable wait_set_talker[0m
[40.326s] [ 58%] Built target wait_set_talker
[46.856s] [ 62%] [32m[1mLinking CXX executable wait_set_topics_and_timer[0m
[47.524s] [ 62%] Built target wait_set_topics_and_timer
[47.693s] [ 66%] [32m[1mLinking CXX shared library liblistener.so[0m
[48.040s] [ 66%] Built target listener
[48.053s] [ 70%] [32mBuilding CXX object CMakeFiles/wait_set_topics_with_different_rates.dir/src/wait_set_topics_with_different_rates.cpp.o[0m
[54.542s] [ 75%] [32m[1mLinking CXX executable wait_set_topics_with_different_rates[0m
[54.867s] [ 75%] Built target wait_set_topics_with_different_rates
[54.881s] [ 79%] [32mBuilding CXX object CMakeFiles/wait_set_composed.dir/src/wait_set_composed.cpp.o[0m
[56.928s] [ 83%] [32m[1mLinking CXX executable wait_set_composed[0m
[57.077s] [ 83%] Built target wait_set_composed
[57.090s] [ 87%] [32mBuilding CXX object CMakeFiles/executor_random_order.dir/src/executor_random_order.cpp.o[0m
[63.180s] [ 91%] [32m[1mLinking CXX executable executor_random_order[0m
[63.459s] [ 91%] Built target executor_random_order
[63.471s] [ 95%] [32mBuilding CXX object CMakeFiles/wait_set_random_order.dir/src/wait_set_random_order.cpp.o[0m
[69.808s] [100%] [32m[1mLinking CXX executable wait_set_random_order[0m
[70.123s] [100%] Built target wait_set_random_order
[70.130s] Invoked command in '/home/marco/projects/ros/build/examples_rclcpp_wait_set' returned '0': CMAKE_PREFIX_PATH=${CMAKE_PREFIX_PATH}:/opt/ros/humble /usr/bin/cmake --build /home/marco/projects/ros/build/examples_rclcpp_wait_set -- -j4 -l4
[70.131s] Invoking command in '/home/marco/projects/ros/build/examples_rclcpp_wait_set': CMAKE_PREFIX_PATH=${CMAKE_PREFIX_PATH}:/opt/ros/humble /usr/bin/cmake --install /home/marco/projects/ros/build/examples_rclcpp_wait_set
[70.136s] -- Install configuration: ""
[70.136s] -- Installing: /home/marco/projects/ros/install/examples_rclcpp_wait_set/lib/examples_rclcpp_wait_set/wait_set_talker
[70.137s] -- Set runtime path of "/home/marco/projects/ros/install/examples_rclcpp_wait_set/lib/examples_rclcpp_wait_set/wait_set_talker" to ""
[70.137s] -- Installing: /home/marco/projects/ros/install/examples_rclcpp_wait_set/lib/examples_rclcpp_wait_set/wait_set_listener
[70.137s] -- Set runtime path of "/home/marco/projects/ros/install/examples_rclcpp_wait_set/lib/examples_rclcpp_wait_set/wait_set_listener" to ""
[70.137s] -- Installing: /home/marco/projects/ros/install/examples_rclcpp_wait_set/lib/libtalker.so
[70.138s] -- Set runtime path of "/home/marco/projects/ros/install/examples_rclcpp_wait_set/lib/libtalker.so" to ""
[70.138s] -- Installing: /home/marco/projects/ros/install/examples_rclcpp_wait_set/lib/liblistener.so
[70.141s] -- Set runtime path of "/home/marco/projects/ros/install/examples_rclcpp_wait_set/lib/liblistener.so" to ""
[70.141s] -- Installing: /home/marco/projects/ros/install/examples_rclcpp_wait_set/lib/examples_rclcpp_wait_set/wait_set
[70.143s] -- Set runtime path of "/home/marco/projects/ros/install/examples_rclcpp_wait_set/lib/examples_rclcpp_wait_set/wait_set" to ""
[70.143s] -- Installing: /home/marco/projects/ros/install/examples_rclcpp_wait_set/lib/examples_rclcpp_wait_set/static_wait_set
[70.145s] -- Set runtime path of "/home/marco/projects/ros/install/examples_rclcpp_wait_set/lib/examples_rclcpp_wait_set/static_wait_set" to ""
[70.145s] -- Installing: /home/marco/projects/ros/install/examples_rclcpp_wait_set/lib/examples_rclcpp_wait_set/thread_safe_wait_set
[70.147s] -- Set runtime path of "/home/marco/projects/ros/install/examples_rclcpp_wait_set/lib/examples_rclcpp_wait_set/thread_safe_wait_set" to ""
[70.147s] -- Installing: /home/marco/projects/ros/install/examples_rclcpp_wait_set/lib/examples_rclcpp_wait_set/wait_set_topics_and_timer
[70.149s] -- Set runtime path of "/home/marco/projects/ros/install/examples_rclcpp_wait_set/lib/examples_rclcpp_wait_set/wait_set_topics_and_timer" to ""
[70.149s] -- Installing: /home/marco/projects/ros/install/examples_rclcpp_wait_set/lib/examples_rclcpp_wait_set/wait_set_random_order
[70.151s] -- Set runtime path of "/home/marco/projects/ros/install/examples_rclcpp_wait_set/lib/examples_rclcpp_wait_set/wait_set_random_order" to ""
[70.151s] -- Installing: /home/marco/projects/ros/install/examples_rclcpp_wait_set/lib/examples_rclcpp_wait_set/executor_random_order
[70.153s] -- Set runtime path of "/home/marco/projects/ros/install/examples_rclcpp_wait_set/lib/examples_rclcpp_wait_set/executor_random_order" to ""
[70.153s] -- Installing: /home/marco/projects/ros/install/examples_rclcpp_wait_set/lib/examples_rclcpp_wait_set/wait_set_topics_with_different_rates
[70.155s] -- Set runtime path of "/home/marco/projects/ros/install/examples_rclcpp_wait_set/lib/examples_rclcpp_wait_set/wait_set_topics_with_different_rates" to ""
[70.155s] -- Installing: /home/marco/projects/ros/install/examples_rclcpp_wait_set/lib/examples_rclcpp_wait_set/wait_set_composed
[70.155s] -- Set runtime path of "/home/marco/projects/ros/install/examples_rclcpp_wait_set/lib/examples_rclcpp_wait_set/wait_set_composed" to ""
[70.155s] -- Installing: /home/marco/projects/ros/install/examples_rclcpp_wait_set/share/ament_index/resource_index/package_run_dependencies/examples_rclcpp_wait_set
[70.155s] -- Installing: /home/marco/projects/ros/install/examples_rclcpp_wait_set/share/ament_index/resource_index/parent_prefix_path/examples_rclcpp_wait_set
[70.155s] -- Installing: /home/marco/projects/ros/install/examples_rclcpp_wait_set/share/examples_rclcpp_wait_set/environment/ament_prefix_path.sh
[70.155s] -- Installing: /home/marco/projects/ros/install/examples_rclcpp_wait_set/share/examples_rclcpp_wait_set/environment/ament_prefix_path.dsv
[70.155s] -- Installing: /home/marco/projects/ros/install/examples_rclcpp_wait_set/share/examples_rclcpp_wait_set/environment/path.sh
[70.155s] -- Installing: /home/marco/projects/ros/install/examples_rclcpp_wait_set/share/examples_rclcpp_wait_set/environment/path.dsv
[70.155s] -- Installing: /home/marco/projects/ros/install/examples_rclcpp_wait_set/share/examples_rclcpp_wait_set/local_setup.bash
[70.156s] -- Installing: /home/marco/projects/ros/install/examples_rclcpp_wait_set/share/examples_rclcpp_wait_set/local_setup.sh
[70.156s] -- Installing: /home/marco/projects/ros/install/examples_rclcpp_wait_set/share/examples_rclcpp_wait_set/local_setup.zsh
[70.156s] -- Installing: /home/marco/projects/ros/install/examples_rclcpp_wait_set/share/examples_rclcpp_wait_set/local_setup.dsv
[70.156s] -- Installing: /home/marco/projects/ros/install/examples_rclcpp_wait_set/share/examples_rclcpp_wait_set/package.dsv
[70.156s] -- Installing: /home/marco/projects/ros/install/examples_rclcpp_wait_set/share/ament_index/resource_index/packages/examples_rclcpp_wait_set
[70.156s] -- Installing: /home/marco/projects/ros/install/examples_rclcpp_wait_set/share/ament_index/resource_index/rclcpp_components/examples_rclcpp_wait_set
[70.156s] -- Installing: /home/marco/projects/ros/install/examples_rclcpp_wait_set/share/examples_rclcpp_wait_set/cmake/examples_rclcpp_wait_setConfig.cmake
[70.156s] -- Installing: /home/marco/projects/ros/install/examples_rclcpp_wait_set/share/examples_rclcpp_wait_set/cmake/examples_rclcpp_wait_setConfig-version.cmake
[70.156s] -- Installing: /home/marco/projects/ros/install/examples_rclcpp_wait_set/share/examples_rclcpp_wait_set/package.xml
[70.158s] Invoked command in '/home/marco/projects/ros/build/examples_rclcpp_wait_set' returned '0': CMAKE_PREFIX_PATH=${CMAKE_PREFIX_PATH}:/opt/ros/humble /usr/bin/cmake --install /home/marco/projects/ros/build/examples_rclcpp_wait_set
