[0.015s] Invoking command in '/home/marco/projects/ros/catkin_ws/src/build/examples_rclcpp_wait_set': CMAKE_PREFIX_PATH=/opt/ros/humble /usr/bin/cmake /home/marco/projects/ros/catkin_ws/src/src/examples/rclcpp/wait_set -DAMENT_CMAKE_SYMLINK_INSTALL=1 -DCMAKE_INSTALL_PREFIX=/home/marco/projects/ros/catkin_ws/src/install/examples_rclcpp_wait_set
[0.083s] -- The C compiler identification is GNU 11.4.0
[0.153s] -- The CXX compiler identification is GNU 11.4.0
[0.161s] -- Detecting C compiler ABI info
[0.254s] -- Detecting C compiler ABI info - done
[0.263s] -- Check for working C compiler: /usr/bin/cc - skipped
[0.263s] -- Detecting C compile features
[0.264s] -- Detecting C compile features - done
[0.268s] -- Detecting CXX compiler ABI info
[0.367s] -- Detecting CXX compiler ABI info - done
[0.385s] -- Check for working CXX compiler: /usr/bin/c++ - skipped
[0.385s] -- Detecting CXX compile features
[0.386s] -- Detecting CXX compile features - done
[0.392s] -- Found ament_cmake: 1.3.11 (/opt/ros/humble/share/ament_cmake/cmake)
[0.572s] -- Found Python3: /usr/bin/python3 (found version "3.10.12") found components: Interpreter 
[0.665s] -- Override CMake install command with custom implementation using symlinks instead of copying resources
[0.699s] -- Found example_interfaces: 0.9.3 (/opt/ros/humble/share/example_interfaces/cmake)
[0.743s] -- Found rosidl_generator_c: 3.1.6 (/opt/ros/humble/share/rosidl_generator_c/cmake)
[0.746s] -- Found rosidl_adapter: 3.1.6 (/opt/ros/humble/share/rosidl_adapter/cmake)
[0.757s] -- Found rosidl_generator_cpp: 3.1.6 (/opt/ros/humble/share/rosidl_generator_cpp/cmake)
[0.774s] -- Using all available rosidl_typesupport_c: rosidl_typesupport_fastrtps_c;rosidl_typesupport_introspection_c
[0.792s] -- Using all available rosidl_typesupport_cpp: rosidl_typesupport_fastrtps_cpp;rosidl_typesupport_introspection_cpp
[0.918s] -- Found rclcpp: 16.0.11 (/opt/ros/humble/share/rclcpp/cmake)
[0.962s] -- Found rmw_implementation_cmake: 6.1.2 (/opt/ros/humble/share/rmw_implementation_cmake/cmake)
[0.963s] -- Found rmw_fastrtps_cpp: 6.2.7 (/opt/ros/humble/share/rmw_fastrtps_cpp/cmake)
[1.060s] -- Found OpenSSL: /usr/lib/x86_64-linux-gnu/libcrypto.so (found version "3.0.2")  
[1.091s] -- Found FastRTPS: /opt/ros/humble/include  
[1.141s] -- Using RMW implementation 'rmw_fastrtps_cpp' as default
[1.152s] -- Looking for pthread.h
[1.245s] -- Looking for pthread.h - found
[1.245s] -- Performing Test CMAKE_HAVE_LIBC_PTHREAD
[1.334s] -- Performing Test CMAKE_HAVE_LIBC_PTHREAD - Success
[1.336s] -- Found Threads: TRUE  
[1.407s] -- Found rclcpp_components: 16.0.11 (/opt/ros/humble/share/rclcpp_components/cmake)
[1.457s] -- Found ament_lint_auto: 0.12.11 (/opt/ros/humble/share/ament_lint_auto/cmake)
[1.572s] -- Added test 'copyright' to check source files copyright and LICENSE
[1.573s] -- Added test 'cppcheck' to perform static code analysis on C / C++ code
[1.574s] -- Configured cppcheck include dirs: /home/marco/projects/ros/catkin_ws/src/src/examples/rclcpp/wait_set/include
[1.574s] -- Configured cppcheck exclude dirs and/or files: 
[1.576s] -- Added test 'cpplint' to check C / C++ code against the Google style
[1.576s] -- Configured cpplint exclude dirs and/or files: 
[1.577s] -- Added test 'lint_cmake' to check CMake code style
[1.578s] -- Added test 'uncrustify' to check C / C++ code style
[1.578s] -- Configured uncrustify additional arguments: 
[1.579s] -- Added test 'xmllint' to check XML markup files
[1.585s] -- Configuring done
[1.725s] -- Generating done
[1.774s] -- Build files have been written to: /home/marco/projects/ros/catkin_ws/src/build/examples_rclcpp_wait_set
[1.789s] Invoked command in '/home/marco/projects/ros/catkin_ws/src/build/examples_rclcpp_wait_set' returned '0': CMAKE_PREFIX_PATH=/opt/ros/humble /usr/bin/cmake /home/marco/projects/ros/catkin_ws/src/src/examples/rclcpp/wait_set -DAMENT_CMAKE_SYMLINK_INSTALL=1 -DCMAKE_INSTALL_PREFIX=/home/marco/projects/ros/catkin_ws/src/install/examples_rclcpp_wait_set
[1.790s] Invoking command in '/home/marco/projects/ros/catkin_ws/src/build/examples_rclcpp_wait_set': CMAKE_PREFIX_PATH=/opt/ros/humble /usr/bin/cmake --build /home/marco/projects/ros/catkin_ws/src/build/examples_rclcpp_wait_set -- -j4 -l4
[1.847s] [  4%] [32mBuilding CXX object CMakeFiles/talker.dir/src/talker.cpp.o[0m
[7.487s] [  8%] [32m[1mLinking CXX shared library libtalker.so[0m
[7.732s] [  8%] Built target talker
[7.755s] [ 12%] [32mBuilding CXX object CMakeFiles/wait_set_listener.dir/rclcpp_components/node_main_wait_set_listener.cpp.o[0m
[11.874s] [ 16%] [32m[1mLinking CXX executable wait_set_listener[0m
[12.043s] [ 16%] Built target wait_set_listener
[12.066s] [ 20%] [32mBuilding CXX object CMakeFiles/wait_set.dir/src/wait_set.cpp.o[0m
[19.169s] [ 25%] [32m[1mLinking CXX executable wait_set[0m
[19.527s] [ 25%] Built target wait_set
[19.541s] [ 29%] [32mBuilding CXX object CMakeFiles/static_wait_set.dir/src/static_wait_set.cpp.o[0m
[25.706s] [ 33%] [32m[1mLinking CXX executable static_wait_set[0m
[26.004s] [ 33%] Built target static_wait_set
[26.018s] [ 37%] [32mBuilding CXX object CMakeFiles/thread_safe_wait_set.dir/src/thread_safe_wait_set.cpp.o[0m
[32.721s] [ 41%] [32m[1mLinking CXX executable thread_safe_wait_set[0m
[33.078s] [ 41%] Built target thread_safe_wait_set
[33.092s] [ 45%] [32mBuilding CXX object CMakeFiles/wait_set_topics_and_timer.dir/src/wait_set_topics_and_timer.cpp.o[0m
[39.532s] [ 50%] [32m[1mLinking CXX executable wait_set_topics_and_timer[0m
[39.858s] [ 50%] Built target wait_set_topics_and_timer
[39.872s] [ 54%] [32mBuilding CXX object CMakeFiles/wait_set_random_order.dir/src/wait_set_random_order.cpp.o[0m
[42.887s] [ 58%] [32mBuilding CXX object CMakeFiles/executor_random_order.dir/src/executor_random_order.cpp.o[0m
[43.930s] [ 62%] [32mBuilding CXX object CMakeFiles/listener.dir/src/listener.cpp.o[0m
[44.963s] [ 66%] [32mBuilding CXX object CMakeFiles/wait_set_talker.dir/rclcpp_components/node_main_wait_set_talker.cpp.o[0m
[52.806s] [ 70%] [32m[1mLinking CXX executable wait_set_talker[0m
[53.201s] [ 70%] Built target wait_set_talker
[53.757s] [ 75%] [32m[1mLinking CXX executable wait_set_random_order[0m
[54.704s] [ 75%] Built target wait_set_random_order
[59.747s] [ 79%] [32m[1mLinking CXX executable executor_random_order[0m
[60.193s] [ 79%] Built target executor_random_order
[61.192s] [ 83%] [32m[1mLinking CXX shared library liblistener.so[0m
[61.542s] [ 83%] Built target listener
[61.556s] [ 87%] [32mBuilding CXX object CMakeFiles/wait_set_topics_with_different_rates.dir/src/wait_set_topics_with_different_rates.cpp.o[0m
[68.151s] [ 91%] [32m[1mLinking CXX executable wait_set_topics_with_different_rates[0m
[68.454s] [ 91%] Built target wait_set_topics_with_different_rates
[68.468s] [ 95%] [32mBuilding CXX object CMakeFiles/wait_set_composed.dir/src/wait_set_composed.cpp.o[0m
[70.419s] [100%] [32m[1mLinking CXX executable wait_set_composed[0m
[70.567s] [100%] Built target wait_set_composed
[70.577s] Invoked command in '/home/marco/projects/ros/catkin_ws/src/build/examples_rclcpp_wait_set' returned '0': CMAKE_PREFIX_PATH=/opt/ros/humble /usr/bin/cmake --build /home/marco/projects/ros/catkin_ws/src/build/examples_rclcpp_wait_set -- -j4 -l4
[70.578s] Invoking command in '/home/marco/projects/ros/catkin_ws/src/build/examples_rclcpp_wait_set': CMAKE_PREFIX_PATH=/opt/ros/humble /usr/bin/cmake --install /home/marco/projects/ros/catkin_ws/src/build/examples_rclcpp_wait_set
[70.583s] -- Install configuration: ""
[70.583s] -- Execute custom install script
[70.584s] -- Symlinking: /home/marco/projects/ros/catkin_ws/src/install/examples_rclcpp_wait_set/lib/examples_rclcpp_wait_set/wait_set_talker
[70.589s] -- Symlinking: /home/marco/projects/ros/catkin_ws/src/install/examples_rclcpp_wait_set/lib/examples_rclcpp_wait_set/wait_set_listener
[70.595s] -- Symlinking: /home/marco/projects/ros/catkin_ws/src/install/examples_rclcpp_wait_set/lib/libtalker.so
[70.601s] -- Symlinking: /home/marco/projects/ros/catkin_ws/src/install/examples_rclcpp_wait_set/lib/liblistener.so
[70.606s] -- Symlinking: /home/marco/projects/ros/catkin_ws/src/install/examples_rclcpp_wait_set/lib/examples_rclcpp_wait_set/wait_set
[70.612s] -- Symlinking: /home/marco/projects/ros/catkin_ws/src/install/examples_rclcpp_wait_set/lib/examples_rclcpp_wait_set/static_wait_set
[70.617s] -- Symlinking: /home/marco/projects/ros/catkin_ws/src/install/examples_rclcpp_wait_set/lib/examples_rclcpp_wait_set/thread_safe_wait_set
[70.623s] -- Symlinking: /home/marco/projects/ros/catkin_ws/src/install/examples_rclcpp_wait_set/lib/examples_rclcpp_wait_set/wait_set_topics_and_timer
[70.629s] -- Symlinking: /home/marco/projects/ros/catkin_ws/src/install/examples_rclcpp_wait_set/lib/examples_rclcpp_wait_set/wait_set_random_order
[70.634s] -- Symlinking: /home/marco/projects/ros/catkin_ws/src/install/examples_rclcpp_wait_set/lib/examples_rclcpp_wait_set/executor_random_order
[70.640s] -- Symlinking: /home/marco/projects/ros/catkin_ws/src/install/examples_rclcpp_wait_set/lib/examples_rclcpp_wait_set/wait_set_topics_with_different_rates
[70.645s] -- Symlinking: /home/marco/projects/ros/catkin_ws/src/install/examples_rclcpp_wait_set/lib/examples_rclcpp_wait_set/wait_set_composed
[70.651s] -- Symlinking: /home/marco/projects/ros/catkin_ws/src/install/examples_rclcpp_wait_set/share/ament_index/resource_index/package_run_dependencies/examples_rclcpp_wait_set
[70.657s] -- Symlinking: /home/marco/projects/ros/catkin_ws/src/install/examples_rclcpp_wait_set/share/ament_index/resource_index/parent_prefix_path/examples_rclcpp_wait_set
[70.663s] -- Symlinking: /home/marco/projects/ros/catkin_ws/src/install/examples_rclcpp_wait_set/share/examples_rclcpp_wait_set/environment/ament_prefix_path.sh
[70.669s] -- Symlinking: /home/marco/projects/ros/catkin_ws/src/install/examples_rclcpp_wait_set/share/examples_rclcpp_wait_set/environment/ament_prefix_path.dsv
[70.674s] -- Symlinking: /home/marco/projects/ros/catkin_ws/src/install/examples_rclcpp_wait_set/share/examples_rclcpp_wait_set/environment/path.sh
[70.680s] -- Symlinking: /home/marco/projects/ros/catkin_ws/src/install/examples_rclcpp_wait_set/share/examples_rclcpp_wait_set/environment/path.dsv
[70.686s] -- Symlinking: /home/marco/projects/ros/catkin_ws/src/install/examples_rclcpp_wait_set/share/examples_rclcpp_wait_set/local_setup.bash
[70.692s] -- Symlinking: /home/marco/projects/ros/catkin_ws/src/install/examples_rclcpp_wait_set/share/examples_rclcpp_wait_set/local_setup.sh
[70.698s] -- Symlinking: /home/marco/projects/ros/catkin_ws/src/install/examples_rclcpp_wait_set/share/examples_rclcpp_wait_set/local_setup.zsh
[70.703s] -- Symlinking: /home/marco/projects/ros/catkin_ws/src/install/examples_rclcpp_wait_set/share/examples_rclcpp_wait_set/local_setup.dsv
[70.709s] -- Symlinking: /home/marco/projects/ros/catkin_ws/src/install/examples_rclcpp_wait_set/share/examples_rclcpp_wait_set/package.dsv
[70.715s] -- Symlinking: /home/marco/projects/ros/catkin_ws/src/install/examples_rclcpp_wait_set/share/ament_index/resource_index/packages/examples_rclcpp_wait_set
[70.720s] -- Symlinking: /home/marco/projects/ros/catkin_ws/src/install/examples_rclcpp_wait_set/share/ament_index/resource_index/rclcpp_components/examples_rclcpp_wait_set
[70.726s] -- Symlinking: /home/marco/projects/ros/catkin_ws/src/install/examples_rclcpp_wait_set/share/examples_rclcpp_wait_set/cmake/examples_rclcpp_wait_setConfig.cmake
[70.731s] -- Symlinking: /home/marco/projects/ros/catkin_ws/src/install/examples_rclcpp_wait_set/share/examples_rclcpp_wait_set/cmake/examples_rclcpp_wait_setConfig-version.cmake
[70.737s] -- Symlinking: /home/marco/projects/ros/catkin_ws/src/install/examples_rclcpp_wait_set/share/examples_rclcpp_wait_set/package.xml
[70.744s] Invoked command in '/home/marco/projects/ros/catkin_ws/src/build/examples_rclcpp_wait_set' returned '0': CMAKE_PREFIX_PATH=/opt/ros/humble /usr/bin/cmake --install /home/marco/projects/ros/catkin_ws/src/build/examples_rclcpp_wait_set
