[0.583s] Invoking command in '/home/marco/projects/ros/rso2_ws/src/my_robot_controller': PYTHONPATH=/home/marco/projects/ros/rso2_ws/build/my_robot_controller/prefix_override:/usr/lib/python3/dist-packages/colcon_core/task/python/colcon_distutils_commands:/home/marco/projects/ros/rso2_ws/install/my_robot_controller/lib/python3.10/site-packages:${PYTHONPATH} /usr/bin/python3 -W ignore:setup.py install is deprecated -W ignore:easy_install command is deprecated setup.py egg_info --egg-base ../../build/my_robot_controller build --build-base /home/marco/projects/ros/rso2_ws/build/my_robot_controller/build install --record /home/marco/projects/ros/rso2_ws/build/my_robot_controller/install.log --single-version-externally-managed install_data
[0.744s] running egg_info
[0.745s] writing ../../build/my_robot_controller/my_robot_controller.egg-info/PKG-INFO
[0.745s] writing dependency_links to ../../build/my_robot_controller/my_robot_controller.egg-info/dependency_links.txt
[0.745s] writing entry points to ../../build/my_robot_controller/my_robot_controller.egg-info/entry_points.txt
[0.745s] writing requirements to ../../build/my_robot_controller/my_robot_controller.egg-info/requires.txt
[0.745s] writing top-level names to ../../build/my_robot_controller/my_robot_controller.egg-info/top_level.txt
[0.747s] reading manifest file '../../build/my_robot_controller/my_robot_controller.egg-info/SOURCES.txt'
[0.753s] writing manifest file '../../build/my_robot_controller/my_robot_controller.egg-info/SOURCES.txt'
[0.757s] running build
[0.757s] running build_py
[0.757s] copying my_robot_controller/my_first_node.py -> /home/marco/projects/ros/rso2_ws/build/my_robot_controller/build/lib/my_robot_controller
[0.757s] running install
[0.757s] running install_lib
[0.757s] copying /home/marco/projects/ros/rso2_ws/build/my_robot_controller/build/lib/my_robot_controller/my_first_node.py -> /home/marco/projects/ros/rso2_ws/install/my_robot_controller/lib/python3.10/site-packages/my_robot_controller
[0.757s] byte-compiling /home/marco/projects/ros/rso2_ws/install/my_robot_controller/lib/python3.10/site-packages/my_robot_controller/my_first_node.py to my_first_node.cpython-310.pyc
[0.757s] running install_data
[0.757s] running install_egg_info
[0.758s] removing '/home/marco/projects/ros/rso2_ws/install/my_robot_controller/lib/python3.10/site-packages/my_robot_controller-0.0.0-py3.10.egg-info' (and everything under it)
[0.758s] Copying ../../build/my_robot_controller/my_robot_controller.egg-info to /home/marco/projects/ros/rso2_ws/install/my_robot_controller/lib/python3.10/site-packages/my_robot_controller-0.0.0-py3.10.egg-info
[0.759s] running install_scripts
[0.778s] Installing first_node script to /home/marco/projects/ros/rso2_ws/install/my_robot_controller/lib/my_robot_controller
[0.778s] writing list of installed files to '/home/marco/projects/ros/rso2_ws/build/my_robot_controller/install.log'
[0.797s] Invoked command in '/home/marco/projects/ros/rso2_ws/src/my_robot_controller' returned '0': PYTHONPATH=/home/marco/projects/ros/rso2_ws/build/my_robot_controller/prefix_override:/usr/lib/python3/dist-packages/colcon_core/task/python/colcon_distutils_commands:/home/marco/projects/ros/rso2_ws/install/my_robot_controller/lib/python3.10/site-packages:${PYTHONPATH} /usr/bin/python3 -W ignore:setup.py install is deprecated -W ignore:easy_install command is deprecated setup.py egg_info --egg-base ../../build/my_robot_controller build --build-base /home/marco/projects/ros/rso2_ws/build/my_robot_controller/build install --record /home/marco/projects/ros/rso2_ws/build/my_robot_controller/install.log --single-version-externally-managed install_data
