[0.026s] Invoking command in '/home/marco/projects/ros/build/examples_rclcpp_minimal_client': CMAKE_PREFIX_PATH=${CMAKE_PREFIX_PATH}:/opt/ros/humble /usr/bin/cmake /home/marco/projects/ros/catkin_ws/src/src/examples/rclcpp/services/minimal_client -DCMAKE_INSTALL_PREFIX=/home/marco/projects/ros/install/examples_rclcpp_minimal_client
[0.196s] -- The C compiler identification is GNU 11.4.0
[0.363s] -- The CXX compiler identification is GNU 11.4.0
[0.389s] -- Detecting C compiler ABI info
[0.603s] -- Detecting C compiler ABI info - done
[0.628s] -- Check for working C compiler: /usr/bin/cc - skipped
[0.633s] -- Detecting C compile features
[0.633s] -- Detecting C compile features - done
[0.638s] -- Detecting CXX compiler ABI info
[0.879s] -- Detecting CXX compiler ABI info - done
[0.902s] -- Check for working CXX compiler: /usr/bin/c++ - skipped
[0.902s] -- Detecting CXX compile features
[0.906s] -- Detecting CXX compile features - done
[0.909s] -- Found ament_cmake: 1.3.11 (/opt/ros/humble/share/ament_cmake/cmake)
[1.335s] -- Found Python3: /usr/bin/python3 (found version "3.10.12") found components: Interpreter 
[1.492s] -- Found example_interfaces: 0.9.3 (/opt/ros/humble/share/example_interfaces/cmake)
[1.559s] -- Found rosidl_generator_c: 3.1.6 (/opt/ros/humble/share/rosidl_generator_c/cmake)
[1.567s] -- Found rosidl_adapter: 3.1.6 (/opt/ros/humble/share/rosidl_adapter/cmake)
[1.580s] -- Found rosidl_generator_cpp: 3.1.6 (/opt/ros/humble/share/rosidl_generator_cpp/cmake)
[1.601s] -- Using all available rosidl_typesupport_c: rosidl_typesupport_fastrtps_c;rosidl_typesupport_introspection_c
[1.626s] -- Using all available rosidl_typesupport_cpp: rosidl_typesupport_fastrtps_cpp;rosidl_typesupport_introspection_cpp
[1.692s] -- Found rclcpp: 16.0.11 (/opt/ros/humble/share/rclcpp/cmake)
[1.732s] -- Found rmw_implementation_cmake: 6.1.2 (/opt/ros/humble/share/rmw_implementation_cmake/cmake)
[1.732s] -- Found rmw_fastrtps_cpp: 6.2.7 (/opt/ros/humble/share/rmw_fastrtps_cpp/cmake)
[1.918s] -- Found OpenSSL: /usr/lib/x86_64-linux-gnu/libcrypto.so (found version "3.0.2")  
[1.987s] -- Found FastRTPS: /opt/ros/humble/include  
[2.077s] -- Using RMW implementation 'rmw_fastrtps_cpp' as default
[2.111s] -- Looking for pthread.h
[2.288s] -- Looking for pthread.h - found
[2.288s] -- Performing Test CMAKE_HAVE_LIBC_PTHREAD
[2.398s] -- Performing Test CMAKE_HAVE_LIBC_PTHREAD - Success
[2.400s] -- Found Threads: TRUE  
[2.482s] -- Found ament_lint_auto: 0.12.11 (/opt/ros/humble/share/ament_lint_auto/cmake)
[2.703s] -- Added test 'copyright' to check source files copyright and LICENSE
[2.703s] -- Added test 'cppcheck' to perform static code analysis on C / C++ code
[2.704s] -- Configured cppcheck include dirs: 
[2.704s] -- Configured cppcheck exclude dirs and/or files: 
[2.704s] -- Added test 'cpplint' to check C / C++ code against the Google style
[2.704s] -- Configured cpplint exclude dirs and/or files: 
[2.704s] -- Added test 'lint_cmake' to check CMake code style
[2.704s] -- Added test 'uncrustify' to check C / C++ code style
[2.704s] -- Configured uncrustify additional arguments: 
[2.704s] -- Added test 'xmllint' to check XML markup files
[2.705s] -- Configuring done
[2.737s] -- Generating done
[2.745s] -- Build files have been written to: /home/marco/projects/ros/build/examples_rclcpp_minimal_client
[2.787s] Invoked command in '/home/marco/projects/ros/build/examples_rclcpp_minimal_client' returned '0': CMAKE_PREFIX_PATH=${CMAKE_PREFIX_PATH}:/opt/ros/humble /usr/bin/cmake /home/marco/projects/ros/catkin_ws/src/src/examples/rclcpp/services/minimal_client -DCMAKE_INSTALL_PREFIX=/home/marco/projects/ros/install/examples_rclcpp_minimal_client
[2.788s] Invoking command in '/home/marco/projects/ros/build/examples_rclcpp_minimal_client': CMAKE_PREFIX_PATH=${CMAKE_PREFIX_PATH}:/opt/ros/humble /usr/bin/cmake --build /home/marco/projects/ros/build/examples_rclcpp_minimal_client -- -j4 -l4
[2.945s] [ 50%] [32mBuilding CXX object CMakeFiles/client_main.dir/main.cpp.o[0m
[11.771s] [100%] [32m[1mLinking CXX executable client_main[0m
[12.314s] [100%] Built target client_main
[12.347s] Invoked command in '/home/marco/projects/ros/build/examples_rclcpp_minimal_client' returned '0': CMAKE_PREFIX_PATH=${CMAKE_PREFIX_PATH}:/opt/ros/humble /usr/bin/cmake --build /home/marco/projects/ros/build/examples_rclcpp_minimal_client -- -j4 -l4
[12.349s] Invoking command in '/home/marco/projects/ros/build/examples_rclcpp_minimal_client': CMAKE_PREFIX_PATH=${CMAKE_PREFIX_PATH}:/opt/ros/humble /usr/bin/cmake --install /home/marco/projects/ros/build/examples_rclcpp_minimal_client
[12.366s] -- Install configuration: ""
[12.367s] -- Installing: /home/marco/projects/ros/install/examples_rclcpp_minimal_client/lib/examples_rclcpp_minimal_client/client_main
[12.375s] -- Set runtime path of "/home/marco/projects/ros/install/examples_rclcpp_minimal_client/lib/examples_rclcpp_minimal_client/client_main" to ""
[12.375s] -- Installing: /home/marco/projects/ros/install/examples_rclcpp_minimal_client/share/ament_index/resource_index/package_run_dependencies/examples_rclcpp_minimal_client
[12.375s] -- Installing: /home/marco/projects/ros/install/examples_rclcpp_minimal_client/share/ament_index/resource_index/parent_prefix_path/examples_rclcpp_minimal_client
[12.378s] -- Installing: /home/marco/projects/ros/install/examples_rclcpp_minimal_client/share/examples_rclcpp_minimal_client/environment/ament_prefix_path.sh
[12.378s] -- Installing: /home/marco/projects/ros/install/examples_rclcpp_minimal_client/share/examples_rclcpp_minimal_client/environment/ament_prefix_path.dsv
[12.378s] -- Installing: /home/marco/projects/ros/install/examples_rclcpp_minimal_client/share/examples_rclcpp_minimal_client/environment/path.sh
[12.378s] -- Installing: /home/marco/projects/ros/install/examples_rclcpp_minimal_client/share/examples_rclcpp_minimal_client/environment/path.dsv
[12.378s] -- Installing: /home/marco/projects/ros/install/examples_rclcpp_minimal_client/share/examples_rclcpp_minimal_client/local_setup.bash
[12.378s] -- Installing: /home/marco/projects/ros/install/examples_rclcpp_minimal_client/share/examples_rclcpp_minimal_client/local_setup.sh
[12.379s] -- Installing: /home/marco/projects/ros/install/examples_rclcpp_minimal_client/share/examples_rclcpp_minimal_client/local_setup.zsh
[12.379s] -- Installing: /home/marco/projects/ros/install/examples_rclcpp_minimal_client/share/examples_rclcpp_minimal_client/local_setup.dsv
[12.379s] -- Installing: /home/marco/projects/ros/install/examples_rclcpp_minimal_client/share/examples_rclcpp_minimal_client/package.dsv
[12.379s] -- Installing: /home/marco/projects/ros/install/examples_rclcpp_minimal_client/share/ament_index/resource_index/packages/examples_rclcpp_minimal_client
[12.379s] -- Installing: /home/marco/projects/ros/install/examples_rclcpp_minimal_client/share/examples_rclcpp_minimal_client/cmake/examples_rclcpp_minimal_clientConfig.cmake
[12.379s] -- Installing: /home/marco/projects/ros/install/examples_rclcpp_minimal_client/share/examples_rclcpp_minimal_client/cmake/examples_rclcpp_minimal_clientConfig-version.cmake
[12.379s] -- Installing: /home/marco/projects/ros/install/examples_rclcpp_minimal_client/share/examples_rclcpp_minimal_client/package.xml
[12.388s] Invoked command in '/home/marco/projects/ros/build/examples_rclcpp_minimal_client' returned '0': CMAKE_PREFIX_PATH=${CMAKE_PREFIX_PATH}:/opt/ros/humble /usr/bin/cmake --install /home/marco/projects/ros/build/examples_rclcpp_minimal_client
