[0.744s] Invoking command in '/home/marco/projects/ros/catkin_ws/src/src/examples/rclpy/guard_conditions': PYTHONPATH=/home/marco/projects/ros/build/examples_rclpy_guard_conditions/prefix_override:/usr/lib/python3/dist-packages/colcon_core/task/python/colcon_distutils_commands:/home/marco/projects/ros/install/examples_rclpy_guard_conditions/lib/python3.10/site-packages:${PYTHONPATH} /usr/bin/python3 -W ignore:setup.py install is deprecated -W ignore:easy_install command is deprecated setup.py egg_info --egg-base ../../../../../../build/examples_rclpy_guard_conditions build --build-base /home/marco/projects/ros/build/examples_rclpy_guard_conditions/build install --record /home/marco/projects/ros/build/examples_rclpy_guard_conditions/install.log --single-version-externally-managed install_data
[1.043s] running egg_info
[1.043s] creating ../../../../../../build/examples_rclpy_guard_conditions/examples_rclpy_guard_conditions.egg-info
[1.043s] writing ../../../../../../build/examples_rclpy_guard_conditions/examples_rclpy_guard_conditions.egg-info/PKG-INFO
[1.043s] writing dependency_links to ../../../../../../build/examples_rclpy_guard_conditions/examples_rclpy_guard_conditions.egg-info/dependency_links.txt
[1.043s] writing entry points to ../../../../../../build/examples_rclpy_guard_conditions/examples_rclpy_guard_conditions.egg-info/entry_points.txt
[1.043s] writing requirements to ../../../../../../build/examples_rclpy_guard_conditions/examples_rclpy_guard_conditions.egg-info/requires.txt
[1.043s] writing top-level names to ../../../../../../build/examples_rclpy_guard_conditions/examples_rclpy_guard_conditions.egg-info/top_level.txt
[1.044s] writing manifest file '../../../../../../build/examples_rclpy_guard_conditions/examples_rclpy_guard_conditions.egg-info/SOURCES.txt'
[1.047s] reading manifest file '../../../../../../build/examples_rclpy_guard_conditions/examples_rclpy_guard_conditions.egg-info/SOURCES.txt'
[1.047s] writing manifest file '../../../../../../build/examples_rclpy_guard_conditions/examples_rclpy_guard_conditions.egg-info/SOURCES.txt'
[1.047s] running build
[1.047s] running build_py
[1.048s] creating /home/marco/projects/ros/build/examples_rclpy_guard_conditions/build
[1.048s] creating /home/marco/projects/ros/build/examples_rclpy_guard_conditions/build/lib
[1.048s] creating /home/marco/projects/ros/build/examples_rclpy_guard_conditions/build/lib/examples_rclpy_guard_conditions
[1.048s] copying examples_rclpy_guard_conditions/__init__.py -> /home/marco/projects/ros/build/examples_rclpy_guard_conditions/build/lib/examples_rclpy_guard_conditions
[1.048s] copying examples_rclpy_guard_conditions/trigger_guard_condition.py -> /home/marco/projects/ros/build/examples_rclpy_guard_conditions/build/lib/examples_rclpy_guard_conditions
[1.049s] running install
[1.050s] running install_lib
[1.050s] creating /home/marco/projects/ros/install/examples_rclpy_guard_conditions/lib/python3.10/site-packages/examples_rclpy_guard_conditions
[1.050s] copying /home/marco/projects/ros/build/examples_rclpy_guard_conditions/build/lib/examples_rclpy_guard_conditions/__init__.py -> /home/marco/projects/ros/install/examples_rclpy_guard_conditions/lib/python3.10/site-packages/examples_rclpy_guard_conditions
[1.051s] copying /home/marco/projects/ros/build/examples_rclpy_guard_conditions/build/lib/examples_rclpy_guard_conditions/trigger_guard_condition.py -> /home/marco/projects/ros/install/examples_rclpy_guard_conditions/lib/python3.10/site-packages/examples_rclpy_guard_conditions
[1.051s] byte-compiling /home/marco/projects/ros/install/examples_rclpy_guard_conditions/lib/python3.10/site-packages/examples_rclpy_guard_conditions/__init__.py to __init__.cpython-310.pyc
[1.052s] byte-compiling /home/marco/projects/ros/install/examples_rclpy_guard_conditions/lib/python3.10/site-packages/examples_rclpy_guard_conditions/trigger_guard_condition.py to trigger_guard_condition.cpython-310.pyc
[1.052s] running install_data
[1.052s] creating /home/marco/projects/ros/install/examples_rclpy_guard_conditions/share/ament_index
[1.053s] creating /home/marco/projects/ros/install/examples_rclpy_guard_conditions/share/ament_index/resource_index
[1.053s] creating /home/marco/projects/ros/install/examples_rclpy_guard_conditions/share/ament_index/resource_index/packages
[1.053s] copying resource/examples_rclpy_guard_conditions -> /home/marco/projects/ros/install/examples_rclpy_guard_conditions/share/ament_index/resource_index/packages
[1.053s] copying package.xml -> /home/marco/projects/ros/install/examples_rclpy_guard_conditions/share/examples_rclpy_guard_conditions
[1.055s] running install_egg_info
[1.056s] Copying ../../../../../../build/examples_rclpy_guard_conditions/examples_rclpy_guard_conditions.egg-info to /home/marco/projects/ros/install/examples_rclpy_guard_conditions/lib/python3.10/site-packages/examples_rclpy_guard_conditions-0.15.3-py3.10.egg-info
[1.056s] running install_scripts
[1.082s] Installing trigger_guard_condition script to /home/marco/projects/ros/install/examples_rclpy_guard_conditions/lib/examples_rclpy_guard_conditions
[1.083s] writing list of installed files to '/home/marco/projects/ros/build/examples_rclpy_guard_conditions/install.log'
[1.122s] Invoked command in '/home/marco/projects/ros/catkin_ws/src/src/examples/rclpy/guard_conditions' returned '0': PYTHONPATH=/home/marco/projects/ros/build/examples_rclpy_guard_conditions/prefix_override:/usr/lib/python3/dist-packages/colcon_core/task/python/colcon_distutils_commands:/home/marco/projects/ros/install/examples_rclpy_guard_conditions/lib/python3.10/site-packages:${PYTHONPATH} /usr/bin/python3 -W ignore:setup.py install is deprecated -W ignore:easy_install command is deprecated setup.py egg_info --egg-base ../../../../../../build/examples_rclpy_guard_conditions build --build-base /home/marco/projects/ros/build/examples_rclpy_guard_conditions/build install --record /home/marco/projects/ros/build/examples_rclpy_guard_conditions/install.log --single-version-externally-managed install_data
