[0.019s] Invoking command in '/home/marco/projects/ros/build/examples_rclcpp_minimal_publisher': CMAKE_PREFIX_PATH=${CMAKE_PREFIX_PATH}:/opt/ros/humble /usr/bin/cmake /home/marco/projects/ros/catkin_ws/src/src/examples/rclcpp/topics/minimal_publisher -DCMAKE_INSTALL_PREFIX=/home/marco/projects/ros/install/examples_rclcpp_minimal_publisher
[0.243s] -- The C compiler identification is GNU 11.4.0
[0.396s] -- The CXX compiler identification is GNU 11.4.0
[0.409s] -- Detecting C compiler ABI info
[0.494s] -- Detecting C compiler ABI info - done
[0.506s] -- Check for working C compiler: /usr/bin/cc - skipped
[0.506s] -- Detecting C compile features
[0.506s] -- Detecting C compile features - done
[0.512s] -- Detecting CXX compiler ABI info
[0.643s] -- Detecting CXX compiler ABI info - done
[0.660s] -- Check for working CXX compiler: /usr/bin/c++ - skipped
[0.660s] -- Detecting CXX compile features
[0.661s] -- Detecting CXX compile features - done
[0.667s] -- Found ament_cmake: 1.3.11 (/opt/ros/humble/share/ament_cmake/cmake)
[0.840s] -- Found Python3: /usr/bin/python3 (found version "3.10.12") found components: Interpreter 
[0.937s] -- Found rclcpp: 16.0.11 (/opt/ros/humble/share/rclcpp/cmake)
[0.976s] -- Found rosidl_generator_c: 3.1.6 (/opt/ros/humble/share/rosidl_generator_c/cmake)
[0.981s] -- Found rosidl_adapter: 3.1.6 (/opt/ros/humble/share/rosidl_adapter/cmake)
[0.989s] -- Found rosidl_generator_cpp: 3.1.6 (/opt/ros/humble/share/rosidl_generator_cpp/cmake)
[1.003s] -- Using all available rosidl_typesupport_c: rosidl_typesupport_fastrtps_c;rosidl_typesupport_introspection_c
[1.019s] -- Using all available rosidl_typesupport_cpp: rosidl_typesupport_fastrtps_cpp;rosidl_typesupport_introspection_cpp
[1.063s] -- Found rmw_implementation_cmake: 6.1.2 (/opt/ros/humble/share/rmw_implementation_cmake/cmake)
[1.065s] -- Found rmw_fastrtps_cpp: 6.2.7 (/opt/ros/humble/share/rmw_fastrtps_cpp/cmake)
[1.196s] -- Found OpenSSL: /usr/lib/x86_64-linux-gnu/libcrypto.so (found version "3.0.2")  
[1.283s] -- Found FastRTPS: /opt/ros/humble/include  
[1.376s] -- Using RMW implementation 'rmw_fastrtps_cpp' as default
[1.392s] -- Looking for pthread.h
[1.548s] -- Looking for pthread.h - found
[1.549s] -- Performing Test CMAKE_HAVE_LIBC_PTHREAD
[1.709s] -- Performing Test CMAKE_HAVE_LIBC_PTHREAD - Success
[1.711s] -- Found Threads: TRUE  
[1.831s] -- Found ament_lint_auto: 0.12.11 (/opt/ros/humble/share/ament_lint_auto/cmake)
[1.937s] -- Added test 'copyright' to check source files copyright and LICENSE
[1.939s] -- Added test 'cppcheck' to perform static code analysis on C / C++ code
[1.940s] -- Configured cppcheck include dirs: 
[1.940s] -- Configured cppcheck exclude dirs and/or files: 
[1.941s] -- Added test 'cpplint' to check C / C++ code against the Google style
[1.942s] -- Configured cpplint exclude dirs and/or files: 
[1.944s] -- Added test 'lint_cmake' to check CMake code style
[1.944s] -- Added test 'uncrustify' to check C / C++ code style
[1.944s] -- Configured uncrustify additional arguments: 
[1.945s] -- Added test 'xmllint' to check XML markup files
[1.950s] -- Configuring done
[1.972s] -- Generating done
[1.983s] -- Build files have been written to: /home/marco/projects/ros/build/examples_rclcpp_minimal_publisher
[1.998s] Invoked command in '/home/marco/projects/ros/build/examples_rclcpp_minimal_publisher' returned '0': CMAKE_PREFIX_PATH=${CMAKE_PREFIX_PATH}:/opt/ros/humble /usr/bin/cmake /home/marco/projects/ros/catkin_ws/src/src/examples/rclcpp/topics/minimal_publisher -DCMAKE_INSTALL_PREFIX=/home/marco/projects/ros/install/examples_rclcpp_minimal_publisher
[1.999s] Invoking command in '/home/marco/projects/ros/build/examples_rclcpp_minimal_publisher': CMAKE_PREFIX_PATH=${CMAKE_PREFIX_PATH}:/opt/ros/humble /usr/bin/cmake --build /home/marco/projects/ros/build/examples_rclcpp_minimal_publisher -- -j4 -l4
[2.066s] [  8%] [32mBuilding CXX object CMakeFiles/publisher_lambda.dir/lambda.cpp.o[0m
[7.500s] [ 16%] [32m[1mLinking CXX executable publisher_lambda[0m
[7.725s] [ 16%] Built target publisher_lambda
[7.748s] [ 25%] [32mBuilding CXX object CMakeFiles/publisher_member_function_with_unique_network_flow_endpoints.dir/member_function_with_unique_network_flow_endpoints.cpp.o[0m
[12.997s] [ 33%] [32m[1mLinking CXX executable publisher_member_function_with_unique_network_flow_endpoints[0m
[13.225s] [ 33%] Built target publisher_member_function_with_unique_network_flow_endpoints
[13.256s] [ 41%] [32mBuilding CXX object CMakeFiles/publisher_wait_for_all_acked.dir/member_function_with_wait_for_all_acked.cpp.o[0m
[18.530s] [ 50%] [32m[1mLinking CXX executable publisher_wait_for_all_acked[0m
[18.778s] [ 50%] Built target publisher_wait_for_all_acked
[18.796s] [ 58%] [32mBuilding CXX object CMakeFiles/publisher_not_composable.dir/not_composable.cpp.o[0m
[23.617s] [ 66%] [32m[1mLinking CXX executable publisher_not_composable[0m
[23.831s] [ 66%] Built target publisher_not_composable
[23.852s] [ 75%] [32mBuilding CXX object CMakeFiles/publisher_member_function_with_type_adapter.dir/member_function_with_type_adapter.cpp.o[0m
[28.876s] [ 83%] [32m[1mLinking CXX executable publisher_member_function_with_type_adapter[0m
[29.125s] [ 83%] Built target publisher_member_function_with_type_adapter
[29.145s] [ 91%] [32mBuilding CXX object CMakeFiles/publisher_member_function.dir/member_function.cpp.o[0m
[34.197s] [100%] [32m[1mLinking CXX executable publisher_member_function[0m
[34.413s] [100%] Built target publisher_member_function
[34.425s] Invoked command in '/home/marco/projects/ros/build/examples_rclcpp_minimal_publisher' returned '0': CMAKE_PREFIX_PATH=${CMAKE_PREFIX_PATH}:/opt/ros/humble /usr/bin/cmake --build /home/marco/projects/ros/build/examples_rclcpp_minimal_publisher -- -j4 -l4
[34.426s] Invoking command in '/home/marco/projects/ros/build/examples_rclcpp_minimal_publisher': CMAKE_PREFIX_PATH=${CMAKE_PREFIX_PATH}:/opt/ros/humble /usr/bin/cmake --install /home/marco/projects/ros/build/examples_rclcpp_minimal_publisher
[34.435s] -- Install configuration: ""
[34.435s] -- Installing: /home/marco/projects/ros/install/examples_rclcpp_minimal_publisher/lib/examples_rclcpp_minimal_publisher/publisher_lambda
[34.436s] -- Set runtime path of "/home/marco/projects/ros/install/examples_rclcpp_minimal_publisher/lib/examples_rclcpp_minimal_publisher/publisher_lambda" to ""
[34.438s] -- Installing: /home/marco/projects/ros/install/examples_rclcpp_minimal_publisher/lib/examples_rclcpp_minimal_publisher/publisher_member_function
[34.438s] -- Set runtime path of "/home/marco/projects/ros/install/examples_rclcpp_minimal_publisher/lib/examples_rclcpp_minimal_publisher/publisher_member_function" to ""
[34.438s] -- Installing: /home/marco/projects/ros/install/examples_rclcpp_minimal_publisher/lib/examples_rclcpp_minimal_publisher/publisher_member_function_with_type_adapter
[34.438s] -- Set runtime path of "/home/marco/projects/ros/install/examples_rclcpp_minimal_publisher/lib/examples_rclcpp_minimal_publisher/publisher_member_function_with_type_adapter" to ""
[34.439s] -- Installing: /home/marco/projects/ros/install/examples_rclcpp_minimal_publisher/lib/examples_rclcpp_minimal_publisher/publisher_member_function_with_unique_network_flow_endpoints
[34.439s] -- Set runtime path of "/home/marco/projects/ros/install/examples_rclcpp_minimal_publisher/lib/examples_rclcpp_minimal_publisher/publisher_member_function_with_unique_network_flow_endpoints" to ""
[34.439s] -- Installing: /home/marco/projects/ros/install/examples_rclcpp_minimal_publisher/lib/examples_rclcpp_minimal_publisher/publisher_wait_for_all_acked
[34.440s] -- Set runtime path of "/home/marco/projects/ros/install/examples_rclcpp_minimal_publisher/lib/examples_rclcpp_minimal_publisher/publisher_wait_for_all_acked" to ""
[34.440s] -- Installing: /home/marco/projects/ros/install/examples_rclcpp_minimal_publisher/lib/examples_rclcpp_minimal_publisher/publisher_not_composable
[34.441s] -- Set runtime path of "/home/marco/projects/ros/install/examples_rclcpp_minimal_publisher/lib/examples_rclcpp_minimal_publisher/publisher_not_composable" to ""
[34.441s] -- Installing: /home/marco/projects/ros/install/examples_rclcpp_minimal_publisher/share/ament_index/resource_index/package_run_dependencies/examples_rclcpp_minimal_publisher
[34.442s] -- Installing: /home/marco/projects/ros/install/examples_rclcpp_minimal_publisher/share/ament_index/resource_index/parent_prefix_path/examples_rclcpp_minimal_publisher
[34.442s] -- Installing: /home/marco/projects/ros/install/examples_rclcpp_minimal_publisher/share/examples_rclcpp_minimal_publisher/environment/ament_prefix_path.sh
[34.442s] -- Installing: /home/marco/projects/ros/install/examples_rclcpp_minimal_publisher/share/examples_rclcpp_minimal_publisher/environment/ament_prefix_path.dsv
[34.442s] -- Installing: /home/marco/projects/ros/install/examples_rclcpp_minimal_publisher/share/examples_rclcpp_minimal_publisher/environment/path.sh
[34.442s] -- Installing: /home/marco/projects/ros/install/examples_rclcpp_minimal_publisher/share/examples_rclcpp_minimal_publisher/environment/path.dsv
[34.442s] -- Installing: /home/marco/projects/ros/install/examples_rclcpp_minimal_publisher/share/examples_rclcpp_minimal_publisher/local_setup.bash
[34.442s] -- Installing: /home/marco/projects/ros/install/examples_rclcpp_minimal_publisher/share/examples_rclcpp_minimal_publisher/local_setup.sh
[34.442s] -- Installing: /home/marco/projects/ros/install/examples_rclcpp_minimal_publisher/share/examples_rclcpp_minimal_publisher/local_setup.zsh
[34.443s] -- Installing: /home/marco/projects/ros/install/examples_rclcpp_minimal_publisher/share/examples_rclcpp_minimal_publisher/local_setup.dsv
[34.443s] -- Installing: /home/marco/projects/ros/install/examples_rclcpp_minimal_publisher/share/examples_rclcpp_minimal_publisher/package.dsv
[34.443s] -- Installing: /home/marco/projects/ros/install/examples_rclcpp_minimal_publisher/share/ament_index/resource_index/packages/examples_rclcpp_minimal_publisher
[34.443s] -- Installing: /home/marco/projects/ros/install/examples_rclcpp_minimal_publisher/share/examples_rclcpp_minimal_publisher/cmake/examples_rclcpp_minimal_publisherConfig.cmake
[34.445s] -- Installing: /home/marco/projects/ros/install/examples_rclcpp_minimal_publisher/share/examples_rclcpp_minimal_publisher/cmake/examples_rclcpp_minimal_publisherConfig-version.cmake
[34.445s] -- Installing: /home/marco/projects/ros/install/examples_rclcpp_minimal_publisher/share/examples_rclcpp_minimal_publisher/package.xml
[34.448s] Invoked command in '/home/marco/projects/ros/build/examples_rclcpp_minimal_publisher' returned '0': CMAKE_PREFIX_PATH=${CMAKE_PREFIX_PATH}:/opt/ros/humble /usr/bin/cmake --install /home/marco/projects/ros/build/examples_rclcpp_minimal_publisher
