[0.008s] Invoking command in '/home/marco/projects/ros/build/my_robot_description': CMAKE_PREFIX_PATH=${CMAKE_PREFIX_PATH}:/opt/ros/humble /usr/bin/cmake /home/marco/projects/ros/rso2_ws/src/my_robot_description -DCMAKE_INSTALL_PREFIX=/home/marco/projects/ros/install/my_robot_description
[0.078s] -- The C compiler identification is GNU 11.4.0
[0.138s] -- The CXX compiler identification is GNU 11.4.0
[0.146s] -- Detecting C compiler ABI info
[0.228s] -- Detecting C compiler ABI info - done
[0.237s] -- Check for working C compiler: /usr/bin/cc - skipped
[0.238s] -- Detecting C compile features
[0.238s] -- Detecting C compile features - done
[0.241s] -- Detecting CXX compiler ABI info
[0.322s] -- Detecting CXX compiler ABI info - done
[0.333s] -- Check for working CXX compiler: /usr/bin/c++ - skipped
[0.333s] -- Detecting CXX compile features
[0.334s] -- Detecting CXX compile features - done
[0.339s] -- Found ament_cmake: 1.3.11 (/opt/ros/humble/share/ament_cmake/cmake)
[0.492s] -- Found Python3: /usr/bin/python3 (found version "3.10.12") found components: Interpreter 
[0.655s] -- Configuring done
[0.658s] -- Generating done
[0.660s] -- Build files have been written to: /home/marco/projects/ros/build/my_robot_description
[0.664s] Invoked command in '/home/marco/projects/ros/build/my_robot_description' returned '0': CMAKE_PREFIX_PATH=${CMAKE_PREFIX_PATH}:/opt/ros/humble /usr/bin/cmake /home/marco/projects/ros/rso2_ws/src/my_robot_description -DCMAKE_INSTALL_PREFIX=/home/marco/projects/ros/install/my_robot_description
[0.666s] Invoking command in '/home/marco/projects/ros/build/my_robot_description': CMAKE_PREFIX_PATH=${CMAKE_PREFIX_PATH}:/opt/ros/humble /usr/bin/cmake --build /home/marco/projects/ros/build/my_robot_description -- -j4 -l4
[0.704s] Invoked command in '/home/marco/projects/ros/build/my_robot_description' returned '0': CMAKE_PREFIX_PATH=${CMAKE_PREFIX_PATH}:/opt/ros/humble /usr/bin/cmake --build /home/marco/projects/ros/build/my_robot_description -- -j4 -l4
[0.704s] Invoking command in '/home/marco/projects/ros/build/my_robot_description': CMAKE_PREFIX_PATH=${CMAKE_PREFIX_PATH}:/opt/ros/humble /usr/bin/cmake --install /home/marco/projects/ros/build/my_robot_description
[0.711s] -- Install configuration: ""
[0.711s] -- Installing: /home/marco/projects/ros/install/my_robot_description/share/my_robot_description//urdf
[0.711s] -- Installing: /home/marco/projects/ros/install/my_robot_description/share/my_robot_description//urdf/my_robot.urdf
[0.711s] -- Installing: /home/marco/projects/ros/install/my_robot_description/share/my_robot_description//launch
[0.712s] -- Installing: /home/marco/projects/ros/install/my_robot_description/share/my_robot_description//launch/display.launch.xml
[0.712s] -- Installing: /home/marco/projects/ros/install/my_robot_description/share/ament_index/resource_index/package_run_dependencies/my_robot_description
[0.712s] -- Installing: /home/marco/projects/ros/install/my_robot_description/share/ament_index/resource_index/parent_prefix_path/my_robot_description
[0.712s] -- Installing: /home/marco/projects/ros/install/my_robot_description/share/my_robot_description/environment/ament_prefix_path.sh
[0.712s] -- Installing: /home/marco/projects/ros/install/my_robot_description/share/my_robot_description/environment/ament_prefix_path.dsv
[0.712s] -- Installing: /home/marco/projects/ros/install/my_robot_description/share/my_robot_description/environment/path.sh
[0.713s] -- Installing: /home/marco/projects/ros/install/my_robot_description/share/my_robot_description/environment/path.dsv
[0.713s] -- Installing: /home/marco/projects/ros/install/my_robot_description/share/my_robot_description/local_setup.bash
[0.713s] -- Installing: /home/marco/projects/ros/install/my_robot_description/share/my_robot_description/local_setup.sh
[0.713s] -- Installing: /home/marco/projects/ros/install/my_robot_description/share/my_robot_description/local_setup.zsh
[0.713s] -- Installing: /home/marco/projects/ros/install/my_robot_description/share/my_robot_description/local_setup.dsv
[0.713s] -- Installing: /home/marco/projects/ros/install/my_robot_description/share/my_robot_description/package.dsv
[0.713s] -- Installing: /home/marco/projects/ros/install/my_robot_description/share/ament_index/resource_index/packages/my_robot_description
[0.713s] -- Installing: /home/marco/projects/ros/install/my_robot_description/share/my_robot_description/cmake/my_robot_descriptionConfig.cmake
[0.713s] -- Installing: /home/marco/projects/ros/install/my_robot_description/share/my_robot_description/cmake/my_robot_descriptionConfig-version.cmake
[0.714s] -- Installing: /home/marco/projects/ros/install/my_robot_description/share/my_robot_description/package.xml
[0.717s] Invoked command in '/home/marco/projects/ros/build/my_robot_description' returned '0': CMAKE_PREFIX_PATH=${CMAKE_PREFIX_PATH}:/opt/ros/humble /usr/bin/cmake --install /home/marco/projects/ros/build/my_robot_description
