[0.014s] Invoking command in '/home/marco/projects/ros/rso2_ws/build/my_robot_bringup': CMAKE_PREFIX_PATH=${CMAKE_PREFIX_PATH}:/home/marco/projects/ros/rso2_ws/install/my_robot_controller:/opt/ros/humble /usr/bin/cmake /home/marco/projects/ros/rso2_ws/src/my_robot_bringup -DAMENT_CMAKE_SYMLINK_INSTALL=1 -DCMAKE_INSTALL_PREFIX=/home/marco/projects/ros/rso2_ws/install/my_robot_bringup
[0.213s] -- Found ament_cmake: 1.3.11 (/opt/ros/humble/share/ament_cmake/cmake)
[0.213s] -- Override CMake install command with custom implementation using symlinks instead of copying resources
[0.213s] -- Configuring done
[0.213s] -- Generating done
[0.213s] -- Build files have been written to: /home/marco/projects/ros/rso2_ws/build/my_robot_bringup
[0.219s] Invoked command in '/home/marco/projects/ros/rso2_ws/build/my_robot_bringup' returned '0': CMAKE_PREFIX_PATH=${CMAKE_PREFIX_PATH}:/home/marco/projects/ros/rso2_ws/install/my_robot_controller:/opt/ros/humble /usr/bin/cmake /home/marco/projects/ros/rso2_ws/src/my_robot_bringup -DAMENT_CMAKE_SYMLINK_INSTALL=1 -DCMAKE_INSTALL_PREFIX=/home/marco/projects/ros/rso2_ws/install/my_robot_bringup
[0.219s] Invoking command in '/home/marco/projects/ros/rso2_ws/build/my_robot_bringup': CMAKE_PREFIX_PATH=${CMAKE_PREFIX_PATH}:/home/marco/projects/ros/rso2_ws/install/my_robot_controller:/opt/ros/humble /usr/bin/cmake --build /home/marco/projects/ros/rso2_ws/build/my_robot_bringup -- -j4 -l4
[0.266s] Invoked command in '/home/marco/projects/ros/rso2_ws/build/my_robot_bringup' returned '0': CMAKE_PREFIX_PATH=${CMAKE_PREFIX_PATH}:/home/marco/projects/ros/rso2_ws/install/my_robot_controller:/opt/ros/humble /usr/bin/cmake --build /home/marco/projects/ros/rso2_ws/build/my_robot_bringup -- -j4 -l4
[0.277s] Invoking command in '/home/marco/projects/ros/rso2_ws/build/my_robot_bringup': CMAKE_PREFIX_PATH=${CMAKE_PREFIX_PATH}:/home/marco/projects/ros/rso2_ws/install/my_robot_controller:/opt/ros/humble /usr/bin/cmake --install /home/marco/projects/ros/rso2_ws/build/my_robot_bringup
[0.282s] -- Install configuration: ""
[0.285s] -- Execute custom install script
[0.286s] -- Symlinking: /home/marco/projects/ros/rso2_ws/install/my_robot_bringup/share/my_robot_bringup//launch/my_robot_gazebo.launch.xml
[0.292s] -- Symlinking: /home/marco/projects/ros/rso2_ws/install/my_robot_bringup/share/ament_index/resource_index/package_run_dependencies/my_robot_bringup
[0.299s] -- Symlinking: /home/marco/projects/ros/rso2_ws/install/my_robot_bringup/share/ament_index/resource_index/parent_prefix_path/my_robot_bringup
[0.305s] -- Symlinking: /home/marco/projects/ros/rso2_ws/install/my_robot_bringup/share/my_robot_bringup/environment/ament_prefix_path.sh
[0.312s] -- Symlinking: /home/marco/projects/ros/rso2_ws/install/my_robot_bringup/share/my_robot_bringup/environment/ament_prefix_path.dsv
[0.320s] -- Symlinking: /home/marco/projects/ros/rso2_ws/install/my_robot_bringup/share/my_robot_bringup/environment/path.sh
[0.330s] -- Symlinking: /home/marco/projects/ros/rso2_ws/install/my_robot_bringup/share/my_robot_bringup/environment/path.dsv
[0.341s] -- Symlinking: /home/marco/projects/ros/rso2_ws/install/my_robot_bringup/share/my_robot_bringup/local_setup.bash
[0.351s] -- Symlinking: /home/marco/projects/ros/rso2_ws/install/my_robot_bringup/share/my_robot_bringup/local_setup.sh
[0.359s] -- Symlinking: /home/marco/projects/ros/rso2_ws/install/my_robot_bringup/share/my_robot_bringup/local_setup.zsh
[0.368s] -- Symlinking: /home/marco/projects/ros/rso2_ws/install/my_robot_bringup/share/my_robot_bringup/local_setup.dsv
[0.378s] -- Symlinking: /home/marco/projects/ros/rso2_ws/install/my_robot_bringup/share/my_robot_bringup/package.dsv
[0.388s] -- Symlinking: /home/marco/projects/ros/rso2_ws/install/my_robot_bringup/share/ament_index/resource_index/packages/my_robot_bringup
[0.398s] -- Symlinking: /home/marco/projects/ros/rso2_ws/install/my_robot_bringup/share/my_robot_bringup/cmake/my_robot_bringupConfig.cmake
[0.407s] -- Symlinking: /home/marco/projects/ros/rso2_ws/install/my_robot_bringup/share/my_robot_bringup/cmake/my_robot_bringupConfig-version.cmake
[0.415s] -- Symlinking: /home/marco/projects/ros/rso2_ws/install/my_robot_bringup/share/my_robot_bringup/package.xml
[0.426s] Invoked command in '/home/marco/projects/ros/rso2_ws/build/my_robot_bringup' returned '0': CMAKE_PREFIX_PATH=${CMAKE_PREFIX_PATH}:/home/marco/projects/ros/rso2_ws/install/my_robot_controller:/opt/ros/humble /usr/bin/cmake --install /home/marco/projects/ros/rso2_ws/build/my_robot_bringup
