[0.854s] Invoking command in '/home/marco/projects/ros/catkin_ws/src/build/examples_rclpy_pointcloud_publisher': PYTHONPATH=/home/marco/projects/ros/catkin_ws/src/build/examples_rclpy_pointcloud_publisher/prefix_override:/usr/lib/python3/dist-packages/colcon_core/task/python/colcon_distutils_commands:/home/marco/projects/ros/catkin_ws/src/install/examples_rclpy_pointcloud_publisher/lib/python3.10/site-packages:${PYTHONPATH} /usr/bin/python3 -W ignore:setup.py install is deprecated -W ignore:easy_install command is deprecated setup.py develop --editable --build-directory /home/marco/projects/ros/catkin_ws/src/build/examples_rclpy_pointcloud_publisher/build --no-deps symlink_data
[1.161s] running develop
[1.346s] running egg_info
[1.346s] creating examples_rclpy_pointcloud_publisher.egg-info
[1.351s] writing examples_rclpy_pointcloud_publisher.egg-info/PKG-INFO
[1.352s] writing dependency_links to examples_rclpy_pointcloud_publisher.egg-info/dependency_links.txt
[1.352s] writing entry points to examples_rclpy_pointcloud_publisher.egg-info/entry_points.txt
[1.352s] writing requirements to examples_rclpy_pointcloud_publisher.egg-info/requires.txt
[1.352s] writing top-level names to examples_rclpy_pointcloud_publisher.egg-info/top_level.txt
[1.352s] writing manifest file 'examples_rclpy_pointcloud_publisher.egg-info/SOURCES.txt'
[1.354s] reading manifest file 'examples_rclpy_pointcloud_publisher.egg-info/SOURCES.txt'
[1.354s] writing manifest file 'examples_rclpy_pointcloud_publisher.egg-info/SOURCES.txt'
[1.354s] running build_ext
[1.354s] Creating /home/marco/projects/ros/catkin_ws/src/install/examples_rclpy_pointcloud_publisher/lib/python3.10/site-packages/examples-rclpy-pointcloud-publisher.egg-link (link to .)
[1.354s] Installing pointcloud_publisher script to /home/marco/projects/ros/catkin_ws/src/install/examples_rclpy_pointcloud_publisher/lib/examples_rclpy_pointcloud_publisher
[1.354s] 
[1.354s] Installed /home/marco/projects/ros/catkin_ws/src/build/examples_rclpy_pointcloud_publisher
[1.354s] running symlink_data
[1.354s] creating /home/marco/projects/ros/catkin_ws/src/install/examples_rclpy_pointcloud_publisher/share/ament_index
[1.354s] creating /home/marco/projects/ros/catkin_ws/src/install/examples_rclpy_pointcloud_publisher/share/ament_index/resource_index
[1.354s] creating /home/marco/projects/ros/catkin_ws/src/install/examples_rclpy_pointcloud_publisher/share/ament_index/resource_index/packages
[1.355s] symbolically linking /home/marco/projects/ros/catkin_ws/src/build/examples_rclpy_pointcloud_publisher/resource/examples_rclpy_pointcloud_publisher -> /home/marco/projects/ros/catkin_ws/src/install/examples_rclpy_pointcloud_publisher/share/ament_index/resource_index/packages
[1.355s] symbolically linking /home/marco/projects/ros/catkin_ws/src/build/examples_rclpy_pointcloud_publisher/package.xml -> /home/marco/projects/ros/catkin_ws/src/install/examples_rclpy_pointcloud_publisher/share/examples_rclpy_pointcloud_publisher
[1.392s] Invoked command in '/home/marco/projects/ros/catkin_ws/src/build/examples_rclpy_pointcloud_publisher' returned '0': PYTHONPATH=/home/marco/projects/ros/catkin_ws/src/build/examples_rclpy_pointcloud_publisher/prefix_override:/usr/lib/python3/dist-packages/colcon_core/task/python/colcon_distutils_commands:/home/marco/projects/ros/catkin_ws/src/install/examples_rclpy_pointcloud_publisher/lib/python3.10/site-packages:${PYTHONPATH} /usr/bin/python3 -W ignore:setup.py install is deprecated -W ignore:easy_install command is deprecated setup.py develop --editable --build-directory /home/marco/projects/ros/catkin_ws/src/build/examples_rclpy_pointcloud_publisher/build --no-deps symlink_data
