[0.012s] Invoking command in '/home/marco/projects/ros/rso2_ws/build/my_robot_description': CMAKE_PREFIX_PATH=${CMAKE_PREFIX_PATH}:/opt/ros/humble /usr/bin/cmake --build /home/marco/projects/ros/rso2_ws/build/my_robot_description -- -j4 -l4
[0.047s] Invoked command in '/home/marco/projects/ros/rso2_ws/build/my_robot_description' returned '0': CMAKE_PREFIX_PATH=${CMAKE_PREFIX_PATH}:/opt/ros/humble /usr/bin/cmake --build /home/marco/projects/ros/rso2_ws/build/my_robot_description -- -j4 -l4
[0.054s] Invoking command in '/home/marco/projects/ros/rso2_ws/build/my_robot_description': CMAKE_PREFIX_PATH=${CMAKE_PREFIX_PATH}:/opt/ros/humble /usr/bin/cmake --install /home/marco/projects/ros/rso2_ws/build/my_robot_description
[0.060s] -- Install configuration: ""
[0.060s] -- Up-to-date: /home/marco/projects/ros/rso2_ws/install/my_robot_description/share/my_robot_description//urdf
[0.060s] -- Up-to-date: /home/marco/projects/ros/rso2_ws/install/my_robot_description/share/my_robot_description//urdf/my_robot.urdf
[0.060s] -- Up-to-date: /home/marco/projects/ros/rso2_ws/install/my_robot_description/share/my_robot_description//urdf/drone.urdf
[0.060s] -- Up-to-date: /home/marco/projects/ros/rso2_ws/install/my_robot_description/share/my_robot_description//launch
[0.060s] -- Installing: /home/marco/projects/ros/rso2_ws/install/my_robot_description/share/my_robot_description//launch/display.launch.py
[0.061s] -- Up-to-date: /home/marco/projects/ros/rso2_ws/install/my_robot_description/share/my_robot_description//launch/.vscode
[0.061s] -- Up-to-date: /home/marco/projects/ros/rso2_ws/install/my_robot_description/share/my_robot_description//launch/.vscode/c_cpp_properties.json
[0.061s] -- Up-to-date: /home/marco/projects/ros/rso2_ws/install/my_robot_description/share/my_robot_description//launch/.vscode/settings.json
[0.061s] -- Up-to-date: /home/marco/projects/ros/rso2_ws/install/my_robot_description/share/my_robot_description//launch/display.launch.xml
[0.061s] -- Up-to-date: /home/marco/projects/ros/rso2_ws/install/my_robot_description/share/ament_index/resource_index/package_run_dependencies/my_robot_description
[0.061s] -- Up-to-date: /home/marco/projects/ros/rso2_ws/install/my_robot_description/share/ament_index/resource_index/parent_prefix_path/my_robot_description
[0.061s] -- Up-to-date: /home/marco/projects/ros/rso2_ws/install/my_robot_description/share/my_robot_description/environment/ament_prefix_path.sh
[0.061s] -- Up-to-date: /home/marco/projects/ros/rso2_ws/install/my_robot_description/share/my_robot_description/environment/ament_prefix_path.dsv
[0.061s] -- Up-to-date: /home/marco/projects/ros/rso2_ws/install/my_robot_description/share/my_robot_description/environment/path.sh
[0.062s] -- Up-to-date: /home/marco/projects/ros/rso2_ws/install/my_robot_description/share/my_robot_description/environment/path.dsv
[0.062s] -- Up-to-date: /home/marco/projects/ros/rso2_ws/install/my_robot_description/share/my_robot_description/local_setup.bash
[0.062s] -- Up-to-date: /home/marco/projects/ros/rso2_ws/install/my_robot_description/share/my_robot_description/local_setup.sh
[0.062s] -- Up-to-date: /home/marco/projects/ros/rso2_ws/install/my_robot_description/share/my_robot_description/local_setup.zsh
[0.062s] -- Up-to-date: /home/marco/projects/ros/rso2_ws/install/my_robot_description/share/my_robot_description/local_setup.dsv
[0.062s] -- Installing: /home/marco/projects/ros/rso2_ws/install/my_robot_description/share/my_robot_description/package.dsv
[0.062s] -- Up-to-date: /home/marco/projects/ros/rso2_ws/install/my_robot_description/share/ament_index/resource_index/packages/my_robot_description
[0.062s] -- Up-to-date: /home/marco/projects/ros/rso2_ws/install/my_robot_description/share/my_robot_description/cmake/my_robot_descriptionConfig.cmake
[0.062s] -- Up-to-date: /home/marco/projects/ros/rso2_ws/install/my_robot_description/share/my_robot_description/cmake/my_robot_descriptionConfig-version.cmake
[0.062s] -- Up-to-date: /home/marco/projects/ros/rso2_ws/install/my_robot_description/share/my_robot_description/package.xml
[0.063s] Invoked command in '/home/marco/projects/ros/rso2_ws/build/my_robot_description' returned '0': CMAKE_PREFIX_PATH=${CMAKE_PREFIX_PATH}:/opt/ros/humble /usr/bin/cmake --install /home/marco/projects/ros/rso2_ws/build/my_robot_description
